======== ./prev/00.mp3
ExifTool Version Number         : 13.44
File Name                       : 00.mp3
Directory                       : ./prev
File Size                       : 968 kB
File Modification Date/Time     : 2026:01:12 07:17:14-06:00
File Access Date/Time           : 2026:01:12 08:22:42-06:00
File Inode Change Date/Time     : 2026:01:12 07:18:00-06:00
File Permissions                : -rw-r--r--
File Type                       : MP3
File Type Extension             : mp3
MIME Type                       : audio/mpeg
MPEG Audio Version              : 1
Audio Layer                     : 3
Audio Bitrate                   : 128 kbps
Sample Rate                     : 44100
Channel Mode                    : Stereo
MS Stereo                       : Off
Intensity Stereo                : Off
Copyright Flag                  : False
Original Media                  : False
Emphasis                        : None
ID3 Size                        : 44
Encoder Settings                : Lavf62.3.100
Duration                        : 0:01:01 (approx)
======== ./prev/01_preview.mp3
ExifTool Version Number         : 13.44
File Name                       : 01_preview.mp3
Directory                       : ./prev
File Size                       : 193 kB
File Modification Date/Time     : 2026:01:08 04:35:07-06:00
File Access Date/Time           : 2026:01:11 16:31:20-06:00
File Inode Change Date/Time     : 2026:01:08 04:44:28-06:00
File Permissions                : -rw-r--r--
File Type                       : MP3
File Type Extension             : mp3
MIME Type                       : audio/mpeg
MPEG Audio Version              : 1
Audio Layer                     : 3
Audio Bitrate                   : 128 kbps
Sample Rate                     : 44100
Channel Mode                    : Single Channel
MS Stereo                       : Off
Intensity Stereo                : Off
Copyright Flag                  : False
Original Media                  : False
Emphasis                        : None
ID3 Size                        : 259
Title                           : Untitled
Album                           : Satanic Connection Between UNIX¬Æ And The Underworld
Artist                          : DJ Speedsick
Band                            : DJ Speedsick
Composer                        : DJ Speedsick
Genre                           : Electronic
Recording Time                  : 2024:07:03
Track                           : 1/7
Encoder Settings                : Lavf62.3.100
Date/Time Original              : 2024:07:03
Duration                        : 12.07 s (approx)
======== ./prev/01.mp3
ExifTool Version Number         : 13.44
File Name                       : 01.mp3
Directory                       : ./prev
File Size                       : 484 kB
File Modification Date/Time     : 2026:01:12 07:17:15-06:00
File Access Date/Time           : 2026:01:12 08:22:42-06:00
File Inode Change Date/Time     : 2026:01:12 07:18:00-06:00
File Permissions                : -rw-r--r--
File Type                       : MP3
File Type Extension             : mp3
MIME Type                       : audio/mpeg
MPEG Audio Version              : 1
Audio Layer                     : 3
Audio Bitrate                   : 128 kbps
Sample Rate                     : 44100
Channel Mode                    : Stereo
MS Stereo                       : Off
Intensity Stereo                : Off
Copyright Flag                  : False
Original Media                  : False
Emphasis                        : None
ID3 Size                        : 44
Encoder Settings                : Lavf62.3.100
Duration                        : 0:00:30 (approx)
======== ./prev/02_preview.mp3
ExifTool Version Number         : 13.44
File Name                       : 02_preview.mp3
Directory                       : ./prev
File Size                       : 258 kB
File Modification Date/Time     : 2026:01:08 04:15:28-06:00
File Access Date/Time           : 2026:01:11 16:31:20-06:00
File Inode Change Date/Time     : 2026:01:08 04:44:28-06:00
File Permissions                : -rw-r--r--
File Type                       : MP3
File Type Extension             : mp3
MIME Type                       : audio/mpeg
MPEG Audio Version              : 1
Audio Layer                     : 3
Audio Bitrate                   : 128 kbps
Sample Rate                     : 44100
Channel Mode                    : Single Channel
MS Stereo                       : Off
Intensity Stereo                : Off
Copyright Flag                  : False
Original Media                  : False
Emphasis                        : None
ID3 Size                        : 460
Recording Time                  : 2024
Title                           : audio
Artist                          : DJ Speedsick
Album                           : Samples & Loops
Genre                           : Electronic
Track                           : 1/33
I Tunes CDDB Track Number       : 1
Band                            : DJ Speedsick
I Tunes CDDB 1                  : 3F013521+605+33+1572+1772+3302+4742+6182+7622+9949+10539+11129+11649+12238+12828+13418+14008+14598+15188+15764+16342+16928+17518+18140+18584+19174+19693+20278+20794+21311+21643+22256+22567+23112+23836+24260
Encoder Settings                : Lavf62.3.100
Date/Time Original              : 2024
Duration                        : 16.07 s (approx)
======== ./prev/02.mp3
ExifTool Version Number         : 13.44
File Name                       : 02.mp3
Directory                       : ./prev
File Size                       : 484 kB
File Modification Date/Time     : 2026:01:12 07:17:16-06:00
File Access Date/Time           : 2026:01:12 08:22:42-06:00
File Inode Change Date/Time     : 2026:01:12 07:18:00-06:00
File Permissions                : -rw-r--r--
File Type                       : MP3
File Type Extension             : mp3
MIME Type                       : audio/mpeg
MPEG Audio Version              : 1
Audio Layer                     : 3
Audio Bitrate                   : 128 kbps
Sample Rate                     : 44100
Channel Mode                    : Stereo
MS Stereo                       : Off
Intensity Stereo                : Off
Copyright Flag                  : False
Original Media                  : False
Emphasis                        : None
ID3 Size                        : 44
Encoder Settings                : Lavf62.3.100
Duration                        : 0:00:30 (approx)
======== ./prev/03_preview.mp3
ExifTool Version Number         : 13.44
File Name                       : 03_preview.mp3
Directory                       : ./prev
File Size                       : 257 kB
File Modification Date/Time     : 2026:01:08 04:05:49-06:00
File Access Date/Time           : 2026:01:11 16:31:20-06:00
File Inode Change Date/Time     : 2026:01:08 04:44:28-06:00
File Permissions                : -rw-r--r--
File Type                       : MP3
File Type Extension             : mp3
MIME Type                       : audio/mpeg
MPEG Audio Version              : 1
Audio Layer                     : 3
Audio Bitrate                   : 128 kbps
Sample Rate                     : 44100
Channel Mode                    : Single Channel
MS Stereo                       : Off
Intensity Stereo                : Off
Copyright Flag                  : False
Original Media                  : False
Emphasis                        : None
ID3 Size                        : 271
I Tunes CDDB Track Number       : 1
Title                           : Trick of the Eye
Artist                          : Jacob WInans
Album                           : Trick of the Eye
Composer                        : Jacob WInans
Track                           : 1/1
Band                            : Jacob Winans
I Tunes CDDB 1                  : 0A00E301+23207+1+6194
Encoder Settings                : Lavf62.3.100
Duration                        : 16.07 s (approx)
======== ./prev/03.mp3
ExifTool Version Number         : 13.44
File Name                       : 03.mp3
Directory                       : ./prev
File Size                       : 565 kB
File Modification Date/Time     : 2026:01:12 07:17:17-06:00
File Access Date/Time           : 2026:01:12 08:22:42-06:00
File Inode Change Date/Time     : 2026:01:12 07:18:00-06:00
File Permissions                : -rw-r--r--
File Type                       : MP3
File Type Extension             : mp3
MIME Type                       : audio/mpeg
MPEG Audio Version              : 1
Audio Layer                     : 3
Audio Bitrate                   : 128 kbps
Sample Rate                     : 44100
Channel Mode                    : Stereo
MS Stereo                       : Off
Intensity Stereo                : Off
Copyright Flag                  : False
Original Media                  : False
Emphasis                        : None
ID3 Size                        : 44
Encoder Settings                : Lavf62.3.100
Duration                        : 0:00:35 (approx)
======== ./prev/04_preview.mp3
ExifTool Version Number         : 13.44
File Name                       : 04_preview.mp3
Directory                       : ./prev
File Size                       : 145 kB
File Modification Date/Time     : 2026:01:08 04:35:05-06:00
File Access Date/Time           : 2026:01:11 16:31:20-06:00
File Inode Change Date/Time     : 2026:01:08 04:44:28-06:00
File Permissions                : -rw-r--r--
File Type                       : MP3
File Type Extension             : mp3
MIME Type                       : audio/mpeg
MPEG Audio Version              : 1
Audio Layer                     : 3
Audio Bitrate                   : 128 kbps
Sample Rate                     : 44100
Channel Mode                    : Single Channel
MS Stereo                       : Off
Intensity Stereo                : Off
Copyright Flag                  : False
Original Media                  : False
Emphasis                        : None
ID3 Size                        : 201
Title                           : I
Album                           : All Live Recording At My Room
Artist                          : Developer
Band                            : Developer
Composer                        : Matthew Reis
Recording Time                  : 2024:08:16
Track                           : 1/3
Encoder Settings                : Lavf62.3.100
Date/Time Original              : 2024:08:16
Duration                        : 9.06 s (approx)
======== ./prev/04.mp3
ExifTool Version Number         : 13.44
File Name                       : 04.mp3
Directory                       : ./prev
File Size                       : 323 kB
File Modification Date/Time     : 2026:01:12 07:17:18-06:00
File Access Date/Time           : 2026:01:12 08:22:42-06:00
File Inode Change Date/Time     : 2026:01:12 07:18:00-06:00
File Permissions                : -rw-r--r--
File Type                       : MP3
File Type Extension             : mp3
MIME Type                       : audio/mpeg
MPEG Audio Version              : 1
Audio Layer                     : 3
Audio Bitrate                   : 128 kbps
Sample Rate                     : 44100
Channel Mode                    : Stereo
MS Stereo                       : Off
Intensity Stereo                : Off
Copyright Flag                  : False
Original Media                  : False
Emphasis                        : None
ID3 Size                        : 44
Encoder Settings                : Lavf62.3.100
Duration                        : 20.19 s (approx)
======== ./prev/05_preview.mp3
ExifTool Version Number         : 13.44
File Name                       : 05_preview.mp3
Directory                       : ./prev
File Size                       : 257 kB
File Modification Date/Time     : 2026:01:08 04:05:50-06:00
File Access Date/Time           : 2026:01:11 16:31:20-06:00
File Inode Change Date/Time     : 2026:01:08 04:44:28-06:00
File Permissions                : -rw-r--r--
File Type                       : MP3
File Type Extension             : mp3
MIME Type                       : audio/mpeg
MPEG Audio Version              : 1
Audio Layer                     : 3
Audio Bitrate                   : 128 kbps
Sample Rate                     : 44100
Channel Mode                    : Single Channel
MS Stereo                       : Off
Intensity Stereo                : Off
Copyright Flag                  : False
Original Media                  : False
Emphasis                        : None
ID3 Size                        : 331
Recording Time                  : 2024
Title                           : You Fucking People Make Me Sick
Artist                          : DJ Speedsick
Album                           : You Fucking People Make Me Sick
Genre                           : R&B
Composer                        : DJ Speedsick
Track                           : 1/1
I Tunes CDDB Track Number       : 1
Band                            : DJ Speedsick
I Tunes CDDB 1                  : 0203B601+71431+1+150
Encoder Settings                : Lavf62.3.100
Date/Time Original              : 2024
Duration                        : 16.07 s (approx)
======== ./prev/05.mp3
ExifTool Version Number         : 13.44
File Name                       : 05.mp3
Directory                       : ./prev
File Size                       : 646 kB
File Modification Date/Time     : 2026:01:12 07:17:19-06:00
File Access Date/Time           : 2026:01:12 08:22:42-06:00
File Inode Change Date/Time     : 2026:01:12 07:18:00-06:00
File Permissions                : -rw-r--r--
File Type                       : MP3
File Type Extension             : mp3
MIME Type                       : audio/mpeg
MPEG Audio Version              : 1
Audio Layer                     : 3
Audio Bitrate                   : 128 kbps
Sample Rate                     : 44100
Channel Mode                    : Stereo
MS Stereo                       : Off
Intensity Stereo                : Off
Copyright Flag                  : False
Original Media                  : False
Emphasis                        : None
ID3 Size                        : 44
Encoder Settings                : Lavf62.3.100
Duration                        : 0:00:40 (approx)
======== ./prev/06_preview.mp3
ExifTool Version Number         : 13.44
File Name                       : 06_preview.mp3
Directory                       : ./prev
File Size                       : 258 kB
File Modification Date/Time     : 2026:01:08 04:05:49-06:00
File Access Date/Time           : 2026:01:11 16:31:20-06:00
File Inode Change Date/Time     : 2026:01:08 04:44:28-06:00
File Permissions                : -rw-r--r--
File Type                       : MP3
File Type Extension             : mp3
MIME Type                       : audio/mpeg
MPEG Audio Version              : 1
Audio Layer                     : 3
Audio Bitrate                   : 128 kbps
Sample Rate                     : 44100
Channel Mode                    : Single Channel
MS Stereo                       : Off
Intensity Stereo                : Off
Copyright Flag                  : False
Original Media                  : False
Emphasis                        : None
ID3 Size                        : 555
Recording Time                  : 2024:09:21
Title                           : Firewall Event Horizon
Artist                          : DJ Speedsick
Album                           : Firewall Event Horizon
Track                           : 1/1
Music Brainz Disc Id            : S6RyWXnJbmchm19NE9vXXR3btsA-
Music Brainz Album Artist Id    : 19552b3d-c486-46e1-b21b-8a9332d92557
Band                            : DJ Speedsick
I Tunes CDDB 1                  : 01012E01+23418+1+789
I Tunes CDDB Track Number       : 1
Music Brainz Album Id           : 6dea3134-ac0a-4cf2-9b4e-fa712e3d161b
Music Brainz Artist Id          : 19552b3d-c486-46e1-b21b-8a9332d92557
Encoder Settings                : Lavf62.3.100
Date/Time Original              : 2024:09:21
Duration                        : 16.07 s (approx)
======== ./prev/06.mp3
ExifTool Version Number         : 13.44
File Name                       : 06.mp3
Directory                       : ./prev
File Size                       : 726 kB
File Modification Date/Time     : 2026:01:12 07:17:21-06:00
File Access Date/Time           : 2026:01:12 08:22:42-06:00
File Inode Change Date/Time     : 2026:01:12 07:18:00-06:00
File Permissions                : -rw-r--r--
File Type                       : MP3
File Type Extension             : mp3
MIME Type                       : audio/mpeg
MPEG Audio Version              : 1
Audio Layer                     : 3
Audio Bitrate                   : 128 kbps
Sample Rate                     : 44100
Channel Mode                    : Stereo
MS Stereo                       : Off
Intensity Stereo                : Off
Copyright Flag                  : False
Original Media                  : False
Emphasis                        : None
ID3 Size                        : 44
Encoder Settings                : Lavf62.3.100
Duration                        : 0:00:45 (approx)
======== ./prev/07_preview.mp3
ExifTool Version Number         : 13.44
File Name                       : 07_preview.mp3
Directory                       : ./prev
File Size                       : 337 kB
File Modification Date/Time     : 2026:01:08 04:35:08-06:00
File Access Date/Time           : 2026:01:11 16:31:20-06:00
File Inode Change Date/Time     : 2026:01:08 04:44:28-06:00
File Permissions                : -rw-r--r--
File Type                       : MP3
File Type Extension             : mp3
MIME Type                       : audio/mpeg
MPEG Audio Version              : 1
Audio Layer                     : 3
Audio Bitrate                   : 128 kbps
Sample Rate                     : 44100
Channel Mode                    : Single Channel
MS Stereo                       : Off
Intensity Stereo                : Off
Copyright Flag                  : False
Original Media                  : False
Emphasis                        : None
ID3 Size                        : 214
Title                           : Trick of the Eye
Album                           : The Jacob Winans Collection
Artist                          : Jacob Winans
Band                            : Jacob Winans
Composer                        : Jacob Winans
Recording Time                  : 2025
Track                           : 1/7
Encoder Settings                : Lavf62.3.100
Date/Time Original              : 2025
Duration                        : 21.05 s (approx)
======== ./prev/07.mp3
ExifTool Version Number         : 13.44
File Name                       : 07.mp3
Directory                       : ./prev
File Size                       : 807 kB
File Modification Date/Time     : 2026:01:12 07:17:22-06:00
File Access Date/Time           : 2026:01:12 10:57:14-06:00
File Inode Change Date/Time     : 2026:01:12 07:18:00-06:00
File Permissions                : -rw-r--r--
File Type                       : MP3
File Type Extension             : mp3
MIME Type                       : audio/mpeg
MPEG Audio Version              : 1
Audio Layer                     : 3
Audio Bitrate                   : 128 kbps
Sample Rate                     : 44100
Channel Mode                    : Stereo
MS Stereo                       : Off
Intensity Stereo                : Off
Copyright Flag                  : False
Original Media                  : False
Emphasis                        : None
ID3 Size                        : 44
Encoder Settings                : Lavf62.3.100
Duration                        : 0:00:50 (approx)
======== ./prev/08_preview.mp3
ExifTool Version Number         : 13.44
File Name                       : 08_preview.mp3
Directory                       : ./prev
File Size                       : 193 kB
File Modification Date/Time     : 2026:01:08 04:35:07-06:00
File Access Date/Time           : 2026:01:11 16:31:20-06:00
File Inode Change Date/Time     : 2026:01:08 04:44:28-06:00
File Permissions                : -rw-r--r--
File Type                       : MP3
File Type Extension             : mp3
MIME Type                       : audio/mpeg
MPEG Audio Version              : 1
Audio Layer                     : 3
Audio Bitrate                   : 128 kbps
Sample Rate                     : 44100
Channel Mode                    : Single Channel
MS Stereo                       : Off
Intensity Stereo                : Off
Copyright Flag                  : False
Original Media                  : False
Emphasis                        : None
ID3 Size                        : 169
Title                           : Untitled 01
Album                           : Promotional Demo 2025
Artist                          : DJ Alex
Band                            : DJ Alex
Recording Time                  : 2024
Track                           : 1/8
Encoder Settings                : Lavf62.3.100
Date/Time Original              : 2024
Duration                        : 12.07 s (approx)
======== ./prev/08.mp3
ExifTool Version Number         : 13.44
File Name                       : 08.mp3
Directory                       : ./prev
File Size                       : 565 kB
File Modification Date/Time     : 2026:01:12 07:17:23-06:00
File Access Date/Time           : 2026:01:12 08:22:42-06:00
File Inode Change Date/Time     : 2026:01:12 07:18:00-06:00
File Permissions                : -rw-r--r--
File Type                       : MP3
File Type Extension             : mp3
MIME Type                       : audio/mpeg
MPEG Audio Version              : 1
Audio Layer                     : 3
Audio Bitrate                   : 128 kbps
Sample Rate                     : 44100
Channel Mode                    : Single Channel
MS Stereo                       : Off
Intensity Stereo                : Off
Copyright Flag                  : False
Original Media                  : False
Emphasis                        : None
ID3 Size                        : 44
Encoder Settings                : Lavf62.3.100
Duration                        : 0:00:35 (approx)
======== ./prev/09_preview.mp3
ExifTool Version Number         : 13.44
File Name                       : 09_preview.mp3
Directory                       : ./prev
File Size                       : 145 kB
File Modification Date/Time     : 2026:01:08 04:35:07-06:00
File Access Date/Time           : 2026:01:11 16:31:20-06:00
File Inode Change Date/Time     : 2026:01:08 04:44:28-06:00
File Permissions                : -rw-r--r--
File Type                       : MP3
File Type Extension             : mp3
MIME Type                       : audio/mpeg
MPEG Audio Version              : 1
Audio Layer                     : 3
Audio Bitrate                   : 128 kbps
Sample Rate                     : 44100
Channel Mode                    : Single Channel
MS Stereo                       : Off
Intensity Stereo                : Off
Copyright Flag                  : False
Original Media                  : False
Emphasis                        : None
ID3 Size                        : 184
Title                           : L.I.S.K.
Album                           : Split
Artist                          : Mildred Pierce
Band                            : DJ Speedsick, Mildred Pierce
Recording Time                  : 2025:05:02
Track                           : 1/3
Encoder Settings                : Lavf62.3.100
Date/Time Original              : 2025:05:02
Duration                        : 9.06 s (approx)
======== ./prev/09.mp3
ExifTool Version Number         : 13.44
File Name                       : 09.mp3
Directory                       : ./prev
File Size                       : 484 kB
File Modification Date/Time     : 2026:01:12 07:17:24-06:00
File Access Date/Time           : 2026:01:12 08:22:42-06:00
File Inode Change Date/Time     : 2026:01:12 07:18:00-06:00
File Permissions                : -rw-r--r--
File Type                       : MP3
File Type Extension             : mp3
MIME Type                       : audio/mpeg
MPEG Audio Version              : 1
Audio Layer                     : 3
Audio Bitrate                   : 128 kbps
Sample Rate                     : 44100
Channel Mode                    : Stereo
MS Stereo                       : Off
Intensity Stereo                : Off
Copyright Flag                  : False
Original Media                  : False
Emphasis                        : None
ID3 Size                        : 44
Encoder Settings                : Lavf62.3.100
Duration                        : 0:00:30 (approx)
======== ./prev/10_preview.mp3
ExifTool Version Number         : 13.44
File Name                       : 10_preview.mp3
Directory                       : ./prev
File Size                       : 193 kB
File Modification Date/Time     : 2026:01:08 04:35:06-06:00
File Access Date/Time           : 2026:01:11 16:31:20-06:00
File Inode Change Date/Time     : 2026:01:08 04:44:28-06:00
File Permissions                : -rw-r--r--
File Type                       : MP3
File Type Extension             : mp3
MIME Type                       : audio/mpeg
MPEG Audio Version              : 1
Audio Layer                     : 3
Audio Bitrate                   : 128 kbps
Sample Rate                     : 44100
Channel Mode                    : Single Channel
MS Stereo                       : Off
Intensity Stereo                : Off
Copyright Flag                  : False
Original Media                  : False
Emphasis                        : None
ID3 Size                        : 119
Title                           : 12-altremix
Track                           : 1
Artist                          : Various
Album                           : Forkbomb
Encoder Settings                : Lavf62.3.100
Duration                        : 12.07 s (approx)
======== ./prev/10.mp3
ExifTool Version Number         : 13.44
File Name                       : 10.mp3
Directory                       : ./prev
File Size                       : 484 kB
File Modification Date/Time     : 2026:01:12 07:17:25-06:00
File Access Date/Time           : 2026:01:12 08:22:42-06:00
File Inode Change Date/Time     : 2026:01:12 07:18:00-06:00
File Permissions                : -rw-r--r--
File Type                       : MP3
File Type Extension             : mp3
MIME Type                       : audio/mpeg
MPEG Audio Version              : 1
Audio Layer                     : 3
Audio Bitrate                   : 128 kbps
Sample Rate                     : 44100
Channel Mode                    : Stereo
MS Stereo                       : Off
Intensity Stereo                : Off
Copyright Flag                  : False
Original Media                  : False
Emphasis                        : None
ID3 Size                        : 44
Encoder Settings                : Lavf62.3.100
Duration                        : 0:00:30 (approx)
======== ./prev/11_preview.mp3
ExifTool Version Number         : 13.44
File Name                       : 11_preview.mp3
Directory                       : ./prev
File Size                       : 258 kB
File Modification Date/Time     : 2026:01:08 04:15:28-06:00
File Access Date/Time           : 2026:01:11 16:31:20-06:00
File Inode Change Date/Time     : 2026:01:08 04:44:28-06:00
File Permissions                : -rw-r--r--
File Type                       : MP3
File Type Extension             : mp3
MIME Type                       : audio/mpeg
MPEG Audio Version              : 1
Audio Layer                     : 3
Audio Bitrate                   : 128 kbps
Sample Rate                     : 44100
Channel Mode                    : Single Channel
MS Stereo                       : Off
Intensity Stereo                : Off
Copyright Flag                  : False
Original Media                  : False
Emphasis                        : None
ID3 Size                        : 634
Recording Time                  : 2025:05:02
Title                           : audio
Artist                          : DJ Speedsick
Album                           : Samples Vol. 2 (Noise Edition)
Track                           : 1/16
Music Brainz Disc Id            : .OPT8LKzjfucjbf26gY1izGKsXI-
Music Brainz Album Artist Id    : 19552b3d-c486-46e1-b21b-8a9332d92557
Band                            : DJ Speedsick
I Tunes CDDB 1                  : 9C012C10+1064+16+3313+4950+5463+6163+7801+10253+11070+11688+14486+15111+17943+18813+19419+22819+23854+24915
I Tunes CDDB Track Number       : 1
Music Brainz Album Id           : 7e8b3e7c-4410-48f4-a95b-0c528c27a73e
Music Brainz Artist Id          : 19552b3d-c486-46e1-b21b-8a9332d92557
Encoder Settings                : Lavf62.3.100
Date/Time Original              : 2025:05:02
Duration                        : 16.07 s (approx)
======== ./prev/11.mp3
ExifTool Version Number         : 13.44
File Name                       : 11.mp3
Directory                       : ./prev
File Size                       : 323 kB
File Modification Date/Time     : 2026:01:12 07:17:26-06:00
File Access Date/Time           : 2026:01:12 08:22:42-06:00
File Inode Change Date/Time     : 2026:01:12 07:18:00-06:00
File Permissions                : -rw-r--r--
File Type                       : MP3
File Type Extension             : mp3
MIME Type                       : audio/mpeg
MPEG Audio Version              : 1
Audio Layer                     : 3
Audio Bitrate                   : 128 kbps
Sample Rate                     : 44100
Channel Mode                    : Stereo
MS Stereo                       : Off
Intensity Stereo                : Off
Copyright Flag                  : False
Original Media                  : False
Emphasis                        : None
ID3 Size                        : 44
Encoder Settings                : Lavf62.3.100
Duration                        : 20.19 s (approx)
======== ./prev/12_preview.mp3
ExifTool Version Number         : 13.44
File Name                       : 12_preview.mp3
Directory                       : ./prev
File Size                       : 257 kB
File Modification Date/Time     : 2026:01:08 04:19:09-06:00
File Access Date/Time           : 2026:01:11 16:31:20-06:00
File Inode Change Date/Time     : 2026:01:08 04:44:28-06:00
File Permissions                : -rw-r--r--
File Type                       : MP3
File Type Extension             : mp3
MIME Type                       : audio/mpeg
MPEG Audio Version              : 1
Audio Layer                     : 3
Audio Bitrate                   : 64 kbps
Sample Rate                     : 44100
Channel Mode                    : Joint Stereo
MS Stereo                       : On
Intensity Stereo                : Off
Copyright Flag                  : False
Original Media                  : True
Emphasis                        : None
Encoder                         : LAME3.100.n.
ID3 Size                        : 218
Track                           : 1/1
Txxx                            : 19552b3d-c486-46e1-b21b-8a9332d92557
Comm                            : 1
Album                           : Choke Out
Comment                         : 1
Comment (xxx)                   : 1
Artist                          : DJ Speedsick
Title                           : Choke Out
Year                            : 2025
Warning                         : [minor] Frame 'TDRC' is not valid for this ID3 version
Recording Time                  : 2025
Date/Time Original              : 2025
Duration                        : 0:00:32 (approx)
======== ./prev/12.mp3
ExifTool Version Number         : 13.44
File Name                       : 12.mp3
Directory                       : ./prev
File Size                       : 404 kB
File Modification Date/Time     : 2026:01:12 07:17:26-06:00
File Access Date/Time           : 2026:01:12 08:22:42-06:00
File Inode Change Date/Time     : 2026:01:12 07:18:00-06:00
File Permissions                : -rw-r--r--
File Type                       : MP3
File Type Extension             : mp3
MIME Type                       : audio/mpeg
MPEG Audio Version              : 1
Audio Layer                     : 3
Audio Bitrate                   : 128 kbps
Sample Rate                     : 44100
Channel Mode                    : Stereo
MS Stereo                       : Off
Intensity Stereo                : Off
Copyright Flag                  : False
Original Media                  : False
Emphasis                        : None
ID3 Size                        : 44
Encoder Settings                : Lavf62.3.100
Duration                        : 25.23 s (approx)
======== ./prev/13_preview.mp3
ExifTool Version Number         : 13.44
File Name                       : 13_preview.mp3
Directory                       : ./prev
File Size                       : 1201 kB
File Modification Date/Time     : 2026:01:08 04:35:06-06:00
File Access Date/Time           : 2026:01:11 16:31:20-06:00
File Inode Change Date/Time     : 2026:01:08 04:44:28-06:00
File Permissions                : -rw-r--r--
File Type                       : MP3
File Type Extension             : mp3
MIME Type                       : audio/mpeg
MPEG Audio Version              : 1
Audio Layer                     : 3
Audio Bitrate                   : 128 kbps
Sample Rate                     : 44100
Channel Mode                    : Single Channel
MS Stereo                       : Off
Intensity Stereo                : Off
Copyright Flag                  : False
Original Media                  : False
Emphasis                        : None
ID3 Size                        : 282
Recording Time                  : 2025
Title                           : „ÉÅÂÖ´„Éè‰πù„Ç±„Äá„Éà‰πù„Ç§‰∏Ä„É®‰∫î„É®‰∏É„Ç∑‰πù„Çø‰∫î„É´ÂÖ´„É©ÂÖ≠„Éõ‰∫î„Çø‰∏â„Ç§‰∏â„Çª‰πù„Çµ„Äá
Artist                          : DJ Speedsick
Album                           : Head Crash
Genre                           : Techno
Track                           : 1
Part Of Set                     : 1
Band                            : DJ Speedsick
Encoder Settings                : Lavf62.3.100
Date/Time Original              : 2025
Duration                        : 0:01:15 (approx)
======== ./prev/13.mp3
ExifTool Version Number         : 13.44
File Name                       : 13.mp3
Directory                       : ./prev
File Size                       : 484 kB
File Modification Date/Time     : 2026:01:12 07:17:27-06:00
File Access Date/Time           : 2026:01:12 10:57:10-06:00
File Inode Change Date/Time     : 2026:01:12 07:18:00-06:00
File Permissions                : -rw-r--r--
File Type                       : MP3
File Type Extension             : mp3
MIME Type                       : audio/mpeg
MPEG Audio Version              : 1
Audio Layer                     : 3
Audio Bitrate                   : 128 kbps
Sample Rate                     : 44100
Channel Mode                    : Stereo
MS Stereo                       : Off
Intensity Stereo                : Off
Copyright Flag                  : False
Original Media                  : False
Emphasis                        : None
ID3 Size                        : 44
Encoder Settings                : Lavf62.3.100
Duration                        : 0:00:30 (approx)
======== ./prev/14_preview.mp3
ExifTool Version Number         : 13.44
File Name                       : 14_preview.mp3
Directory                       : ./prev
File Size                       : 241 kB
File Modification Date/Time     : 2026:01:08 04:35:07-06:00
File Access Date/Time           : 2026:01:11 16:31:20-06:00
File Inode Change Date/Time     : 2026:01:08 04:44:28-06:00
File Permissions                : -rw-r--r--
File Type                       : MP3
File Type Extension             : mp3
MIME Type                       : audio/mpeg
MPEG Audio Version              : 1
Audio Layer                     : 3
Audio Bitrate                   : 128 kbps
Sample Rate                     : 44100
Channel Mode                    : Single Channel
MS Stereo                       : Off
Intensity Stereo                : Off
Copyright Flag                  : False
Original Media                  : False
Emphasis                        : None
ID3 Size                        : 223
Title                           : Untitled (Korn 01)
Album                           : Non-Diegetic Instrumentals Vol. 1
Artist                          : DJ Speedsick
Band                            : DJ Speedsick
Composer                        : DJ Speedsick
Recording Time                  : 2025
Track                           : 1/17
Encoder Settings                : Lavf62.3.100
Date/Time Original              : 2025
Duration                        : 15.07 s (approx)
======== ./prev/15_preview.mp3
ExifTool Version Number         : 13.44
File Name                       : 15_preview.mp3
Directory                       : ./prev
File Size                       : 257 kB
File Modification Date/Time     : 2026:01:08 04:19:37-06:00
File Access Date/Time           : 2026:01:11 16:31:20-06:00
File Inode Change Date/Time     : 2026:01:08 04:44:28-06:00
File Permissions                : -rw-r--r--
File Type                       : MP3
File Type Extension             : mp3
MIME Type                       : audio/mpeg
MPEG Audio Version              : 1
Audio Layer                     : 3
Audio Bitrate                   : 64 kbps
Sample Rate                     : 44100
Channel Mode                    : Single Channel
MS Stereo                       : Off
Intensity Stereo                : Off
Copyright Flag                  : False
Original Media                  : True
Emphasis                        : None
Encoder                         : LAME3.100.•.
ID3 Size                        : 115
Title                           : Watching The Walls Bleed
Artist                          : DJ Speedsick
Album                           : Split
Txxx                            : 2
Track                           : 2/2
Duration                        : 0:00:32 (approx)
======== ./prev/16_preview.mp3
ExifTool Version Number         : 13.44
File Name                       : 16_preview.mp3
Directory                       : ./prev
File Size                       : 337 kB
File Modification Date/Time     : 2026:01:08 04:39:29-06:00
File Access Date/Time           : 2026:01:11 16:31:20-06:00
File Inode Change Date/Time     : 2026:01:08 04:44:28-06:00
File Permissions                : -rw-r--r--
File Type                       : MP3
File Type Extension             : mp3
MIME Type                       : audio/mpeg
MPEG Audio Version              : 1
Audio Layer                     : 3
Audio Bitrate                   : 128 kbps
Sample Rate                     : 44100
Channel Mode                    : Single Channel
MS Stereo                       : Off
Intensity Stereo                : Off
Copyright Flag                  : False
Original Media                  : False
Emphasis                        : None
ID3 Size                        : 214
Title                           : Throw Dem Gunz (Edit)
Album                           : Nothing Is Original: Unauthorized Bootlegs
Artist                          : Lil Ugly Mane
Band                            : DJ Speedsick
Tcmp                            : 1
Track                           : 1/14
Encoder Settings                : Lavf62.3.100
Duration                        : 21.05 s (approx)
======== ./prev/17_preview.mp3
ExifTool Version Number         : 13.44
File Name                       : 17_preview.mp3
Directory                       : ./prev
File Size                       : 258 kB
File Modification Date/Time     : 2026:01:08 04:05:48-06:00
File Access Date/Time           : 2026:01:11 16:31:20-06:00
File Inode Change Date/Time     : 2026:01:08 04:44:28-06:00
File Permissions                : -rw-r--r--
File Type                       : MP3
File Type Extension             : mp3
MIME Type                       : audio/mpeg
MPEG Audio Version              : 1
Audio Layer                     : 3
Audio Bitrate                   : 128 kbps
Sample Rate                     : 44100
Channel Mode                    : Single Channel
MS Stereo                       : Off
Intensity Stereo                : Off
Copyright Flag                  : False
Original Media                  : False
Emphasis                        : None
ID3 Size                        : 565
Recording Time                  : 2025
Title                           : 01-djss250417-dj.sbd
Artist                          : DJ Speedsick
Album                           : djss250417-dj.sbd
Genre                           : Electronic
Track                           : 1/1
Music Brainz Disc Id            : EOJgjYxwPRYSONNi6vck.zWqR9A-
Band                            : DJ Speedsick
I Tunes CDDB 1                  : 020E6501+276550+1+150
I Tunes CDDB Track Number       : 1
Music Brainz Album Id           : 90bb24b6-e2f9-4961-a72f-d27fc154684e
Music Brainz Artist Id          : a0418ea0-617b-4fcb-a792-21dd045474e4
Music Brainz Album Artist Id    : a0418ea0-617b-4fcb-a792-21dd045474e4
Encoder Settings                : Lavf62.3.100
Date/Time Original              : 2025
Duration                        : 16.07 s (approx)
======== ./prev/18_preview.mp3
ExifTool Version Number         : 13.44
File Name                       : 18_preview.mp3
Directory                       : ./prev
File Size                       : 241 kB
File Modification Date/Time     : 2026:01:08 04:35:07-06:00
File Access Date/Time           : 2026:01:11 16:31:20-06:00
File Inode Change Date/Time     : 2026:01:08 04:44:28-06:00
File Permissions                : -rw-r--r--
File Type                       : MP3
File Type Extension             : mp3
MIME Type                       : audio/mpeg
MPEG Audio Version              : 1
Audio Layer                     : 3
Audio Bitrate                   : 128 kbps
Sample Rate                     : 44100
Channel Mode                    : Single Channel
MS Stereo                       : Off
Intensity Stereo                : Off
Copyright Flag                  : False
Original Media                  : False
Emphasis                        : None
ID3 Size                        : 208
Title                           : TON 618
Album                           : Selbstentfremdungsbewusstsein
Artist                          : DJ Speedsick
Band                            : DJ Speedsick
Composer                        : DJ Speedsick
Recording Time                  : 2025
Track                           : 1/13
Encoder Settings                : Lavf62.3.100
Date/Time Original              : 2025
Duration                        : 15.07 s (approx)
======== ./prev/19_preview.mp3
ExifTool Version Number         : 13.44
File Name                       : 19_preview.mp3
Directory                       : ./prev
File Size                       : 673 kB
File Modification Date/Time     : 2026:01:08 04:39:29-06:00
File Access Date/Time           : 2026:01:11 16:31:20-06:00
File Inode Change Date/Time     : 2026:01:08 04:44:28-06:00
File Permissions                : -rw-r--r--
File Type                       : MP3
File Type Extension             : mp3
MIME Type                       : audio/mpeg
MPEG Audio Version              : 1
Audio Layer                     : 3
Audio Bitrate                   : 128 kbps
Sample Rate                     : 44100
Channel Mode                    : Single Channel
MS Stereo                       : Off
Intensity Stereo                : Off
Copyright Flag                  : False
Original Media                  : False
Emphasis                        : None
ID3 Size                        : 164
Title                           : Loop 01
Album                           : Memorex CD-R Archive
Artist                          : Ian Lehman
Recording Time                  : 2025
Track                           : 1/13
Part Of Set                     : 2/2
Encoder Settings                : Lavf62.3.100
Date/Time Original              : 2025
Duration                        : 0:00:42 (approx)
======== ./prev/20_preview.mp3
ExifTool Version Number         : 13.44
File Name                       : 20_preview.mp3
Directory                       : ./prev
File Size                       : 324 kB
File Modification Date/Time     : 2026:01:08 04:35:05-06:00
File Access Date/Time           : 2026:01:11 16:31:20-06:00
File Inode Change Date/Time     : 2026:01:08 04:44:28-06:00
File Permissions                : -rw-r--r--
File Type                       : MP3
File Type Extension             : mp3
MIME Type                       : audio/mpeg
MPEG Audio Version              : 1
Audio Layer                     : 3
Audio Bitrate                   : 128 kbps
Sample Rate                     : 44100
Channel Mode                    : Single Channel
MS Stereo                       : Off
Intensity Stereo                : Off
Copyright Flag                  : False
Original Media                  : False
Emphasis                        : None
ID3 Size                        : 141
Title                           : Intro
Album                           : Compliance OST
Artist                          : DJ Speedsick
Track                           : 1/7
Part Of Set                     : 1/1
Encoder Settings                : Lavf62.3.100
Duration                        : 20.22 s (approx)
======== ./prev/21_preview.mp3
ExifTool Version Number         : 13.44
File Name                       : 21_preview.mp3
Directory                       : ./prev
File Size                       : 145 kB
File Modification Date/Time     : 2026:01:08 04:35:05-06:00
File Access Date/Time           : 2026:01:11 16:31:20-06:00
File Inode Change Date/Time     : 2026:01:08 04:44:28-06:00
File Permissions                : -rw-r--r--
File Type                       : MP3
File Type Extension             : mp3
MIME Type                       : audio/mpeg
MPEG Audio Version              : 1
Audio Layer                     : 3
Audio Bitrate                   : 128 kbps
Sample Rate                     : 44100
Channel Mode                    : Single Channel
MS Stereo                       : Off
Intensity Stereo                : Off
Copyright Flag                  : False
Original Media                  : False
Emphasis                        : None
ID3 Size                        : 167
Title                           : Rs3
Album                           : 3 soundcloud rips from 2023
Artist                          : grate¬≤
Band                            : grate¬≤
Recording Time                  : 2024
Track                           : 1/3
Encoder Settings                : Lavf62.3.100
Date/Time Original              : 2024
Duration                        : 9.06 s (approx)
   35 image files read
