.
├── 117.html
├── CNAME
├── files
│   ├── aud
│   │   └── prev
│   │       ├── 00.mp3
│   │       ├── 01_preview.mp3
│   │       ├── 01.mp3
│   │       ├── 02_preview.mp3
│   │       ├── 02.mp3
│   │       ├── 03_preview.mp3
│   │       ├── 03.mp3
│   │       ├── 04_preview.mp3
│   │       ├── 04.mp3
│   │       ├── 05_preview.mp3
│   │       ├── 05.mp3
│   │       ├── 06_preview.mp3
│   │       ├── 06.mp3
│   │       ├── 07_preview.mp3
│   │       ├── 07.mp3
│   │       ├── 08_preview.mp3
│   │       ├── 08.mp3
│   │       ├── 09_preview.mp3
│   │       ├── 09.mp3
│   │       ├── 10_preview.mp3
│   │       ├── 10.mp3
│   │       ├── 11_preview.mp3
│   │       ├── 11.mp3
│   │       ├── 12_preview.mp3
│   │       ├── 12.mp3
│   │       ├── 13_preview.mp3
│   │       ├── 13.mp3
│   │       ├── 14_preview.mp3
│   │       ├── 15_preview.mp3
│   │       ├── 16_preview.mp3
│   │       ├── 17_preview.mp3
│   │       ├── 18_preview.mp3
│   │       ├── 19_preview.mp3
│   │       ├── 20_preview.mp3
│   │       └── 21_preview.mp3
│   ├── font
│   │   ├── GGX88Bk-Italic.woff
│   │   ├── GGX88Bk-Italic.woff2
│   │   ├── GGX88Bk-Regular.woff
│   │   ├── GGX88Bk-Regular.woff2
│   │   ├── GGX88El-Italic.woff
│   │   ├── GGX88El-Italic.woff2
│   │   ├── GGX88El-Regular.woff
│   │   ├── GGX88El-Regular.woff2
│   │   ├── GGX88Hv-Italic.woff
│   │   ├── GGX88Hv-Italic.woff2
│   │   ├── GGX88Hv-Regular.woff
│   │   ├── GGX88Hv-Regular.woff2
│   │   ├── GGX88Lt-Italic.woff
│   │   ├── GGX88Lt-Italic.woff2
│   │   ├── GGX88Lt-Regular.woff
│   │   ├── GGX88Lt-Regular.woff2
│   │   ├── GGX88Rg-Bold.woff
│   │   ├── GGX88Rg-Bold.woff2
│   │   ├── GGX88Rg-BoldItalic.woff
│   │   ├── GGX88Rg-BoldItalic.woff2
│   │   ├── GGX88Rg-Italic.woff
│   │   ├── GGX88Rg-Italic.woff2
│   │   ├── GGX88Rg-Regular.woff
│   │   ├── GGX88Rg-Regular.woff2
│   │   ├── GGX88Ul-Italic.woff
│   │   ├── GGX88Ul-Italic.woff2
│   │   ├── GGX88Ul-Regular.woff
│   │   └── GGX88Ul-Regular.woff2
│   ├── img
│   │   ├── 117banner
│   │   ├── cds
│   │   │   ├── 01a.jpg
│   │   │   ├── 01b.jpg
│   │   │   ├── 02a.jpg
│   │   │   ├── 02b.jpg
│   │   │   ├── 03a.jpg
│   │   │   ├── 03b.jpg
│   │   │   ├── 04a.jpg
│   │   │   ├── 04b.jpg
│   │   │   ├── 05a.jpg
│   │   │   ├── 05b.jpg
│   │   │   ├── 06a.jpg
│   │   │   ├── 06b.jpg
│   │   │   ├── 07a.jpg
│   │   │   ├── 07b.jpg
│   │   │   ├── 08a.jpg
│   │   │   ├── 08b.jpg
│   │   │   ├── 09a.jpg
│   │   │   ├── 09b.jpg
│   │   │   ├── 10a.jpg
│   │   │   ├── 10b.jpg
│   │   │   ├── 11a.jpg
│   │   │   ├── 11b.jpg
│   │   │   ├── 12a.jpg
│   │   │   ├── 12b.jpg
│   │   │   ├── 13a.jpg
│   │   │   ├── 13b.jpg
│   │   │   ├── 14a.jpg
│   │   │   ├── 14b.jpg
│   │   │   ├── 15a.jpg
│   │   │   ├── 15b.jpg
│   │   │   ├── 16a.jpg
│   │   │   ├── 16b.jpg
│   │   │   ├── 17a.jpg
│   │   │   ├── 17b.jpg
│   │   │   ├── 18a.jpg
│   │   │   ├── 18b.jpg
│   │   │   ├── 19a.jpg
│   │   │   ├── 19b.jpg
│   │   │   ├── 20a.jpg
│   │   │   ├── 20b.jpg
│   │   │   ├── 21a.jpg
│   │   │   └── 21b.jpg
│   │   ├── cs
│   │   │   ├── 01back.jpg
│   │   │   ├── 01front.jpg
│   │   │   ├── 01spine.jpg
│   │   │   ├── 02back.jpg
│   │   │   ├── 02front.jpg
│   │   │   ├── 02spine.jpg
│   │   │   ├── 03back.jpg
│   │   │   ├── 03front.jpg
│   │   │   ├── 03spine.jpg
│   │   │   ├── 04back.jpg
│   │   │   ├── 04front.jpg
│   │   │   ├── 04spine.jpg
│   │   │   ├── 05back.jpg
│   │   │   ├── 05front.jpg
│   │   │   ├── 05spine.jpg
│   │   │   ├── 06back.jpg
│   │   │   ├── 06front.jpg
│   │   │   ├── 06spine.jpg
│   │   │   ├── 07back.jpg
│   │   │   ├── 07front.jpg
│   │   │   ├── 07spine.jpg
│   │   │   ├── 08back.jpg
│   │   │   ├── 08front.jpg
│   │   │   ├── 08spine.jpg
│   │   │   ├── 09back.jpg
│   │   │   ├── 09front.jpg
│   │   │   ├── 09spine.jpg
│   │   │   ├── 10back.jpg
│   │   │   ├── 10front.jpg
│   │   │   ├── 10spine.jpg
│   │   │   ├── 11back.jpg
│   │   │   ├── 11front.jpg
│   │   │   ├── 11spine.jpg
│   │   │   ├── 12back.jpg
│   │   │   ├── 12front.jpg
│   │   │   ├── 12spine.jpg
│   │   │   ├── 13back.jpg
│   │   │   ├── 13front.jpg
│   │   │   ├── 13spine.jpg
│   │   │   ├── 14back.jpg
│   │   │   ├── 14front.jpg
│   │   │   ├── 14spine.jpg
│   │   │   └── exiftool.log
│   │   └── escbanner.png
│   └── mov
│       ├── 01.mp4
│       ├── 02.mp4
│       ├── 03.mp4
│       ├── 04.mp4
│       ├── 05.mp4
│       ├── 06.mp4
│       ├── 07.mp4
│       ├── 08.mp4
│       ├── 09.mp4
│       ├── 10.mp4
│       ├── 11.mp4
│       ├── 12.mp4
│       ├── 13.mp4
│       ├── 14.mp4
│       ├── 15.mp4
│       ├── 16.mp4
│       ├── 17.mp4
│       ├── 18.mp4
│       ├── 19.mp4
│       ├── 20.mp4
│       ├── 21.mp4
│       ├── cdbg_bg.mp4
│       ├── cdbg_pixel.mp4
│       └── cdbg.mp4
├── index.html
├── index.html.bak
└── tree.log

9 directories, 179 files
