======== 01.mp4
ExifTool Version Number         : 13.44
File Name                       : 01.mp4
Directory                       : .
File Size                       : 779 kB
File Modification Date/Time     : 2026:01:08 00:44:59-06:00
File Access Date/Time           : 2026:01:11 15:23:24-06:00
File Inode Change Date/Time     : 2026:01:11 15:22:34-06:00
File Permissions                : -rw-r--r--
File Type                       : MP4
File Type Extension             : mp4
MIME Type                       : video/mp4
Major Brand                     : MP4 Base Media v1 [IS0 14496-12:2003]
Minor Version                   : 0.2.0
Compatible Brands               : isom, iso2, avc1, mp41
Media Data Size                 : 770018
Media Data Offset               : 48
Movie Header Version            : 0
Create Date                     : 0000:00:00 00:00:00
Modify Date                     : 0000:00:00 00:00:00
Time Scale                      : 1000
Duration                        : 27.43 s
Preferred Rate                  : 1
Preferred Volume                : 100.00%
Preview Time                    : 0 s
Preview Duration                : 0 s
Poster Time                     : 0 s
Selection Time                  : 0 s
Selection Duration              : 0 s
Current Time                    : 0 s
Next Track ID                   : 2
Track Header Version            : 0
Track Create Date               : 0000:00:00 00:00:00
Track Modify Date               : 0000:00:00 00:00:00
Track ID                        : 1
Track Duration                  : 27.43 s
Track Layer                     : 0
Track Volume                    : 0.00%
Matrix Structure                : 1 0 0 0 1 0 0 0 1
Image Width                     : 640
Image Height                    : 360
Media Header Version            : 0
Media Create Date               : 0000:00:00 00:00:00
Media Modify Date               : 0000:00:00 00:00:00
Media Time Scale                : 15360
Media Duration                  : 27.43 s
Media Language Code             : und
Handler Description             : Core Media Video
Graphics Mode                   : srcCopy
Op Color                        : 0 0 0
Compressor ID                   : avc1
Source Image Width              : 640
Source Image Height             : 360
X Resolution                    : 72
Y Resolution                    : 72
Compressor Name                 : Lavc62.11.100 libx264
Bit Depth                       : 24
Color Profiles                  : nclx
Color Primaries                 : BT.709
Transfer Characteristics        : BT.709
Matrix Coefficients             : BT.709
Video Full Range Flag           : Limited
Buffer Size                     : 0
Max Bitrate                     : 224549
Average Bitrate                 : 0
Video Frame Rate                : 30
Handler Type                    : Metadata
Handler Vendor ID               : Apple
Encoder                         : Lavf62.3.100
Image Size                      : 640x360
Megapixels                      : 0.230
Avg Bitrate                     : 225 kbps
Rotation                        : 0
======== 02.mp4
ExifTool Version Number         : 13.44
File Name                       : 02.mp4
Directory                       : .
File Size                       : 725 kB
File Modification Date/Time     : 2026:01:08 00:45:02-06:00
File Access Date/Time           : 2026:01:11 15:23:24-06:00
File Inode Change Date/Time     : 2026:01:11 15:22:34-06:00
File Permissions                : -rw-r--r--
File Type                       : MP4
File Type Extension             : mp4
MIME Type                       : video/mp4
Major Brand                     : MP4 Base Media v1 [IS0 14496-12:2003]
Minor Version                   : 0.2.0
Compatible Brands               : isom, iso2, avc1, mp41
Media Data Size                 : 715654
Media Data Offset               : 48
Movie Header Version            : 0
Create Date                     : 0000:00:00 00:00:00
Modify Date                     : 0000:00:00 00:00:00
Time Scale                      : 1000
Duration                        : 27.43 s
Preferred Rate                  : 1
Preferred Volume                : 100.00%
Preview Time                    : 0 s
Preview Duration                : 0 s
Poster Time                     : 0 s
Selection Time                  : 0 s
Selection Duration              : 0 s
Current Time                    : 0 s
Next Track ID                   : 2
Track Header Version            : 0
Track Create Date               : 0000:00:00 00:00:00
Track Modify Date               : 0000:00:00 00:00:00
Track ID                        : 1
Track Duration                  : 27.43 s
Track Layer                     : 0
Track Volume                    : 0.00%
Matrix Structure                : 1 0 0 0 1 0 0 0 1
Image Width                     : 640
Image Height                    : 360
Media Header Version            : 0
Media Create Date               : 0000:00:00 00:00:00
Media Modify Date               : 0000:00:00 00:00:00
Media Time Scale                : 15360
Media Duration                  : 27.43 s
Media Language Code             : und
Handler Description             : Core Media Video
Graphics Mode                   : srcCopy
Op Color                        : 0 0 0
Compressor ID                   : avc1
Source Image Width              : 640
Source Image Height             : 360
X Resolution                    : 72
Y Resolution                    : 72
Compressor Name                 : Lavc62.11.100 libx264
Bit Depth                       : 24
Color Profiles                  : nclx
Color Primaries                 : BT.709
Transfer Characteristics        : BT.709
Matrix Coefficients             : BT.709
Video Full Range Flag           : Limited
Buffer Size                     : 0
Max Bitrate                     : 208696
Average Bitrate                 : 0
Video Frame Rate                : 30
Handler Type                    : Metadata
Handler Vendor ID               : Apple
Encoder                         : Lavf62.3.100
Image Size                      : 640x360
Megapixels                      : 0.230
Avg Bitrate                     : 209 kbps
Rotation                        : 0
======== 03.mp4
ExifTool Version Number         : 13.44
File Name                       : 03.mp4
Directory                       : .
File Size                       : 1252 kB
File Modification Date/Time     : 2026:01:08 00:45:04-06:00
File Access Date/Time           : 2026:01:11 15:23:24-06:00
File Inode Change Date/Time     : 2026:01:11 15:22:34-06:00
File Permissions                : -rw-r--r--
File Type                       : MP4
File Type Extension             : mp4
MIME Type                       : video/mp4
Major Brand                     : MP4 Base Media v1 [IS0 14496-12:2003]
Minor Version                   : 0.2.0
Compatible Brands               : isom, iso2, avc1, mp41
Media Data Size                 : 1242482
Media Data Offset               : 48
Movie Header Version            : 0
Create Date                     : 0000:00:00 00:00:00
Modify Date                     : 0000:00:00 00:00:00
Time Scale                      : 1000
Duration                        : 27.43 s
Preferred Rate                  : 1
Preferred Volume                : 100.00%
Preview Time                    : 0 s
Preview Duration                : 0 s
Poster Time                     : 0 s
Selection Time                  : 0 s
Selection Duration              : 0 s
Current Time                    : 0 s
Next Track ID                   : 2
Track Header Version            : 0
Track Create Date               : 0000:00:00 00:00:00
Track Modify Date               : 0000:00:00 00:00:00
Track ID                        : 1
Track Duration                  : 27.43 s
Track Layer                     : 0
Track Volume                    : 0.00%
Matrix Structure                : 1 0 0 0 1 0 0 0 1
Image Width                     : 640
Image Height                    : 360
Media Header Version            : 0
Media Create Date               : 0000:00:00 00:00:00
Media Modify Date               : 0000:00:00 00:00:00
Media Time Scale                : 15360
Media Duration                  : 27.43 s
Media Language Code             : und
Handler Description             : Core Media Video
Graphics Mode                   : srcCopy
Op Color                        : 0 0 0
Compressor ID                   : avc1
Source Image Width              : 640
Source Image Height             : 360
X Resolution                    : 72
Y Resolution                    : 72
Compressor Name                 : Lavc62.11.100 libx264
Bit Depth                       : 24
Color Profiles                  : nclx
Color Primaries                 : BT.709
Transfer Characteristics        : BT.709
Matrix Coefficients             : BT.709
Video Full Range Flag           : Limited
Buffer Size                     : 0
Max Bitrate                     : 362327
Average Bitrate                 : 0
Video Frame Rate                : 30
Handler Type                    : Metadata
Handler Vendor ID               : Apple
Encoder                         : Lavf62.3.100
Image Size                      : 640x360
Megapixels                      : 0.230
Avg Bitrate                     : 362 kbps
Rotation                        : 0
======== 04.mp4
ExifTool Version Number         : 13.44
File Name                       : 04.mp4
Directory                       : .
File Size                       : 759 kB
File Modification Date/Time     : 2026:01:08 00:45:07-06:00
File Access Date/Time           : 2026:01:11 15:23:24-06:00
File Inode Change Date/Time     : 2026:01:11 15:22:34-06:00
File Permissions                : -rw-r--r--
File Type                       : MP4
File Type Extension             : mp4
MIME Type                       : video/mp4
Major Brand                     : MP4 Base Media v1 [IS0 14496-12:2003]
Minor Version                   : 0.2.0
Compatible Brands               : isom, iso2, avc1, mp41
Media Data Size                 : 749676
Media Data Offset               : 48
Movie Header Version            : 0
Create Date                     : 0000:00:00 00:00:00
Modify Date                     : 0000:00:00 00:00:00
Time Scale                      : 1000
Duration                        : 27.43 s
Preferred Rate                  : 1
Preferred Volume                : 100.00%
Preview Time                    : 0 s
Preview Duration                : 0 s
Poster Time                     : 0 s
Selection Time                  : 0 s
Selection Duration              : 0 s
Current Time                    : 0 s
Next Track ID                   : 2
Track Header Version            : 0
Track Create Date               : 0000:00:00 00:00:00
Track Modify Date               : 0000:00:00 00:00:00
Track ID                        : 1
Track Duration                  : 27.43 s
Track Layer                     : 0
Track Volume                    : 0.00%
Matrix Structure                : 1 0 0 0 1 0 0 0 1
Image Width                     : 640
Image Height                    : 360
Media Header Version            : 0
Media Create Date               : 0000:00:00 00:00:00
Media Modify Date               : 0000:00:00 00:00:00
Media Time Scale                : 15360
Media Duration                  : 27.43 s
Media Language Code             : und
Handler Description             : Core Media Video
Graphics Mode                   : srcCopy
Op Color                        : 0 0 0
Compressor ID                   : avc1
Source Image Width              : 640
Source Image Height             : 360
X Resolution                    : 72
Y Resolution                    : 72
Compressor Name                 : Lavc62.11.100 libx264
Bit Depth                       : 24
Color Profiles                  : nclx
Color Primaries                 : BT.709
Transfer Characteristics        : BT.709
Matrix Coefficients             : BT.709
Video Full Range Flag           : Limited
Buffer Size                     : 0
Max Bitrate                     : 218617
Average Bitrate                 : 0
Video Frame Rate                : 30
Handler Type                    : Metadata
Handler Vendor ID               : Apple
Encoder                         : Lavf62.3.100
Image Size                      : 640x360
Megapixels                      : 0.230
Avg Bitrate                     : 219 kbps
Rotation                        : 0
======== 05.mp4
ExifTool Version Number         : 13.44
File Name                       : 05.mp4
Directory                       : .
File Size                       : 898 kB
File Modification Date/Time     : 2026:01:08 00:45:09-06:00
File Access Date/Time           : 2026:01:11 15:23:24-06:00
File Inode Change Date/Time     : 2026:01:11 15:22:34-06:00
File Permissions                : -rw-r--r--
File Type                       : MP4
File Type Extension             : mp4
MIME Type                       : video/mp4
Major Brand                     : MP4 Base Media v1 [IS0 14496-12:2003]
Minor Version                   : 0.2.0
Compatible Brands               : isom, iso2, avc1, mp41
Media Data Size                 : 888638
Media Data Offset               : 48
Movie Header Version            : 0
Create Date                     : 0000:00:00 00:00:00
Modify Date                     : 0000:00:00 00:00:00
Time Scale                      : 1000
Duration                        : 27.43 s
Preferred Rate                  : 1
Preferred Volume                : 100.00%
Preview Time                    : 0 s
Preview Duration                : 0 s
Poster Time                     : 0 s
Selection Time                  : 0 s
Selection Duration              : 0 s
Current Time                    : 0 s
Next Track ID                   : 2
Track Header Version            : 0
Track Create Date               : 0000:00:00 00:00:00
Track Modify Date               : 0000:00:00 00:00:00
Track ID                        : 1
Track Duration                  : 27.43 s
Track Layer                     : 0
Track Volume                    : 0.00%
Matrix Structure                : 1 0 0 0 1 0 0 0 1
Image Width                     : 640
Image Height                    : 360
Media Header Version            : 0
Media Create Date               : 0000:00:00 00:00:00
Media Modify Date               : 0000:00:00 00:00:00
Media Time Scale                : 15360
Media Duration                  : 27.43 s
Media Language Code             : und
Handler Description             : Core Media Video
Graphics Mode                   : srcCopy
Op Color                        : 0 0 0
Compressor ID                   : avc1
Source Image Width              : 640
Source Image Height             : 360
X Resolution                    : 72
Y Resolution                    : 72
Compressor Name                 : Lavc62.11.100 libx264
Bit Depth                       : 24
Color Profiles                  : nclx
Color Primaries                 : BT.709
Transfer Characteristics        : BT.709
Matrix Coefficients             : BT.709
Video Full Range Flag           : Limited
Buffer Size                     : 0
Max Bitrate                     : 259141
Average Bitrate                 : 0
Video Frame Rate                : 30
Handler Type                    : Metadata
Handler Vendor ID               : Apple
Encoder                         : Lavf62.3.100
Image Size                      : 640x360
Megapixels                      : 0.230
Avg Bitrate                     : 259 kbps
Rotation                        : 0
======== 06.mp4
ExifTool Version Number         : 13.44
File Name                       : 06.mp4
Directory                       : .
File Size                       : 796 kB
File Modification Date/Time     : 2026:01:08 00:45:11-06:00
File Access Date/Time           : 2026:01:11 15:23:24-06:00
File Inode Change Date/Time     : 2026:01:11 15:22:34-06:00
File Permissions                : -rw-r--r--
File Type                       : MP4
File Type Extension             : mp4
MIME Type                       : video/mp4
Major Brand                     : MP4 Base Media v1 [IS0 14496-12:2003]
Minor Version                   : 0.2.0
Compatible Brands               : isom, iso2, avc1, mp41
Media Data Size                 : 786934
Media Data Offset               : 48
Movie Header Version            : 0
Create Date                     : 0000:00:00 00:00:00
Modify Date                     : 0000:00:00 00:00:00
Time Scale                      : 1000
Duration                        : 27.43 s
Preferred Rate                  : 1
Preferred Volume                : 100.00%
Preview Time                    : 0 s
Preview Duration                : 0 s
Poster Time                     : 0 s
Selection Time                  : 0 s
Selection Duration              : 0 s
Current Time                    : 0 s
Next Track ID                   : 2
Track Header Version            : 0
Track Create Date               : 0000:00:00 00:00:00
Track Modify Date               : 0000:00:00 00:00:00
Track ID                        : 1
Track Duration                  : 27.43 s
Track Layer                     : 0
Track Volume                    : 0.00%
Matrix Structure                : 1 0 0 0 1 0 0 0 1
Image Width                     : 640
Image Height                    : 360
Media Header Version            : 0
Media Create Date               : 0000:00:00 00:00:00
Media Modify Date               : 0000:00:00 00:00:00
Media Time Scale                : 15360
Media Duration                  : 27.43 s
Media Language Code             : und
Handler Description             : Core Media Video
Graphics Mode                   : srcCopy
Op Color                        : 0 0 0
Compressor ID                   : avc1
Source Image Width              : 640
Source Image Height             : 360
X Resolution                    : 72
Y Resolution                    : 72
Compressor Name                 : Lavc62.11.100 libx264
Bit Depth                       : 24
Color Profiles                  : nclx
Color Primaries                 : BT.709
Transfer Characteristics        : BT.709
Matrix Coefficients             : BT.709
Video Full Range Flag           : Limited
Buffer Size                     : 0
Max Bitrate                     : 229482
Average Bitrate                 : 0
Video Frame Rate                : 30
Handler Type                    : Metadata
Handler Vendor ID               : Apple
Encoder                         : Lavf62.3.100
Image Size                      : 640x360
Megapixels                      : 0.230
Avg Bitrate                     : 229 kbps
Rotation                        : 0
======== 07.mp4
ExifTool Version Number         : 13.44
File Name                       : 07.mp4
Directory                       : .
File Size                       : 804 kB
File Modification Date/Time     : 2026:01:08 00:45:14-06:00
File Access Date/Time           : 2026:01:11 15:23:24-06:00
File Inode Change Date/Time     : 2026:01:11 15:22:34-06:00
File Permissions                : -rw-r--r--
File Type                       : MP4
File Type Extension             : mp4
MIME Type                       : video/mp4
Major Brand                     : MP4 Base Media v1 [IS0 14496-12:2003]
Minor Version                   : 0.2.0
Compatible Brands               : isom, iso2, avc1, mp41
Media Data Size                 : 795276
Media Data Offset               : 48
Movie Header Version            : 0
Create Date                     : 0000:00:00 00:00:00
Modify Date                     : 0000:00:00 00:00:00
Time Scale                      : 1000
Duration                        : 27.43 s
Preferred Rate                  : 1
Preferred Volume                : 100.00%
Preview Time                    : 0 s
Preview Duration                : 0 s
Poster Time                     : 0 s
Selection Time                  : 0 s
Selection Duration              : 0 s
Current Time                    : 0 s
Next Track ID                   : 2
Track Header Version            : 0
Track Create Date               : 0000:00:00 00:00:00
Track Modify Date               : 0000:00:00 00:00:00
Track ID                        : 1
Track Duration                  : 27.43 s
Track Layer                     : 0
Track Volume                    : 0.00%
Matrix Structure                : 1 0 0 0 1 0 0 0 1
Image Width                     : 640
Image Height                    : 360
Media Header Version            : 0
Media Create Date               : 0000:00:00 00:00:00
Media Modify Date               : 0000:00:00 00:00:00
Media Time Scale                : 15360
Media Duration                  : 27.43 s
Media Language Code             : und
Handler Description             : Core Media Video
Graphics Mode                   : srcCopy
Op Color                        : 0 0 0
Compressor ID                   : avc1
Source Image Width              : 640
Source Image Height             : 360
X Resolution                    : 72
Y Resolution                    : 72
Compressor Name                 : Lavc62.11.100 libx264
Bit Depth                       : 24
Color Profiles                  : nclx
Color Primaries                 : BT.709
Transfer Characteristics        : BT.709
Matrix Coefficients             : BT.709
Video Full Range Flag           : Limited
Buffer Size                     : 0
Max Bitrate                     : 231915
Average Bitrate                 : 0
Video Frame Rate                : 30
Handler Type                    : Metadata
Handler Vendor ID               : Apple
Encoder                         : Lavf62.3.100
Image Size                      : 640x360
Megapixels                      : 0.230
Avg Bitrate                     : 232 kbps
Rotation                        : 0
======== 08.mp4
ExifTool Version Number         : 13.44
File Name                       : 08.mp4
Directory                       : .
File Size                       : 816 kB
File Modification Date/Time     : 2026:01:08 00:45:16-06:00
File Access Date/Time           : 2026:01:11 15:23:24-06:00
File Inode Change Date/Time     : 2026:01:11 15:22:34-06:00
File Permissions                : -rw-r--r--
File Type                       : MP4
File Type Extension             : mp4
MIME Type                       : video/mp4
Major Brand                     : MP4 Base Media v1 [IS0 14496-12:2003]
Minor Version                   : 0.2.0
Compatible Brands               : isom, iso2, avc1, mp41
Media Data Size                 : 806021
Media Data Offset               : 48
Movie Header Version            : 0
Create Date                     : 0000:00:00 00:00:00
Modify Date                     : 0000:00:00 00:00:00
Time Scale                      : 1000
Duration                        : 27.43 s
Preferred Rate                  : 1
Preferred Volume                : 100.00%
Preview Time                    : 0 s
Preview Duration                : 0 s
Poster Time                     : 0 s
Selection Time                  : 0 s
Selection Duration              : 0 s
Current Time                    : 0 s
Next Track ID                   : 2
Track Header Version            : 0
Track Create Date               : 0000:00:00 00:00:00
Track Modify Date               : 0000:00:00 00:00:00
Track ID                        : 1
Track Duration                  : 27.43 s
Track Layer                     : 0
Track Volume                    : 0.00%
Matrix Structure                : 1 0 0 0 1 0 0 0 1
Image Width                     : 640
Image Height                    : 360
Media Header Version            : 0
Media Create Date               : 0000:00:00 00:00:00
Media Modify Date               : 0000:00:00 00:00:00
Media Time Scale                : 15360
Media Duration                  : 27.43 s
Media Language Code             : und
Handler Description             : Core Media Video
Graphics Mode                   : srcCopy
Op Color                        : 0 0 0
Compressor ID                   : avc1
Source Image Width              : 640
Source Image Height             : 360
X Resolution                    : 72
Y Resolution                    : 72
Compressor Name                 : Lavc62.11.100 libx264
Bit Depth                       : 24
Color Profiles                  : nclx
Color Primaries                 : BT.709
Transfer Characteristics        : BT.709
Matrix Coefficients             : BT.709
Video Full Range Flag           : Limited
Buffer Size                     : 0
Max Bitrate                     : 235048
Average Bitrate                 : 0
Video Frame Rate                : 30
Handler Type                    : Metadata
Handler Vendor ID               : Apple
Encoder                         : Lavf62.3.100
Image Size                      : 640x360
Megapixels                      : 0.230
Avg Bitrate                     : 235 kbps
Rotation                        : 0
======== 09.mp4
ExifTool Version Number         : 13.44
File Name                       : 09.mp4
Directory                       : .
File Size                       : 1115 kB
File Modification Date/Time     : 2026:01:08 00:45:19-06:00
File Access Date/Time           : 2026:01:11 15:23:24-06:00
File Inode Change Date/Time     : 2026:01:11 15:22:34-06:00
File Permissions                : -rw-r--r--
File Type                       : MP4
File Type Extension             : mp4
MIME Type                       : video/mp4
Major Brand                     : MP4 Base Media v1 [IS0 14496-12:2003]
Minor Version                   : 0.2.0
Compatible Brands               : isom, iso2, avc1, mp41
Media Data Size                 : 1106244
Media Data Offset               : 48
Movie Header Version            : 0
Create Date                     : 0000:00:00 00:00:00
Modify Date                     : 0000:00:00 00:00:00
Time Scale                      : 1000
Duration                        : 27.43 s
Preferred Rate                  : 1
Preferred Volume                : 100.00%
Preview Time                    : 0 s
Preview Duration                : 0 s
Poster Time                     : 0 s
Selection Time                  : 0 s
Selection Duration              : 0 s
Current Time                    : 0 s
Next Track ID                   : 2
Track Header Version            : 0
Track Create Date               : 0000:00:00 00:00:00
Track Modify Date               : 0000:00:00 00:00:00
Track ID                        : 1
Track Duration                  : 27.43 s
Track Layer                     : 0
Track Volume                    : 0.00%
Matrix Structure                : 1 0 0 0 1 0 0 0 1
Image Width                     : 640
Image Height                    : 360
Media Header Version            : 0
Media Create Date               : 0000:00:00 00:00:00
Media Modify Date               : 0000:00:00 00:00:00
Media Time Scale                : 15360
Media Duration                  : 27.43 s
Media Language Code             : und
Handler Description             : Core Media Video
Graphics Mode                   : srcCopy
Op Color                        : 0 0 0
Compressor ID                   : avc1
Source Image Width              : 640
Source Image Height             : 360
X Resolution                    : 72
Y Resolution                    : 72
Compressor Name                 : Lavc62.11.100 libx264
Bit Depth                       : 24
Color Profiles                  : nclx
Color Primaries                 : BT.709
Transfer Characteristics        : BT.709
Matrix Coefficients             : BT.709
Video Full Range Flag           : Limited
Buffer Size                     : 0
Max Bitrate                     : 322598
Average Bitrate                 : 0
Video Frame Rate                : 30
Handler Type                    : Metadata
Handler Vendor ID               : Apple
Encoder                         : Lavf62.3.100
Image Size                      : 640x360
Megapixels                      : 0.230
Avg Bitrate                     : 323 kbps
Rotation                        : 0
======== 10.mp4
ExifTool Version Number         : 13.44
File Name                       : 10.mp4
Directory                       : .
File Size                       : 1003 kB
File Modification Date/Time     : 2026:01:08 00:45:21-06:00
File Access Date/Time           : 2026:01:11 15:23:24-06:00
File Inode Change Date/Time     : 2026:01:11 15:22:34-06:00
File Permissions                : -rw-r--r--
File Type                       : MP4
File Type Extension             : mp4
MIME Type                       : video/mp4
Major Brand                     : MP4 Base Media v1 [IS0 14496-12:2003]
Minor Version                   : 0.2.0
Compatible Brands               : isom, iso2, avc1, mp41
Media Data Size                 : 994528
Media Data Offset               : 48
Movie Header Version            : 0
Create Date                     : 0000:00:00 00:00:00
Modify Date                     : 0000:00:00 00:00:00
Time Scale                      : 1000
Duration                        : 27.43 s
Preferred Rate                  : 1
Preferred Volume                : 100.00%
Preview Time                    : 0 s
Preview Duration                : 0 s
Poster Time                     : 0 s
Selection Time                  : 0 s
Selection Duration              : 0 s
Current Time                    : 0 s
Next Track ID                   : 2
Track Header Version            : 0
Track Create Date               : 0000:00:00 00:00:00
Track Modify Date               : 0000:00:00 00:00:00
Track ID                        : 1
Track Duration                  : 27.43 s
Track Layer                     : 0
Track Volume                    : 0.00%
Matrix Structure                : 1 0 0 0 1 0 0 0 1
Image Width                     : 640
Image Height                    : 360
Media Header Version            : 0
Media Create Date               : 0000:00:00 00:00:00
Media Modify Date               : 0000:00:00 00:00:00
Media Time Scale                : 15360
Media Duration                  : 27.43 s
Media Language Code             : und
Handler Description             : Core Media Video
Graphics Mode                   : srcCopy
Op Color                        : 0 0 0
Compressor ID                   : avc1
Source Image Width              : 640
Source Image Height             : 360
X Resolution                    : 72
Y Resolution                    : 72
Compressor Name                 : Lavc62.11.100 libx264
Bit Depth                       : 24
Color Profiles                  : nclx
Color Primaries                 : BT.709
Transfer Characteristics        : BT.709
Matrix Coefficients             : BT.709
Video Full Range Flag           : Limited
Buffer Size                     : 0
Max Bitrate                     : 290020
Average Bitrate                 : 0
Video Frame Rate                : 30
Handler Type                    : Metadata
Handler Vendor ID               : Apple
Encoder                         : Lavf62.3.100
Image Size                      : 640x360
Megapixels                      : 0.230
Avg Bitrate                     : 290 kbps
Rotation                        : 0
======== 11.mp4
ExifTool Version Number         : 13.44
File Name                       : 11.mp4
Directory                       : .
File Size                       : 609 kB
File Modification Date/Time     : 2026:01:08 00:45:24-06:00
File Access Date/Time           : 2026:01:11 15:23:24-06:00
File Inode Change Date/Time     : 2026:01:11 15:22:34-06:00
File Permissions                : -rw-r--r--
File Type                       : MP4
File Type Extension             : mp4
MIME Type                       : video/mp4
Major Brand                     : MP4 Base Media v1 [IS0 14496-12:2003]
Minor Version                   : 0.2.0
Compatible Brands               : isom, iso2, avc1, mp41
Media Data Size                 : 599986
Media Data Offset               : 48
Movie Header Version            : 0
Create Date                     : 0000:00:00 00:00:00
Modify Date                     : 0000:00:00 00:00:00
Time Scale                      : 1000
Duration                        : 27.43 s
Preferred Rate                  : 1
Preferred Volume                : 100.00%
Preview Time                    : 0 s
Preview Duration                : 0 s
Poster Time                     : 0 s
Selection Time                  : 0 s
Selection Duration              : 0 s
Current Time                    : 0 s
Next Track ID                   : 2
Track Header Version            : 0
Track Create Date               : 0000:00:00 00:00:00
Track Modify Date               : 0000:00:00 00:00:00
Track ID                        : 1
Track Duration                  : 27.43 s
Track Layer                     : 0
Track Volume                    : 0.00%
Matrix Structure                : 1 0 0 0 1 0 0 0 1
Image Width                     : 640
Image Height                    : 360
Media Header Version            : 0
Media Create Date               : 0000:00:00 00:00:00
Media Modify Date               : 0000:00:00 00:00:00
Media Time Scale                : 15360
Media Duration                  : 27.43 s
Media Language Code             : und
Handler Description             : Core Media Video
Graphics Mode                   : srcCopy
Op Color                        : 0 0 0
Compressor ID                   : avc1
Source Image Width              : 640
Source Image Height             : 360
X Resolution                    : 72
Y Resolution                    : 72
Compressor Name                 : Lavc62.11.100 libx264
Bit Depth                       : 24
Color Profiles                  : nclx
Color Primaries                 : BT.709
Transfer Characteristics        : BT.709
Matrix Coefficients             : BT.709
Video Full Range Flag           : Limited
Buffer Size                     : 0
Max Bitrate                     : 174965
Average Bitrate                 : 0
Video Frame Rate                : 30
Handler Type                    : Metadata
Handler Vendor ID               : Apple
Encoder                         : Lavf62.3.100
Image Size                      : 640x360
Megapixels                      : 0.230
Avg Bitrate                     : 175 kbps
Rotation                        : 0
======== 12.mp4
ExifTool Version Number         : 13.44
File Name                       : 12.mp4
Directory                       : .
File Size                       : 525 kB
File Modification Date/Time     : 2026:01:08 00:45:26-06:00
File Access Date/Time           : 2026:01:11 15:23:24-06:00
File Inode Change Date/Time     : 2026:01:11 15:22:34-06:00
File Permissions                : -rw-r--r--
File Type                       : MP4
File Type Extension             : mp4
MIME Type                       : video/mp4
Major Brand                     : MP4 Base Media v1 [IS0 14496-12:2003]
Minor Version                   : 0.2.0
Compatible Brands               : isom, iso2, avc1, mp41
Media Data Size                 : 515677
Media Data Offset               : 48
Movie Header Version            : 0
Create Date                     : 0000:00:00 00:00:00
Modify Date                     : 0000:00:00 00:00:00
Time Scale                      : 1000
Duration                        : 27.43 s
Preferred Rate                  : 1
Preferred Volume                : 100.00%
Preview Time                    : 0 s
Preview Duration                : 0 s
Poster Time                     : 0 s
Selection Time                  : 0 s
Selection Duration              : 0 s
Current Time                    : 0 s
Next Track ID                   : 2
Track Header Version            : 0
Track Create Date               : 0000:00:00 00:00:00
Track Modify Date               : 0000:00:00 00:00:00
Track ID                        : 1
Track Duration                  : 27.43 s
Track Layer                     : 0
Track Volume                    : 0.00%
Matrix Structure                : 1 0 0 0 1 0 0 0 1
Image Width                     : 640
Image Height                    : 360
Media Header Version            : 0
Media Create Date               : 0000:00:00 00:00:00
Media Modify Date               : 0000:00:00 00:00:00
Media Time Scale                : 15360
Media Duration                  : 27.47 s
Media Language Code             : und
Handler Description             : Core Media Video
Graphics Mode                   : srcCopy
Op Color                        : 0 0 0
Compressor ID                   : avc1
Source Image Width              : 640
Source Image Height             : 360
X Resolution                    : 72
Y Resolution                    : 72
Compressor Name                 : Lavc62.11.100 libx264
Bit Depth                       : 24
Color Profiles                  : nclx
Color Primaries                 : BT.709
Transfer Characteristics        : BT.709
Matrix Coefficients             : BT.709
Video Full Range Flag           : Limited
Buffer Size                     : 0
Max Bitrate                     : 150379
Average Bitrate                 : 0
Video Frame Rate                : 30
Handler Type                    : Metadata
Handler Vendor ID               : Apple
Encoder                         : Lavf62.3.100
Image Size                      : 640x360
Megapixels                      : 0.230
Avg Bitrate                     : 150 kbps
Rotation                        : 0
======== 13.mp4
ExifTool Version Number         : 13.44
File Name                       : 13.mp4
Directory                       : .
File Size                       : 759 kB
File Modification Date/Time     : 2026:01:08 00:45:28-06:00
File Access Date/Time           : 2026:01:11 15:23:24-06:00
File Inode Change Date/Time     : 2026:01:11 15:22:34-06:00
File Permissions                : -rw-r--r--
File Type                       : MP4
File Type Extension             : mp4
MIME Type                       : video/mp4
Major Brand                     : MP4 Base Media v1 [IS0 14496-12:2003]
Minor Version                   : 0.2.0
Compatible Brands               : isom, iso2, avc1, mp41
Media Data Size                 : 749862
Media Data Offset               : 48
Movie Header Version            : 0
Create Date                     : 0000:00:00 00:00:00
Modify Date                     : 0000:00:00 00:00:00
Time Scale                      : 1000
Duration                        : 27.43 s
Preferred Rate                  : 1
Preferred Volume                : 100.00%
Preview Time                    : 0 s
Preview Duration                : 0 s
Poster Time                     : 0 s
Selection Time                  : 0 s
Selection Duration              : 0 s
Current Time                    : 0 s
Next Track ID                   : 2
Track Header Version            : 0
Track Create Date               : 0000:00:00 00:00:00
Track Modify Date               : 0000:00:00 00:00:00
Track ID                        : 1
Track Duration                  : 27.43 s
Track Layer                     : 0
Track Volume                    : 0.00%
Matrix Structure                : 1 0 0 0 1 0 0 0 1
Image Width                     : 640
Image Height                    : 360
Media Header Version            : 0
Media Create Date               : 0000:00:00 00:00:00
Media Modify Date               : 0000:00:00 00:00:00
Media Time Scale                : 15360
Media Duration                  : 27.43 s
Media Language Code             : und
Handler Description             : Core Media Video
Graphics Mode                   : srcCopy
Op Color                        : 0 0 0
Compressor ID                   : avc1
Source Image Width              : 640
Source Image Height             : 360
X Resolution                    : 72
Y Resolution                    : 72
Compressor Name                 : Lavc62.11.100 libx264
Bit Depth                       : 24
Color Profiles                  : nclx
Color Primaries                 : BT.709
Transfer Characteristics        : BT.709
Matrix Coefficients             : BT.709
Video Full Range Flag           : Limited
Buffer Size                     : 0
Max Bitrate                     : 218671
Average Bitrate                 : 0
Video Frame Rate                : 30
Handler Type                    : Metadata
Handler Vendor ID               : Apple
Encoder                         : Lavf62.3.100
Image Size                      : 640x360
Megapixels                      : 0.230
Avg Bitrate                     : 219 kbps
Rotation                        : 0
======== 14.mp4
ExifTool Version Number         : 13.44
File Name                       : 14.mp4
Directory                       : .
File Size                       : 869 kB
File Modification Date/Time     : 2026:01:08 00:45:30-06:00
File Access Date/Time           : 2026:01:11 15:23:24-06:00
File Inode Change Date/Time     : 2026:01:11 15:22:34-06:00
File Permissions                : -rw-r--r--
File Type                       : MP4
File Type Extension             : mp4
MIME Type                       : video/mp4
Major Brand                     : MP4 Base Media v1 [IS0 14496-12:2003]
Minor Version                   : 0.2.0
Compatible Brands               : isom, iso2, avc1, mp41
Media Data Size                 : 859523
Media Data Offset               : 48
Movie Header Version            : 0
Create Date                     : 0000:00:00 00:00:00
Modify Date                     : 0000:00:00 00:00:00
Time Scale                      : 1000
Duration                        : 27.43 s
Preferred Rate                  : 1
Preferred Volume                : 100.00%
Preview Time                    : 0 s
Preview Duration                : 0 s
Poster Time                     : 0 s
Selection Time                  : 0 s
Selection Duration              : 0 s
Current Time                    : 0 s
Next Track ID                   : 2
Track Header Version            : 0
Track Create Date               : 0000:00:00 00:00:00
Track Modify Date               : 0000:00:00 00:00:00
Track ID                        : 1
Track Duration                  : 27.43 s
Track Layer                     : 0
Track Volume                    : 0.00%
Matrix Structure                : 1 0 0 0 1 0 0 0 1
Image Width                     : 640
Image Height                    : 360
Media Header Version            : 0
Media Create Date               : 0000:00:00 00:00:00
Media Modify Date               : 0000:00:00 00:00:00
Media Time Scale                : 15360
Media Duration                  : 27.43 s
Media Language Code             : und
Handler Description             : Core Media Video
Graphics Mode                   : srcCopy
Op Color                        : 0 0 0
Compressor ID                   : avc1
Source Image Width              : 640
Source Image Height             : 360
X Resolution                    : 72
Y Resolution                    : 72
Compressor Name                 : Lavc62.11.100 libx264
Bit Depth                       : 24
Color Profiles                  : nclx
Color Primaries                 : BT.709
Transfer Characteristics        : BT.709
Matrix Coefficients             : BT.709
Video Full Range Flag           : Limited
Buffer Size                     : 0
Max Bitrate                     : 250650
Average Bitrate                 : 0
Video Frame Rate                : 30
Handler Type                    : Metadata
Handler Vendor ID               : Apple
Encoder                         : Lavf62.3.100
Image Size                      : 640x360
Megapixels                      : 0.230
Avg Bitrate                     : 251 kbps
Rotation                        : 0
======== 15.mp4
ExifTool Version Number         : 13.44
File Name                       : 15.mp4
Directory                       : .
File Size                       : 505 kB
File Modification Date/Time     : 2026:01:08 00:45:33-06:00
File Access Date/Time           : 2026:01:11 15:23:24-06:00
File Inode Change Date/Time     : 2026:01:11 15:22:34-06:00
File Permissions                : -rw-r--r--
File Type                       : MP4
File Type Extension             : mp4
MIME Type                       : video/mp4
Major Brand                     : MP4 Base Media v1 [IS0 14496-12:2003]
Minor Version                   : 0.2.0
Compatible Brands               : isom, iso2, avc1, mp41
Media Data Size                 : 495337
Media Data Offset               : 48
Movie Header Version            : 0
Create Date                     : 0000:00:00 00:00:00
Modify Date                     : 0000:00:00 00:00:00
Time Scale                      : 1000
Duration                        : 27.43 s
Preferred Rate                  : 1
Preferred Volume                : 100.00%
Preview Time                    : 0 s
Preview Duration                : 0 s
Poster Time                     : 0 s
Selection Time                  : 0 s
Selection Duration              : 0 s
Current Time                    : 0 s
Next Track ID                   : 2
Track Header Version            : 0
Track Create Date               : 0000:00:00 00:00:00
Track Modify Date               : 0000:00:00 00:00:00
Track ID                        : 1
Track Duration                  : 27.43 s
Track Layer                     : 0
Track Volume                    : 0.00%
Matrix Structure                : 1 0 0 0 1 0 0 0 1
Image Width                     : 640
Image Height                    : 360
Media Header Version            : 0
Media Create Date               : 0000:00:00 00:00:00
Media Modify Date               : 0000:00:00 00:00:00
Media Time Scale                : 15360
Media Duration                  : 27.43 s
Media Language Code             : und
Handler Description             : Core Media Video
Graphics Mode                   : srcCopy
Op Color                        : 0 0 0
Compressor ID                   : avc1
Source Image Width              : 640
Source Image Height             : 360
X Resolution                    : 72
Y Resolution                    : 72
Compressor Name                 : Lavc62.11.100 libx264
Bit Depth                       : 24
Color Profiles                  : nclx
Color Primaries                 : BT.709
Transfer Characteristics        : BT.709
Matrix Coefficients             : BT.709
Video Full Range Flag           : Limited
Buffer Size                     : 0
Max Bitrate                     : 144448
Average Bitrate                 : 0
Video Frame Rate                : 30
Handler Type                    : Metadata
Handler Vendor ID               : Apple
Encoder                         : Lavf62.3.100
Image Size                      : 640x360
Megapixels                      : 0.230
Avg Bitrate                     : 144 kbps
Rotation                        : 0
======== 16.mp4
ExifTool Version Number         : 13.44
File Name                       : 16.mp4
Directory                       : .
File Size                       : 649 kB
File Modification Date/Time     : 2026:01:08 00:45:35-06:00
File Access Date/Time           : 2026:01:11 15:23:24-06:00
File Inode Change Date/Time     : 2026:01:11 15:22:34-06:00
File Permissions                : -rw-r--r--
File Type                       : MP4
File Type Extension             : mp4
MIME Type                       : video/mp4
Major Brand                     : MP4 Base Media v1 [IS0 14496-12:2003]
Minor Version                   : 0.2.0
Compatible Brands               : isom, iso2, avc1, mp41
Media Data Size                 : 638721
Media Data Offset               : 48
Movie Header Version            : 0
Create Date                     : 0000:00:00 00:00:00
Modify Date                     : 0000:00:00 00:00:00
Time Scale                      : 1000
Duration                        : 27.43 s
Preferred Rate                  : 1
Preferred Volume                : 100.00%
Preview Time                    : 0 s
Preview Duration                : 0 s
Poster Time                     : 0 s
Selection Time                  : 0 s
Selection Duration              : 0 s
Current Time                    : 0 s
Next Track ID                   : 2
Track Header Version            : 0
Track Create Date               : 0000:00:00 00:00:00
Track Modify Date               : 0000:00:00 00:00:00
Track ID                        : 1
Track Duration                  : 27.43 s
Track Layer                     : 0
Track Volume                    : 0.00%
Matrix Structure                : 1 0 0 0 1 0 0 0 1
Image Width                     : 640
Image Height                    : 360
Media Header Version            : 0
Media Create Date               : 0000:00:00 00:00:00
Media Modify Date               : 0000:00:00 00:00:00
Media Time Scale                : 15360
Media Duration                  : 27.43 s
Media Language Code             : und
Handler Description             : Core Media Video
Graphics Mode                   : srcCopy
Op Color                        : 0 0 0
Compressor ID                   : avc1
Source Image Width              : 640
Source Image Height             : 360
X Resolution                    : 72
Y Resolution                    : 72
Compressor Name                 : Lavc62.11.100 libx264
Bit Depth                       : 24
Color Profiles                  : nclx
Color Primaries                 : BT.709
Transfer Characteristics        : BT.709
Matrix Coefficients             : BT.709
Video Full Range Flag           : Limited
Buffer Size                     : 0
Max Bitrate                     : 186261
Average Bitrate                 : 0
Video Frame Rate                : 30
Handler Type                    : Metadata
Handler Vendor ID               : Apple
Encoder                         : Lavf62.3.100
Image Size                      : 640x360
Megapixels                      : 0.230
Avg Bitrate                     : 186 kbps
Rotation                        : 0
======== 17.mp4
ExifTool Version Number         : 13.44
File Name                       : 17.mp4
Directory                       : .
File Size                       : 758 kB
File Modification Date/Time     : 2026:01:08 00:45:37-06:00
File Access Date/Time           : 2026:01:11 15:23:24-06:00
File Inode Change Date/Time     : 2026:01:11 15:22:34-06:00
File Permissions                : -rw-r--r--
File Type                       : MP4
File Type Extension             : mp4
MIME Type                       : video/mp4
Major Brand                     : MP4 Base Media v1 [IS0 14496-12:2003]
Minor Version                   : 0.2.0
Compatible Brands               : isom, iso2, avc1, mp41
Media Data Size                 : 748379
Media Data Offset               : 48
Movie Header Version            : 0
Create Date                     : 0000:00:00 00:00:00
Modify Date                     : 0000:00:00 00:00:00
Time Scale                      : 1000
Duration                        : 27.43 s
Preferred Rate                  : 1
Preferred Volume                : 100.00%
Preview Time                    : 0 s
Preview Duration                : 0 s
Poster Time                     : 0 s
Selection Time                  : 0 s
Selection Duration              : 0 s
Current Time                    : 0 s
Next Track ID                   : 2
Track Header Version            : 0
Track Create Date               : 0000:00:00 00:00:00
Track Modify Date               : 0000:00:00 00:00:00
Track ID                        : 1
Track Duration                  : 27.43 s
Track Layer                     : 0
Track Volume                    : 0.00%
Matrix Structure                : 1 0 0 0 1 0 0 0 1
Image Width                     : 640
Image Height                    : 360
Media Header Version            : 0
Media Create Date               : 0000:00:00 00:00:00
Media Modify Date               : 0000:00:00 00:00:00
Media Time Scale                : 15360
Media Duration                  : 27.47 s
Media Language Code             : und
Handler Description             : Core Media Video
Graphics Mode                   : srcCopy
Op Color                        : 0 0 0
Compressor ID                   : avc1
Source Image Width              : 640
Source Image Height             : 360
X Resolution                    : 72
Y Resolution                    : 72
Compressor Name                 : Lavc62.11.100 libx264
Bit Depth                       : 24
Color Profiles                  : nclx
Color Primaries                 : BT.709
Transfer Characteristics        : BT.709
Matrix Coefficients             : BT.709
Video Full Range Flag           : Limited
Buffer Size                     : 0
Max Bitrate                     : 218239
Average Bitrate                 : 0
Video Frame Rate                : 30
Handler Type                    : Metadata
Handler Vendor ID               : Apple
Encoder                         : Lavf62.3.100
Image Size                      : 640x360
Megapixels                      : 0.230
Avg Bitrate                     : 218 kbps
Rotation                        : 0
======== 18.mp4
ExifTool Version Number         : 13.44
File Name                       : 18.mp4
Directory                       : .
File Size                       : 368 kB
File Modification Date/Time     : 2026:01:08 00:45:39-06:00
File Access Date/Time           : 2026:01:11 15:23:24-06:00
File Inode Change Date/Time     : 2026:01:11 15:22:34-06:00
File Permissions                : -rw-r--r--
File Type                       : MP4
File Type Extension             : mp4
MIME Type                       : video/mp4
Major Brand                     : MP4 Base Media v1 [IS0 14496-12:2003]
Minor Version                   : 0.2.0
Compatible Brands               : isom, iso2, avc1, mp41
Media Data Size                 : 357412
Media Data Offset               : 48
Movie Header Version            : 0
Create Date                     : 0000:00:00 00:00:00
Modify Date                     : 0000:00:00 00:00:00
Time Scale                      : 1000
Duration                        : 27.43 s
Preferred Rate                  : 1
Preferred Volume                : 100.00%
Preview Time                    : 0 s
Preview Duration                : 0 s
Poster Time                     : 0 s
Selection Time                  : 0 s
Selection Duration              : 0 s
Current Time                    : 0 s
Next Track ID                   : 2
Track Header Version            : 0
Track Create Date               : 0000:00:00 00:00:00
Track Modify Date               : 0000:00:00 00:00:00
Track ID                        : 1
Track Duration                  : 27.43 s
Track Layer                     : 0
Track Volume                    : 0.00%
Matrix Structure                : 1 0 0 0 1 0 0 0 1
Image Width                     : 640
Image Height                    : 360
Media Header Version            : 0
Media Create Date               : 0000:00:00 00:00:00
Media Modify Date               : 0000:00:00 00:00:00
Media Time Scale                : 15360
Media Duration                  : 27.47 s
Media Language Code             : und
Handler Description             : Core Media Video
Graphics Mode                   : srcCopy
Op Color                        : 0 0 0
Compressor ID                   : avc1
Source Image Width              : 640
Source Image Height             : 360
X Resolution                    : 72
Y Resolution                    : 72
Compressor Name                 : Lavc62.11.100 libx264
Bit Depth                       : 24
Color Profiles                  : nclx
Color Primaries                 : BT.709
Transfer Characteristics        : BT.709
Matrix Coefficients             : BT.709
Video Full Range Flag           : Limited
Buffer Size                     : 0
Max Bitrate                     : 104227
Average Bitrate                 : 0
Video Frame Rate                : 30
Handler Type                    : Metadata
Handler Vendor ID               : Apple
Encoder                         : Lavf62.3.100
Image Size                      : 640x360
Megapixels                      : 0.230
Avg Bitrate                     : 104 kbps
Rotation                        : 0
======== 19.mp4
ExifTool Version Number         : 13.44
File Name                       : 19.mp4
Directory                       : .
File Size                       : 763 kB
File Modification Date/Time     : 2026:01:08 00:45:42-06:00
File Access Date/Time           : 2026:01:11 15:23:24-06:00
File Inode Change Date/Time     : 2026:01:11 15:22:34-06:00
File Permissions                : -rw-r--r--
File Type                       : MP4
File Type Extension             : mp4
MIME Type                       : video/mp4
Major Brand                     : MP4 Base Media v1 [IS0 14496-12:2003]
Minor Version                   : 0.2.0
Compatible Brands               : isom, iso2, avc1, mp41
Media Data Size                 : 753294
Media Data Offset               : 48
Movie Header Version            : 0
Create Date                     : 0000:00:00 00:00:00
Modify Date                     : 0000:00:00 00:00:00
Time Scale                      : 1000
Duration                        : 27.43 s
Preferred Rate                  : 1
Preferred Volume                : 100.00%
Preview Time                    : 0 s
Preview Duration                : 0 s
Poster Time                     : 0 s
Selection Time                  : 0 s
Selection Duration              : 0 s
Current Time                    : 0 s
Next Track ID                   : 2
Track Header Version            : 0
Track Create Date               : 0000:00:00 00:00:00
Track Modify Date               : 0000:00:00 00:00:00
Track ID                        : 1
Track Duration                  : 27.43 s
Track Layer                     : 0
Track Volume                    : 0.00%
Matrix Structure                : 1 0 0 0 1 0 0 0 1
Image Width                     : 640
Image Height                    : 360
Media Header Version            : 0
Media Create Date               : 0000:00:00 00:00:00
Media Modify Date               : 0000:00:00 00:00:00
Media Time Scale                : 15360
Media Duration                  : 27.43 s
Media Language Code             : und
Handler Description             : Core Media Video
Graphics Mode                   : srcCopy
Op Color                        : 0 0 0
Compressor ID                   : avc1
Source Image Width              : 640
Source Image Height             : 360
X Resolution                    : 72
Y Resolution                    : 72
Compressor Name                 : Lavc62.11.100 libx264
Bit Depth                       : 24
Color Profiles                  : nclx
Color Primaries                 : BT.709
Transfer Characteristics        : BT.709
Matrix Coefficients             : BT.709
Video Full Range Flag           : Limited
Buffer Size                     : 0
Max Bitrate                     : 219672
Average Bitrate                 : 0
Video Frame Rate                : 30
Handler Type                    : Metadata
Handler Vendor ID               : Apple
Encoder                         : Lavf62.3.100
Image Size                      : 640x360
Megapixels                      : 0.230
Avg Bitrate                     : 220 kbps
Rotation                        : 0
======== 20.mp4
ExifTool Version Number         : 13.44
File Name                       : 20.mp4
Directory                       : .
File Size                       : 1626 kB
File Modification Date/Time     : 2026:01:08 00:45:44-06:00
File Access Date/Time           : 2026:01:12 10:57:00-06:00
File Inode Change Date/Time     : 2026:01:11 15:22:34-06:00
File Permissions                : -rw-r--r--
File Type                       : MP4
File Type Extension             : mp4
MIME Type                       : video/mp4
Major Brand                     : MP4 Base Media v1 [IS0 14496-12:2003]
Minor Version                   : 0.2.0
Compatible Brands               : isom, iso2, avc1, mp41
Media Data Size                 : 1616724
Media Data Offset               : 48
Movie Header Version            : 0
Create Date                     : 0000:00:00 00:00:00
Modify Date                     : 0000:00:00 00:00:00
Time Scale                      : 1000
Duration                        : 27.43 s
Preferred Rate                  : 1
Preferred Volume                : 100.00%
Preview Time                    : 0 s
Preview Duration                : 0 s
Poster Time                     : 0 s
Selection Time                  : 0 s
Selection Duration              : 0 s
Current Time                    : 0 s
Next Track ID                   : 2
Track Header Version            : 0
Track Create Date               : 0000:00:00 00:00:00
Track Modify Date               : 0000:00:00 00:00:00
Track ID                        : 1
Track Duration                  : 27.43 s
Track Layer                     : 0
Track Volume                    : 0.00%
Matrix Structure                : 1 0 0 0 1 0 0 0 1
Image Width                     : 640
Image Height                    : 360
Media Header Version            : 0
Media Create Date               : 0000:00:00 00:00:00
Media Modify Date               : 0000:00:00 00:00:00
Media Time Scale                : 15360
Media Duration                  : 27.43 s
Media Language Code             : und
Handler Description             : Core Media Video
Graphics Mode                   : srcCopy
Op Color                        : 0 0 0
Compressor ID                   : avc1
Source Image Width              : 640
Source Image Height             : 360
X Resolution                    : 72
Y Resolution                    : 72
Compressor Name                 : Lavc62.11.100 libx264
Bit Depth                       : 24
Color Profiles                  : nclx
Color Primaries                 : BT.709
Transfer Characteristics        : BT.709
Matrix Coefficients             : BT.709
Video Full Range Flag           : Limited
Buffer Size                     : 0
Max Bitrate                     : 471462
Average Bitrate                 : 0
Video Frame Rate                : 30
Handler Type                    : Metadata
Handler Vendor ID               : Apple
Encoder                         : Lavf62.3.100
Image Size                      : 640x360
Megapixels                      : 0.230
Avg Bitrate                     : 471 kbps
Rotation                        : 0
======== 21.mp4
ExifTool Version Number         : 13.44
File Name                       : 21.mp4
Directory                       : .
File Size                       : 558 kB
File Modification Date/Time     : 2026:01:08 00:45:46-06:00
File Access Date/Time           : 2026:01:11 15:23:24-06:00
File Inode Change Date/Time     : 2026:01:11 15:22:34-06:00
File Permissions                : -rw-r--r--
File Type                       : MP4
File Type Extension             : mp4
MIME Type                       : video/mp4
Major Brand                     : MP4 Base Media v1 [IS0 14496-12:2003]
Minor Version                   : 0.2.0
Compatible Brands               : isom, iso2, avc1, mp41
Media Data Size                 : 548027
Media Data Offset               : 48
Movie Header Version            : 0
Create Date                     : 0000:00:00 00:00:00
Modify Date                     : 0000:00:00 00:00:00
Time Scale                      : 1000
Duration                        : 27.43 s
Preferred Rate                  : 1
Preferred Volume                : 100.00%
Preview Time                    : 0 s
Preview Duration                : 0 s
Poster Time                     : 0 s
Selection Time                  : 0 s
Selection Duration              : 0 s
Current Time                    : 0 s
Next Track ID                   : 2
Track Header Version            : 0
Track Create Date               : 0000:00:00 00:00:00
Track Modify Date               : 0000:00:00 00:00:00
Track ID                        : 1
Track Duration                  : 27.43 s
Track Layer                     : 0
Track Volume                    : 0.00%
Matrix Structure                : 1 0 0 0 1 0 0 0 1
Image Width                     : 640
Image Height                    : 360
Media Header Version            : 0
Media Create Date               : 0000:00:00 00:00:00
Media Modify Date               : 0000:00:00 00:00:00
Media Time Scale                : 15360
Media Duration                  : 27.43 s
Media Language Code             : und
Handler Description             : Core Media Video
Graphics Mode                   : srcCopy
Op Color                        : 0 0 0
Compressor ID                   : avc1
Source Image Width              : 640
Source Image Height             : 360
X Resolution                    : 72
Y Resolution                    : 72
Compressor Name                 : Lavc62.11.100 libx264
Bit Depth                       : 24
Color Profiles                  : nclx
Color Primaries                 : BT.709
Transfer Characteristics        : BT.709
Matrix Coefficients             : BT.709
Video Full Range Flag           : Limited
Buffer Size                     : 0
Max Bitrate                     : 159813
Average Bitrate                 : 0
Video Frame Rate                : 30
Handler Type                    : Metadata
Handler Vendor ID               : Apple
Encoder                         : Lavf62.3.100
Image Size                      : 640x360
Megapixels                      : 0.230
Avg Bitrate                     : 160 kbps
Rotation                        : 0
======== cdbg_bg.mp4
ExifTool Version Number         : 13.44
File Name                       : cdbg_bg.mp4
Directory                       : .
File Size                       : 1013 kB
File Modification Date/Time     : 2026:01:07 17:27:34-06:00
File Access Date/Time           : 2026:01:12 10:56:57-06:00
File Inode Change Date/Time     : 2026:01:11 15:22:34-06:00
File Permissions                : -rw-r--r--
File Type                       : MP4
File Type Extension             : mp4
MIME Type                       : video/mp4
Major Brand                     : MP4 Base Media v1 [IS0 14496-12:2003]
Minor Version                   : 0.2.0
Compatible Brands               : isom, iso2, avc1, mp41
Movie Header Version            : 0
Create Date                     : 0000:00:00 00:00:00
Modify Date                     : 0000:00:00 00:00:00
Time Scale                      : 1000
Duration                        : 6.00 s
Preferred Rate                  : 1
Preferred Volume                : 100.00%
Preview Time                    : 0 s
Preview Duration                : 0 s
Poster Time                     : 0 s
Selection Time                  : 0 s
Selection Duration              : 0 s
Current Time                    : 0 s
Next Track ID                   : 2
Track Header Version            : 0
Track Create Date               : 0000:00:00 00:00:00
Track Modify Date               : 0000:00:00 00:00:00
Track ID                        : 1
Track Duration                  : 6.00 s
Track Layer                     : 0
Track Volume                    : 0.00%
Matrix Structure                : 1 0 0 0 1 0 0 0 1
Image Width                     : 456
Image Height                    : 264
Media Header Version            : 0
Media Create Date               : 0000:00:00 00:00:00
Media Modify Date               : 0000:00:00 00:00:00
Media Time Scale                : 10240
Media Duration                  : 6.00 s
Media Language Code             : und
Handler Description             : VideoHandler
Graphics Mode                   : srcCopy
Op Color                        : 0 0 0
Compressor ID                   : avc1
Source Image Width              : 456
Source Image Height             : 264
X Resolution                    : 72
Y Resolution                    : 72
Compressor Name                 : Lavc62.11.100 libx264
Bit Depth                       : 24
Color Profiles                  : nclx
Color Primaries                 : BT.709
Transfer Characteristics        : BT.709
Matrix Coefficients             : BT.709
Video Full Range Flag           : Limited
Buffer Size                     : 0
Max Bitrate                     : 1349022
Average Bitrate                 : 0
Video Frame Rate                : 10
Handler Type                    : Metadata
Handler Vendor ID               : Apple
Encoder                         : Lavf62.3.100
Media Data Size                 : 1011767
Media Data Offset               : 1099
Image Size                      : 456x264
Megapixels                      : 0.120
Avg Bitrate                     : 1.35 Mbps
Rotation                        : 0
   22 image files read
