======== ./01a.jpg
ExifTool Version Number         : 13.44
File Name                       : 01a.jpg
Directory                       : .
File Size                       : 124 kB
File Modification Date/Time     : 2026:01:07 16:44:16-06:00
File Access Date/Time           : 2026:01:12 10:54:30-06:00
File Inode Change Date/Time     : 2026:01:07 16:44:16-06:00
File Permissions                : -rw-r--r--
File Type                       : JPEG
File Type Extension             : jpg
MIME Type                       : image/jpeg
Exif Byte Order                 : Big-endian (Motorola, MM)
Make                            : HP
Camera Model Name               : Deskjet F4400 series
Orientation                     : Horizontal (normal)
X Resolution                    : 72
Y Resolution                    : 72
Resolution Unit                 : inches
Software                        : Adobe Photoshop 25.3 (Macintosh)
Modify Date                     : 2024:06:30 09:02:18
Y Cb Cr Positioning             : Centered
Exif Version                    : 0221
Create Date                     : 2024:06:30 08:01:10
Components Configuration        : Y, Cb, Cr, -
Flashpix Version                : 0100
Color Space                     : Uncalibrated
Exif Image Width                : 1641
Exif Image Height               : 1479
Scene Capture Type              : Standard
XMP Toolkit                     : XMP Core 6.0.0
Creator Tool                    : Adobe Photoshop 25.3 (Macintosh)
Image Width                     : 500
Image Height                    : 442
Encoding Process                : Baseline DCT, Huffman coding
Bits Per Sample                 : 8
Color Components                : 3
Y Cb Cr Sub Sampling            : YCbCr4:2:0 (2 2)
Image Size                      : 500x442
Megapixels                      : 0.221
======== ./01b.jpg
ExifTool Version Number         : 13.44
File Name                       : 01b.jpg
Directory                       : .
File Size                       : 107 kB
File Modification Date/Time     : 2026:01:07 16:44:16-06:00
File Access Date/Time           : 2026:01:12 10:54:30-06:00
File Inode Change Date/Time     : 2026:01:07 16:44:16-06:00
File Permissions                : -rw-r--r--
File Type                       : JPEG
File Type Extension             : jpg
MIME Type                       : image/jpeg
Exif Byte Order                 : Big-endian (Motorola, MM)
Make                            : HP
Camera Model Name               : Deskjet F4400 series
Orientation                     : Horizontal (normal)
X Resolution                    : 72
Y Resolution                    : 72
Resolution Unit                 : inches
Software                        : Adobe Photoshop 25.3 (Macintosh)
Modify Date                     : 2024:06:30 09:04:20
Y Cb Cr Positioning             : Centered
Exif Version                    : 0221
Create Date                     : 2024:06:30 09:00:54
Components Configuration        : Y, Cb, Cr, -
Flashpix Version                : 0100
Color Space                     : Uncalibrated
Exif Image Width                : 1641
Exif Image Height               : 1479
Scene Capture Type              : Standard
XMP Toolkit                     : XMP Core 6.0.0
Creator Tool                    : Adobe Photoshop 25.3 (Macintosh)
Image Width                     : 500
Image Height                    : 442
Encoding Process                : Baseline DCT, Huffman coding
Bits Per Sample                 : 8
Color Components                : 3
Y Cb Cr Sub Sampling            : YCbCr4:2:0 (2 2)
Image Size                      : 500x442
Megapixels                      : 0.221
======== ./02a.jpg
ExifTool Version Number         : 13.44
File Name                       : 02a.jpg
Directory                       : .
File Size                       : 83 kB
File Modification Date/Time     : 2026:01:07 16:44:15-06:00
File Access Date/Time           : 2026:01:12 10:54:30-06:00
File Inode Change Date/Time     : 2026:01:07 16:44:15-06:00
File Permissions                : -rw-r--r--
File Type                       : JPEG
File Type Extension             : jpg
MIME Type                       : image/jpeg
Exif Byte Order                 : Big-endian (Motorola, MM)
Orientation                     : Horizontal (normal)
X Resolution                    : 72
Y Resolution                    : 72
Resolution Unit                 : inches
Software                        : Adobe Photoshop 25.3 (Macintosh)
Y Cb Cr Positioning             : Centered
Exif Version                    : 0221
Components Configuration        : Y, Cb, Cr, -
Flashpix Version                : 0100
Color Space                     : sRGB
Exif Image Width                : 1300
Exif Image Height               : 1080
Scene Capture Type              : Standard
XMP Toolkit                     : XMP Core 6.0.0
Creator Tool                    : Adobe Photoshop 25.3 (Macintosh)
Profile CMM Type                : Apple Computer Inc.
Profile Version                 : 2.2.0
Profile Class                   : Display Device Profile
Color Space Data                : RGB
Profile Connection Space        : XYZ
Profile Date Time               : 2009:02:25 11:26:11
Profile File Signature          : acsp
Primary Platform                : Apple Computer Inc.
CMM Flags                       : Not Embedded, Independent
Device Manufacturer             : Apple Computer Inc.
Device Model                    : 
Device Attributes               : Reflective, Glossy, Positive, Color
Rendering Intent                : Perceptual
Connection Space Illuminant     : 0.9642 1 0.82491
Profile Creator                 : Apple Computer Inc.
Profile ID                      : 0
Profile Description             : Generic RGB Profile
Profile Description ML (sk-SK)  : Všeobecný RGB profil
Profile Description ML (da-DK)  : Generel RGB-profil
Profile Description ML (ca-ES)  : Perfil RGB genèric
Profile Description ML (vi-VN)  : Cấu hình RGB Chung
Profile Description ML (pt-BR)  : Perfil RGB Genérico
Profile Description ML (uk-UA)  : Загальний профайл RGB
Profile Description ML (fr-FU)  : Profil générique RVB
Profile Description ML (hu-HU)  : Általános RGB profil
Profile Description ML (zh-TW)  : 通用RGB色彩描述
Profile Description ML (ko-KR)  : 일반 RGB 프로파일
Profile Description ML (nb-NO)  : Generisk RGB-profil
Profile Description ML (cs-CZ)  : Obecný RGB profil
Profile Description ML (he-IL)  : פרופיל RGB כללי
Profile Description ML (ro-RO)  : Profil RGB generic
Profile Description ML (de-DE)  : Allgemeines RGB-Profil
Profile Description ML (it-IT)  : Profilo RGB generico
Profile Description ML (sv-SE)  : Generisk RGB-profil
Profile Description ML (zh-CN)  : 普通RGB描述文件
Profile Description ML (ja-JP)  : 一般 RGB プロファイル
Profile Description ML (el-GR)  : Γενικό προφίλ RGB
Profile Description ML (pt-PO)  : Perfil RGB genérico
Profile Description ML (nl-NL)  : Algemeen RGB-profiel
Profile Description ML (es-ES)  : Perfil RGB genérico
Profile Description ML (th-TH)  : โปรไฟล์ RGB ทั่วไป
Profile Description ML (tr-TR)  : Genel RGB Profili
Profile Description ML (fi-FI)  : Yleinen RGB-profiili
Profile Description ML (hr-HR)  : Generički RGB profil
Profile Description ML (pl-PL)  : Uniwersalny profil RGB
Profile Description ML (ru-RU)  : Общий профиль RGB
Profile Description ML          : Generic RGB Profile
Profile Description ML (ar-EG)  : ملف تعريف RGB العام
Profile Copyright               : Copyright 2007 Apple Inc., all rights reserved.
Media White Point               : 0.95047 1 1.0891
Red Matrix Column               : 0.4543 0.24191 0.01489
Green Matrix Column             : 0.35335 0.67363 0.09064
Blue Matrix Column              : 0.15665 0.08446 0.71957
Red Tone Reproduction Curve     : (Binary data 14 bytes, use -b option to extract)
Chromatic Adaptation            : 1.04788 0.02292 -0.0502 0.02957 0.99049 -0.01706 -0.00923 0.01508 0.75165
Blue Tone Reproduction Curve    : (Binary data 14 bytes, use -b option to extract)
Green Tone Reproduction Curve   : (Binary data 14 bytes, use -b option to extract)
Image Width                     : 500
Image Height                    : 442
Encoding Process                : Baseline DCT, Huffman coding
Bits Per Sample                 : 8
Color Components                : 3
Y Cb Cr Sub Sampling            : YCbCr4:2:0 (2 2)
Image Size                      : 500x442
Megapixels                      : 0.221
======== ./02b.jpg
ExifTool Version Number         : 13.44
File Name                       : 02b.jpg
Directory                       : .
File Size                       : 73 kB
File Modification Date/Time     : 2026:01:07 16:44:15-06:00
File Access Date/Time           : 2026:01:12 10:54:30-06:00
File Inode Change Date/Time     : 2026:01:07 16:44:15-06:00
File Permissions                : -rw-r--r--
File Type                       : JPEG
File Type Extension             : jpg
MIME Type                       : image/jpeg
Exif Byte Order                 : Big-endian (Motorola, MM)
Orientation                     : Horizontal (normal)
X Resolution                    : 72
Y Resolution                    : 72
Resolution Unit                 : inches
Software                        : Adobe Photoshop 25.3 (Macintosh)
Y Cb Cr Positioning             : Centered
Exif Version                    : 0221
Components Configuration        : Y, Cb, Cr, -
Flashpix Version                : 0100
Color Space                     : sRGB
Exif Image Width                : 1267
Exif Image Height               : 1080
Scene Capture Type              : Standard
XMP Toolkit                     : XMP Core 6.0.0
Creator Tool                    : Adobe Photoshop 25.3 (Macintosh)
Profile CMM Type                : Apple Computer Inc.
Profile Version                 : 2.2.0
Profile Class                   : Display Device Profile
Color Space Data                : RGB
Profile Connection Space        : XYZ
Profile Date Time               : 2009:02:25 11:26:11
Profile File Signature          : acsp
Primary Platform                : Apple Computer Inc.
CMM Flags                       : Not Embedded, Independent
Device Manufacturer             : Apple Computer Inc.
Device Model                    : 
Device Attributes               : Reflective, Glossy, Positive, Color
Rendering Intent                : Perceptual
Connection Space Illuminant     : 0.9642 1 0.82491
Profile Creator                 : Apple Computer Inc.
Profile ID                      : 0
Profile Description             : Generic RGB Profile
Profile Description ML (sk-SK)  : Všeobecný RGB profil
Profile Description ML (da-DK)  : Generel RGB-profil
Profile Description ML (ca-ES)  : Perfil RGB genèric
Profile Description ML (vi-VN)  : Cấu hình RGB Chung
Profile Description ML (pt-BR)  : Perfil RGB Genérico
Profile Description ML (uk-UA)  : Загальний профайл RGB
Profile Description ML (fr-FU)  : Profil générique RVB
Profile Description ML (hu-HU)  : Általános RGB profil
Profile Description ML (zh-TW)  : 通用RGB色彩描述
Profile Description ML (ko-KR)  : 일반 RGB 프로파일
Profile Description ML (nb-NO)  : Generisk RGB-profil
Profile Description ML (cs-CZ)  : Obecný RGB profil
Profile Description ML (he-IL)  : פרופיל RGB כללי
Profile Description ML (ro-RO)  : Profil RGB generic
Profile Description ML (de-DE)  : Allgemeines RGB-Profil
Profile Description ML (it-IT)  : Profilo RGB generico
Profile Description ML (sv-SE)  : Generisk RGB-profil
Profile Description ML (zh-CN)  : 普通RGB描述文件
Profile Description ML (ja-JP)  : 一般 RGB プロファイル
Profile Description ML (el-GR)  : Γενικό προφίλ RGB
Profile Description ML (pt-PO)  : Perfil RGB genérico
Profile Description ML (nl-NL)  : Algemeen RGB-profiel
Profile Description ML (es-ES)  : Perfil RGB genérico
Profile Description ML (th-TH)  : โปรไฟล์ RGB ทั่วไป
Profile Description ML (tr-TR)  : Genel RGB Profili
Profile Description ML (fi-FI)  : Yleinen RGB-profiili
Profile Description ML (hr-HR)  : Generički RGB profil
Profile Description ML (pl-PL)  : Uniwersalny profil RGB
Profile Description ML (ru-RU)  : Общий профиль RGB
Profile Description ML          : Generic RGB Profile
Profile Description ML (ar-EG)  : ملف تعريف RGB العام
Profile Copyright               : Copyright 2007 Apple Inc., all rights reserved.
Media White Point               : 0.95047 1 1.0891
Red Matrix Column               : 0.4543 0.24191 0.01489
Green Matrix Column             : 0.35335 0.67363 0.09064
Blue Matrix Column              : 0.15665 0.08446 0.71957
Red Tone Reproduction Curve     : (Binary data 14 bytes, use -b option to extract)
Chromatic Adaptation            : 1.04788 0.02292 -0.0502 0.02957 0.99049 -0.01706 -0.00923 0.01508 0.75165
Blue Tone Reproduction Curve    : (Binary data 14 bytes, use -b option to extract)
Green Tone Reproduction Curve   : (Binary data 14 bytes, use -b option to extract)
Image Width                     : 500
Image Height                    : 442
Encoding Process                : Baseline DCT, Huffman coding
Bits Per Sample                 : 8
Color Components                : 3
Y Cb Cr Sub Sampling            : YCbCr4:2:0 (2 2)
Image Size                      : 500x442
Megapixels                      : 0.221
======== ./03a.jpg
ExifTool Version Number         : 13.44
File Name                       : 03a.jpg
Directory                       : .
File Size                       : 65 kB
File Modification Date/Time     : 2026:01:07 16:44:15-06:00
File Access Date/Time           : 2026:01:12 10:54:30-06:00
File Inode Change Date/Time     : 2026:01:07 16:44:15-06:00
File Permissions                : -rw-r--r--
File Type                       : JPEG
File Type Extension             : jpg
MIME Type                       : image/jpeg
Exif Byte Order                 : Big-endian (Motorola, MM)
Make                            : HP
Camera Model Name               : Deskjet F4400 series
Orientation                     : Horizontal (normal)
X Resolution                    : 72
Y Resolution                    : 72
Resolution Unit                 : inches
Software                        : Apple Image Capture
Host Computer                   : Apple Mac OS X
Y Cb Cr Positioning             : Centered
Exif Version                    : 0221
Components Configuration        : Y, Cb, Cr, -
Flashpix Version                : 0100
Color Space                     : sRGB
Exif Image Width                : 1116
Exif Image Height               : 984
Scene Capture Type              : Standard
XMP Toolkit                     : XMP Core 6.0.0
Creator Tool                    : Apple Image Capture
Image Width                     : 500
Image Height                    : 442
Encoding Process                : Baseline DCT, Huffman coding
Bits Per Sample                 : 8
Color Components                : 3
Y Cb Cr Sub Sampling            : YCbCr4:2:0 (2 2)
Image Size                      : 500x442
Megapixels                      : 0.221
======== ./03b.jpg
ExifTool Version Number         : 13.44
File Name                       : 03b.jpg
Directory                       : .
File Size                       : 70 kB
File Modification Date/Time     : 2026:01:07 16:44:15-06:00
File Access Date/Time           : 2026:01:12 10:54:30-06:00
File Inode Change Date/Time     : 2026:01:07 16:44:15-06:00
File Permissions                : -rw-r--r--
File Type                       : JPEG
File Type Extension             : jpg
MIME Type                       : image/jpeg
Exif Byte Order                 : Big-endian (Motorola, MM)
Make                            : HP
Camera Model Name               : Deskjet F4400 series
Orientation                     : Horizontal (normal)
X Resolution                    : 72
Y Resolution                    : 72
Resolution Unit                 : inches
Software                        : Apple Image Capture
Host Computer                   : Apple Mac OS X
Y Cb Cr Positioning             : Centered
Exif Version                    : 0221
Components Configuration        : Y, Cb, Cr, -
Flashpix Version                : 0100
Color Space                     : sRGB
Exif Image Width                : 1101
Exif Image Height               : 986
Scene Capture Type              : Standard
XMP Toolkit                     : XMP Core 6.0.0
Creator Tool                    : Apple Image Capture
Image Width                     : 500
Image Height                    : 442
Encoding Process                : Baseline DCT, Huffman coding
Bits Per Sample                 : 8
Color Components                : 3
Y Cb Cr Sub Sampling            : YCbCr4:2:0 (2 2)
Image Size                      : 500x442
Megapixels                      : 0.221
======== ./04a.jpg
ExifTool Version Number         : 13.44
File Name                       : 04a.jpg
Directory                       : .
File Size                       : 77 kB
File Modification Date/Time     : 2026:01:07 16:44:15-06:00
File Access Date/Time           : 2026:01:12 10:54:30-06:00
File Inode Change Date/Time     : 2026:01:07 16:44:15-06:00
File Permissions                : -rw-r--r--
File Type                       : JPEG
File Type Extension             : jpg
MIME Type                       : image/jpeg
Exif Byte Order                 : Big-endian (Motorola, MM)
Orientation                     : Horizontal (normal)
X Resolution                    : 72
Y Resolution                    : 72
Resolution Unit                 : inches
Y Cb Cr Positioning             : Centered
Exif Version                    : 0221
Components Configuration        : Y, Cb, Cr, -
Flashpix Version                : 0100
Color Space                     : sRGB
Exif Image Width                : 1213
Exif Image Height               : 1080
Scene Capture Type              : Standard
Image Width                     : 500
Image Height                    : 442
Encoding Process                : Baseline DCT, Huffman coding
Bits Per Sample                 : 8
Color Components                : 3
Y Cb Cr Sub Sampling            : YCbCr4:2:0 (2 2)
Image Size                      : 500x442
Megapixels                      : 0.221
======== ./04b.jpg
ExifTool Version Number         : 13.44
File Name                       : 04b.jpg
Directory                       : .
File Size                       : 65 kB
File Modification Date/Time     : 2026:01:07 16:44:15-06:00
File Access Date/Time           : 2026:01:12 10:54:30-06:00
File Inode Change Date/Time     : 2026:01:07 16:44:15-06:00
File Permissions                : -rw-r--r--
File Type                       : JPEG
File Type Extension             : jpg
MIME Type                       : image/jpeg
Exif Byte Order                 : Big-endian (Motorola, MM)
Orientation                     : Horizontal (normal)
X Resolution                    : 72
Y Resolution                    : 72
Resolution Unit                 : inches
Y Cb Cr Positioning             : Centered
Exif Version                    : 0221
Components Configuration        : Y, Cb, Cr, -
Flashpix Version                : 0100
Color Space                     : sRGB
Exif Image Width                : 1213
Exif Image Height               : 1080
Scene Capture Type              : Standard
Image Width                     : 500
Image Height                    : 442
Encoding Process                : Baseline DCT, Huffman coding
Bits Per Sample                 : 8
Color Components                : 3
Y Cb Cr Sub Sampling            : YCbCr4:2:0 (2 2)
Image Size                      : 500x442
Megapixels                      : 0.221
======== ./05a.jpg
ExifTool Version Number         : 13.44
File Name                       : 05a.jpg
Directory                       : .
File Size                       : 93 kB
File Modification Date/Time     : 2026:01:07 16:44:15-06:00
File Access Date/Time           : 2026:01:12 10:54:30-06:00
File Inode Change Date/Time     : 2026:01:07 16:44:15-06:00
File Permissions                : -rw-r--r--
File Type                       : JPEG
File Type Extension             : jpg
MIME Type                       : image/jpeg
Exif Byte Order                 : Big-endian (Motorola, MM)
Make                            : HP
Camera Model Name               : Deskjet F4400 series
Orientation                     : Horizontal (normal)
X Resolution                    : 72
Y Resolution                    : 72
Resolution Unit                 : inches
Software                        : Adobe Photoshop 25.3 (Macintosh)
Modify Date                     : 2024:08:25 04:18:23
Host Computer                   : Apple Mac OS X
Y Cb Cr Positioning             : Centered
Exif Version                    : 0221
Create Date                     : 2024:08:25 04:12:04
Components Configuration        : Y, Cb, Cr, -
Flashpix Version                : 0100
Color Space                     : sRGB
Exif Image Width                : 1105
Exif Image Height               : 992
Scene Capture Type              : Standard
XMP Toolkit                     : XMP Core 6.0.0
Creator Tool                    : Adobe Photoshop 25.3 (Macintosh)
Image Width                     : 500
Image Height                    : 442
Encoding Process                : Baseline DCT, Huffman coding
Bits Per Sample                 : 8
Color Components                : 3
Y Cb Cr Sub Sampling            : YCbCr4:2:0 (2 2)
Image Size                      : 500x442
Megapixels                      : 0.221
======== ./05b.jpg
ExifTool Version Number         : 13.44
File Name                       : 05b.jpg
Directory                       : .
File Size                       : 85 kB
File Modification Date/Time     : 2026:01:07 16:44:15-06:00
File Access Date/Time           : 2026:01:12 10:54:30-06:00
File Inode Change Date/Time     : 2026:01:07 16:44:15-06:00
File Permissions                : -rw-r--r--
File Type                       : JPEG
File Type Extension             : jpg
MIME Type                       : image/jpeg
Exif Byte Order                 : Big-endian (Motorola, MM)
Camera Model Name               : HP Deskjet F4400 series
Orientation                     : Horizontal (normal)
X Resolution                    : 72
Y Resolution                    : 72
Resolution Unit                 : inches
Software                        : Adobe Photoshop 25.3 (Macintosh)
Modify Date                     : 2024:08:25 04:18:28
Y Cb Cr Positioning             : Centered
Exif Version                    : 0221
Create Date                     : 2024:08:25 04:16:38
Components Configuration        : Y, Cb, Cr, -
Flashpix Version                : 0100
Color Space                     : sRGB
Exif Image Width                : 1105
Exif Image Height               : 993
Scene Capture Type              : Standard
XMP Toolkit                     : XMP Core 6.0.0
Creator Tool                    : Adobe Photoshop 25.3 (Macintosh)
Image Width                     : 500
Image Height                    : 442
Encoding Process                : Baseline DCT, Huffman coding
Bits Per Sample                 : 8
Color Components                : 3
Y Cb Cr Sub Sampling            : YCbCr4:2:0 (2 2)
Image Size                      : 500x442
Megapixels                      : 0.221
======== ./06a.jpg
ExifTool Version Number         : 13.44
File Name                       : 06a.jpg
Directory                       : .
File Size                       : 98 kB
File Modification Date/Time     : 2026:01:07 16:44:15-06:00
File Access Date/Time           : 2026:01:12 06:00:57-06:00
File Inode Change Date/Time     : 2026:01:07 16:44:15-06:00
File Permissions                : -rw-r--r--
File Type                       : JPEG
File Type Extension             : jpg
MIME Type                       : image/jpeg
Exif Byte Order                 : Big-endian (Motorola, MM)
Orientation                     : Horizontal (normal)
X Resolution                    : 72
Y Resolution                    : 72
Resolution Unit                 : inches
Y Cb Cr Positioning             : Centered
Exif Version                    : 0210
Components Configuration        : Y, Cb, Cr, -
Flashpix Version                : 0100
Color Space                     : Uncalibrated
Exif Image Width                : 600
Exif Image Height               : 519
Scene Capture Type              : Standard
Image Width                     : 500
Image Height                    : 442
Encoding Process                : Baseline DCT, Huffman coding
Bits Per Sample                 : 8
Color Components                : 3
Y Cb Cr Sub Sampling            : YCbCr4:2:0 (2 2)
Image Size                      : 500x442
Megapixels                      : 0.221
======== ./06b.jpg
ExifTool Version Number         : 13.44
File Name                       : 06b.jpg
Directory                       : .
File Size                       : 128 kB
File Modification Date/Time     : 2026:01:07 16:44:15-06:00
File Access Date/Time           : 2026:01:12 06:00:57-06:00
File Inode Change Date/Time     : 2026:01:07 16:44:15-06:00
File Permissions                : -rw-r--r--
File Type                       : JPEG
File Type Extension             : jpg
MIME Type                       : image/jpeg
Exif Byte Order                 : Big-endian (Motorola, MM)
Make                            : HP
Camera Model Name               : Deskjet F4400 series
Orientation                     : Horizontal (normal)
X Resolution                    : 72
Y Resolution                    : 72
Resolution Unit                 : inches
Software                        : Apple Image Capture
Host Computer                   : Apple Mac OS X
Y Cb Cr Positioning             : Centered
Exif Version                    : 0221
Components Configuration        : Y, Cb, Cr, -
Flashpix Version                : 0100
Color Space                     : sRGB
Exif Image Width                : 1130
Exif Image Height               : 989
Scene Capture Type              : Standard
XMP Toolkit                     : XMP Core 6.0.0
Creator Tool                    : Apple Image Capture
Image Width                     : 500
Image Height                    : 442
Encoding Process                : Baseline DCT, Huffman coding
Bits Per Sample                 : 8
Color Components                : 3
Y Cb Cr Sub Sampling            : YCbCr4:2:0 (2 2)
Image Size                      : 500x442
Megapixels                      : 0.221
======== ./07a.jpg
ExifTool Version Number         : 13.44
File Name                       : 07a.jpg
Directory                       : .
File Size                       : 82 kB
File Modification Date/Time     : 2026:01:07 16:44:15-06:00
File Access Date/Time           : 2026:01:12 06:00:57-06:00
File Inode Change Date/Time     : 2026:01:07 16:44:15-06:00
File Permissions                : -rw-r--r--
File Type                       : JPEG
File Type Extension             : jpg
MIME Type                       : image/jpeg
Exif Byte Order                 : Big-endian (Motorola, MM)
Orientation                     : Horizontal (normal)
X Resolution                    : 72
Y Resolution                    : 72
Resolution Unit                 : inches
Y Cb Cr Positioning             : Centered
Exif Version                    : 0221
Components Configuration        : Y, Cb, Cr, -
Flashpix Version                : 0100
Color Space                     : sRGB
Exif Image Width                : 500
Exif Image Height               : 442
Scene Capture Type              : Standard
Image Width                     : 500
Image Height                    : 442
Encoding Process                : Baseline DCT, Huffman coding
Bits Per Sample                 : 8
Color Components                : 3
Y Cb Cr Sub Sampling            : YCbCr4:2:0 (2 2)
Image Size                      : 500x442
Megapixels                      : 0.221
======== ./07b.jpg
ExifTool Version Number         : 13.44
File Name                       : 07b.jpg
Directory                       : .
File Size                       : 64 kB
File Modification Date/Time     : 2026:01:07 16:44:15-06:00
File Access Date/Time           : 2026:01:12 06:00:57-06:00
File Inode Change Date/Time     : 2026:01:07 16:44:15-06:00
File Permissions                : -rw-r--r--
File Type                       : JPEG
File Type Extension             : jpg
MIME Type                       : image/jpeg
Exif Byte Order                 : Big-endian (Motorola, MM)
Orientation                     : Horizontal (normal)
X Resolution                    : 72
Y Resolution                    : 72
Resolution Unit                 : inches
Y Cb Cr Positioning             : Centered
Exif Version                    : 0221
Components Configuration        : Y, Cb, Cr, -
Flashpix Version                : 0100
Color Space                     : sRGB
Exif Image Width                : 500
Exif Image Height               : 424
Scene Capture Type              : Standard
Image Width                     : 500
Image Height                    : 442
Encoding Process                : Baseline DCT, Huffman coding
Bits Per Sample                 : 8
Color Components                : 3
Y Cb Cr Sub Sampling            : YCbCr4:2:0 (2 2)
Image Size                      : 500x442
Megapixels                      : 0.221
======== ./08a.jpg
ExifTool Version Number         : 13.44
File Name                       : 08a.jpg
Directory                       : .
File Size                       : 70 kB
File Modification Date/Time     : 2026:01:07 16:44:15-06:00
File Access Date/Time           : 2026:01:12 06:00:57-06:00
File Inode Change Date/Time     : 2026:01:07 16:44:15-06:00
File Permissions                : -rw-------
File Type                       : JPEG
File Type Extension             : jpg
MIME Type                       : image/jpeg
Exif Byte Order                 : Big-endian (Motorola, MM)
Make                            : HP
Camera Model Name               : Deskjet F4400 series
Orientation                     : Horizontal (normal)
X Resolution                    : 72
Y Resolution                    : 72
Resolution Unit                 : inches
Software                        : Adobe Photoshop 25.3 (Macintosh)
Modify Date                     : 2024:12:24 12:01:00
Host Computer                   : Apple Mac OS X
Y Cb Cr Positioning             : Centered
Exif Version                    : 0221
Create Date                     : 2024:12:24 11:42:39
Components Configuration        : Y, Cb, Cr, -
Flashpix Version                : 0100
Color Space                     : sRGB
Exif Image Width                : 1701
Exif Image Height               : 1490
Scene Capture Type              : Standard
XMP Toolkit                     : XMP Core 6.0.0
Creator Tool                    : Adobe Photoshop 25.3 (Macintosh)
Image Width                     : 500
Image Height                    : 442
Encoding Process                : Baseline DCT, Huffman coding
Bits Per Sample                 : 8
Color Components                : 3
Y Cb Cr Sub Sampling            : YCbCr4:2:0 (2 2)
Image Size                      : 500x442
Megapixels                      : 0.221
======== ./08b.jpg
ExifTool Version Number         : 13.44
File Name                       : 08b.jpg
Directory                       : .
File Size                       : 67 kB
File Modification Date/Time     : 2026:01:07 16:44:15-06:00
File Access Date/Time           : 2026:01:12 06:00:57-06:00
File Inode Change Date/Time     : 2026:01:07 16:44:15-06:00
File Permissions                : -rw-r--r--
File Type                       : JPEG
File Type Extension             : jpg
MIME Type                       : image/jpeg
Exif Byte Order                 : Big-endian (Motorola, MM)
Make                            : HP
Camera Model Name               : Deskjet F4400 series
Orientation                     : Horizontal (normal)
X Resolution                    : 72
Y Resolution                    : 72
Resolution Unit                 : inches
Software                        : Apple Image Capture
Host Computer                   : Apple Mac OS X
Y Cb Cr Positioning             : Centered
Exif Version                    : 0221
Components Configuration        : Y, Cb, Cr, -
Flashpix Version                : 0100
Color Space                     : sRGB
Exif Image Width                : 1115
Exif Image Height               : 980
Scene Capture Type              : Standard
XMP Toolkit                     : XMP Core 6.0.0
Creator Tool                    : Apple Image Capture
Image Width                     : 500
Image Height                    : 442
Encoding Process                : Baseline DCT, Huffman coding
Bits Per Sample                 : 8
Color Components                : 3
Y Cb Cr Sub Sampling            : YCbCr4:2:0 (2 2)
Image Size                      : 500x442
Megapixels                      : 0.221
======== ./09a.jpg
ExifTool Version Number         : 13.44
File Name                       : 09a.jpg
Directory                       : .
File Size                       : 91 kB
File Modification Date/Time     : 2026:01:07 16:44:14-06:00
File Access Date/Time           : 2026:01:12 10:54:30-06:00
File Inode Change Date/Time     : 2026:01:07 16:44:14-06:00
File Permissions                : -rw-r--r--
File Type                       : JPEG
File Type Extension             : jpg
MIME Type                       : image/jpeg
Exif Byte Order                 : Big-endian (Motorola, MM)
Orientation                     : Horizontal (normal)
X Resolution                    : 72
Y Resolution                    : 72
Resolution Unit                 : inches
Y Cb Cr Positioning             : Centered
Exif Version                    : 0221
Components Configuration        : Y, Cb, Cr, -
Flashpix Version                : 0100
Color Space                     : sRGB
Exif Image Width                : 500
Exif Image Height               : 445
Scene Capture Type              : Standard
Image Width                     : 500
Image Height                    : 442
Encoding Process                : Baseline DCT, Huffman coding
Bits Per Sample                 : 8
Color Components                : 3
Y Cb Cr Sub Sampling            : YCbCr4:2:0 (2 2)
Image Size                      : 500x442
Megapixels                      : 0.221
======== ./09b.jpg
ExifTool Version Number         : 13.44
File Name                       : 09b.jpg
Directory                       : .
File Size                       : 83 kB
File Modification Date/Time     : 2026:01:07 16:44:14-06:00
File Access Date/Time           : 2026:01:12 10:54:30-06:00
File Inode Change Date/Time     : 2026:01:07 16:44:14-06:00
File Permissions                : -rw-r--r--
File Type                       : JPEG
File Type Extension             : jpg
MIME Type                       : image/jpeg
Exif Byte Order                 : Big-endian (Motorola, MM)
Orientation                     : Horizontal (normal)
X Resolution                    : 72
Y Resolution                    : 72
Resolution Unit                 : inches
Y Cb Cr Positioning             : Centered
Exif Version                    : 0221
Components Configuration        : Y, Cb, Cr, -
Flashpix Version                : 0100
Color Space                     : sRGB
Exif Image Width                : 500
Exif Image Height               : 445
Scene Capture Type              : Standard
Image Width                     : 500
Image Height                    : 442
Encoding Process                : Baseline DCT, Huffman coding
Bits Per Sample                 : 8
Color Components                : 3
Y Cb Cr Sub Sampling            : YCbCr4:2:0 (2 2)
Image Size                      : 500x442
Megapixels                      : 0.221
======== ./10a.jpg
ExifTool Version Number         : 13.44
File Name                       : 10a.jpg
Directory                       : .
File Size                       : 93 kB
File Modification Date/Time     : 2026:01:07 16:44:14-06:00
File Access Date/Time           : 2026:01:12 06:00:57-06:00
File Inode Change Date/Time     : 2026:01:07 16:44:14-06:00
File Permissions                : -rw-r--r--
File Type                       : JPEG
File Type Extension             : jpg
MIME Type                       : image/jpeg
Exif Byte Order                 : Big-endian (Motorola, MM)
Orientation                     : Horizontal (normal)
X Resolution                    : 72
Y Resolution                    : 72
Resolution Unit                 : inches
Y Cb Cr Positioning             : Centered
Exif Version                    : 0210
Components Configuration        : Y, Cb, Cr, -
Flashpix Version                : 0100
Color Space                     : Uncalibrated
Exif Image Width                : 599
Exif Image Height               : 524
Scene Capture Type              : Standard
Image Width                     : 500
Image Height                    : 442
Encoding Process                : Baseline DCT, Huffman coding
Bits Per Sample                 : 8
Color Components                : 3
Y Cb Cr Sub Sampling            : YCbCr4:2:0 (2 2)
Image Size                      : 500x442
Megapixels                      : 0.221
======== ./10b.jpg
ExifTool Version Number         : 13.44
File Name                       : 10b.jpg
Directory                       : .
File Size                       : 92 kB
File Modification Date/Time     : 2026:01:07 16:44:14-06:00
File Access Date/Time           : 2026:01:12 10:54:30-06:00
File Inode Change Date/Time     : 2026:01:07 16:44:14-06:00
File Permissions                : -rw-r--r--
File Type                       : JPEG
File Type Extension             : jpg
MIME Type                       : image/jpeg
Exif Byte Order                 : Big-endian (Motorola, MM)
Orientation                     : Horizontal (normal)
X Resolution                    : 72
Y Resolution                    : 72
Resolution Unit                 : inches
Y Cb Cr Positioning             : Centered
Exif Version                    : 0221
Components Configuration        : Y, Cb, Cr, -
Flashpix Version                : 0100
Color Space                     : sRGB
Exif Image Width                : 500
Exif Image Height               : 437
Scene Capture Type              : Standard
Image Width                     : 500
Image Height                    : 442
Encoding Process                : Baseline DCT, Huffman coding
Bits Per Sample                 : 8
Color Components                : 3
Y Cb Cr Sub Sampling            : YCbCr4:2:0 (2 2)
Image Size                      : 500x442
Megapixels                      : 0.221
======== ./11a.jpg
ExifTool Version Number         : 13.44
File Name                       : 11a.jpg
Directory                       : .
File Size                       : 78 kB
File Modification Date/Time     : 2026:01:07 16:44:16-06:00
File Access Date/Time           : 2026:01:12 06:00:57-06:00
File Inode Change Date/Time     : 2026:01:07 16:44:16-06:00
File Permissions                : -rw-r--r--
File Type                       : JPEG
File Type Extension             : jpg
MIME Type                       : image/jpeg
Exif Byte Order                 : Big-endian (Motorola, MM)
Orientation                     : Horizontal (normal)
X Resolution                    : 72
Y Resolution                    : 72
Resolution Unit                 : inches
Y Cb Cr Positioning             : Centered
Exif Version                    : 0221
Components Configuration        : Y, Cb, Cr, -
Flashpix Version                : 0100
Color Space                     : sRGB
Exif Image Width                : 500
Exif Image Height               : 434
Scene Capture Type              : Standard
Image Width                     : 500
Image Height                    : 442
Encoding Process                : Baseline DCT, Huffman coding
Bits Per Sample                 : 8
Color Components                : 3
Y Cb Cr Sub Sampling            : YCbCr4:2:0 (2 2)
Image Size                      : 500x442
Megapixels                      : 0.221
======== ./11b.jpg
ExifTool Version Number         : 13.44
File Name                       : 11b.jpg
Directory                       : .
File Size                       : 71 kB
File Modification Date/Time     : 2026:01:07 16:44:14-06:00
File Access Date/Time           : 2026:01:12 06:00:57-06:00
File Inode Change Date/Time     : 2026:01:07 16:44:14-06:00
File Permissions                : -rw-r--r--
File Type                       : JPEG
File Type Extension             : jpg
MIME Type                       : image/jpeg
Exif Byte Order                 : Big-endian (Motorola, MM)
Orientation                     : Horizontal (normal)
X Resolution                    : 72
Y Resolution                    : 72
Resolution Unit                 : inches
Y Cb Cr Positioning             : Centered
Exif Version                    : 0221
Components Configuration        : Y, Cb, Cr, -
Flashpix Version                : 0100
Color Space                     : sRGB
Exif Image Width                : 500
Exif Image Height               : 441
Scene Capture Type              : Standard
Image Width                     : 500
Image Height                    : 442
Encoding Process                : Baseline DCT, Huffman coding
Bits Per Sample                 : 8
Color Components                : 3
Y Cb Cr Sub Sampling            : YCbCr4:2:0 (2 2)
Image Size                      : 500x442
Megapixels                      : 0.221
======== ./12a.jpg
ExifTool Version Number         : 13.44
File Name                       : 12a.jpg
Directory                       : .
File Size                       : 70 kB
File Modification Date/Time     : 2026:01:07 16:44:14-06:00
File Access Date/Time           : 2026:01:12 10:54:30-06:00
File Inode Change Date/Time     : 2026:01:07 16:44:14-06:00
File Permissions                : -rw-r--r--
File Type                       : JPEG
File Type Extension             : jpg
MIME Type                       : image/jpeg
Exif Byte Order                 : Big-endian (Motorola, MM)
Orientation                     : Horizontal (normal)
X Resolution                    : 72
Y Resolution                    : 72
Resolution Unit                 : inches
Y Cb Cr Positioning             : Centered
Exif Version                    : 0221
Components Configuration        : Y, Cb, Cr, -
Flashpix Version                : 0100
Color Space                     : sRGB
Exif Image Width                : 500
Exif Image Height               : 441
Scene Capture Type              : Standard
Image Width                     : 500
Image Height                    : 442
Encoding Process                : Baseline DCT, Huffman coding
Bits Per Sample                 : 8
Color Components                : 3
Y Cb Cr Sub Sampling            : YCbCr4:2:0 (2 2)
Image Size                      : 500x442
Megapixels                      : 0.221
======== ./12b.jpg
ExifTool Version Number         : 13.44
File Name                       : 12b.jpg
Directory                       : .
File Size                       : 77 kB
File Modification Date/Time     : 2026:01:07 16:44:14-06:00
File Access Date/Time           : 2026:01:12 10:54:30-06:00
File Inode Change Date/Time     : 2026:01:07 16:44:14-06:00
File Permissions                : -rw-r--r--
File Type                       : JPEG
File Type Extension             : jpg
MIME Type                       : image/jpeg
Exif Byte Order                 : Big-endian (Motorola, MM)
Orientation                     : Horizontal (normal)
X Resolution                    : 72
Y Resolution                    : 72
Resolution Unit                 : inches
Y Cb Cr Positioning             : Centered
Exif Version                    : 0221
Components Configuration        : Y, Cb, Cr, -
Flashpix Version                : 0100
Color Space                     : sRGB
Exif Image Width                : 500
Exif Image Height               : 441
Scene Capture Type              : Standard
Image Width                     : 500
Image Height                    : 442
Encoding Process                : Baseline DCT, Huffman coding
Bits Per Sample                 : 8
Color Components                : 3
Y Cb Cr Sub Sampling            : YCbCr4:2:0 (2 2)
Image Size                      : 500x442
Megapixels                      : 0.221
======== ./13a.jpg
ExifTool Version Number         : 13.44
File Name                       : 13a.jpg
Directory                       : .
File Size                       : 49 kB
File Modification Date/Time     : 2026:01:07 16:44:14-06:00
File Access Date/Time           : 2026:01:12 10:54:37-06:00
File Inode Change Date/Time     : 2026:01:07 16:44:14-06:00
File Permissions                : -rw-r--r--
File Type                       : JPEG
File Type Extension             : jpg
MIME Type                       : image/jpeg
Exif Byte Order                 : Big-endian (Motorola, MM)
Orientation                     : Horizontal (normal)
X Resolution                    : 72
Y Resolution                    : 72
Resolution Unit                 : inches
Y Cb Cr Positioning             : Centered
Exif Version                    : 0210
Components Configuration        : Y, Cb, Cr, -
Flashpix Version                : 0100
Color Space                     : Uncalibrated
Exif Image Width                : 600
Exif Image Height               : 523
Scene Capture Type              : Standard
Image Width                     : 500
Image Height                    : 442
Encoding Process                : Baseline DCT, Huffman coding
Bits Per Sample                 : 8
Color Components                : 3
Y Cb Cr Sub Sampling            : YCbCr4:2:0 (2 2)
Image Size                      : 500x442
Megapixels                      : 0.221
======== ./13b.jpg
ExifTool Version Number         : 13.44
File Name                       : 13b.jpg
Directory                       : .
File Size                       : 67 kB
File Modification Date/Time     : 2026:01:07 16:44:14-06:00
File Access Date/Time           : 2026:01:12 06:00:57-06:00
File Inode Change Date/Time     : 2026:01:07 16:44:14-06:00
File Permissions                : -rw-r--r--
File Type                       : JPEG
File Type Extension             : jpg
MIME Type                       : image/jpeg
Exif Byte Order                 : Big-endian (Motorola, MM)
Make                            : HP
Camera Model Name               : Deskjet F4400 series
Orientation                     : Horizontal (normal)
X Resolution                    : 72
Y Resolution                    : 72
Resolution Unit                 : inches
Software                        : Adobe Photoshop 25.3 (Macintosh)
Modify Date                     : 2026:01:07 16:24:33
Host Computer                   : Apple Mac OS X
Y Cb Cr Positioning             : Centered
Exif Version                    : 0221
Create Date                     : 2026:01:06 11:10:29
Components Configuration        : Y, Cb, Cr, -
Flashpix Version                : 0100
Color Space                     : sRGB
Exif Image Width                : 1115
Exif Image Height               : 980
Scene Capture Type              : Standard
XMP Toolkit                     : XMP Core 6.0.0
Format                          : image/jpeg
Original Document ID            : xmp.did:6c3c3ef3-1e10-4eb5-9807-23eb87dcc82a
Document ID                     : adobe:docid:photoshop:d1f9e00e-b56b-3849-a9ea-78fbe66b02e9
Instance ID                     : xmp.iid:c941c238-fdae-4e23-b68c-fe49806f1741
Creator Tool                    : Adobe Photoshop 25.3 (Macintosh)
Metadata Date                   : 2026:01:07 16:24:33-06:00
ICC Profile Name                : sRGB IEC61966-2.1
Color Mode                      : RGB
History Software Agent          : Adobe Photoshop 25.3 (Macintosh), Adobe Photoshop 25.3 (Macintosh)
History When                    : 2026:01:06 11:10:29-06:00, 2026:01:07 16:24:33-06:00
History Instance ID             : xmp.iid:6c3c3ef3-1e10-4eb5-9807-23eb87dcc82a, xmp.iid:c941c238-fdae-4e23-b68c-fe49806f1741
History Action                  : created, saved
History Changed                 : /
Image Width                     : 500
Image Height                    : 442
Encoding Process                : Baseline DCT, Huffman coding
Bits Per Sample                 : 8
Color Components                : 3
Y Cb Cr Sub Sampling            : YCbCr4:2:0 (2 2)
Image Size                      : 500x442
Megapixels                      : 0.221
======== ./14a.jpg
ExifTool Version Number         : 13.44
File Name                       : 14a.jpg
Directory                       : .
File Size                       : 80 kB
File Modification Date/Time     : 2026:01:07 16:44:14-06:00
File Access Date/Time           : 2026:01:12 10:54:30-06:00
File Inode Change Date/Time     : 2026:01:07 16:44:14-06:00
File Permissions                : -rw-r--r--
File Type                       : JPEG
File Type Extension             : jpg
MIME Type                       : image/jpeg
Exif Byte Order                 : Big-endian (Motorola, MM)
Orientation                     : Horizontal (normal)
X Resolution                    : 72
Y Resolution                    : 72
Resolution Unit                 : inches
Y Cb Cr Positioning             : Centered
Exif Version                    : 0221
Components Configuration        : Y, Cb, Cr, -
Flashpix Version                : 0100
Color Space                     : sRGB
Exif Image Width                : 500
Exif Image Height               : 437
Scene Capture Type              : Standard
Image Width                     : 500
Image Height                    : 442
Encoding Process                : Baseline DCT, Huffman coding
Bits Per Sample                 : 8
Color Components                : 3
Y Cb Cr Sub Sampling            : YCbCr4:2:0 (2 2)
Image Size                      : 500x442
Megapixels                      : 0.221
======== ./14b.jpg
ExifTool Version Number         : 13.44
File Name                       : 14b.jpg
Directory                       : .
File Size                       : 90 kB
File Modification Date/Time     : 2026:01:07 16:44:14-06:00
File Access Date/Time           : 2026:01:12 06:00:57-06:00
File Inode Change Date/Time     : 2026:01:07 16:44:14-06:00
File Permissions                : -rw-r--r--
File Type                       : JPEG
File Type Extension             : jpg
MIME Type                       : image/jpeg
Exif Byte Order                 : Big-endian (Motorola, MM)
Orientation                     : Horizontal (normal)
X Resolution                    : 72
Y Resolution                    : 72
Resolution Unit                 : inches
Y Cb Cr Positioning             : Centered
Exif Version                    : 0221
Components Configuration        : Y, Cb, Cr, -
Flashpix Version                : 0100
Color Space                     : sRGB
Exif Image Width                : 600
Exif Image Height               : 532
Scene Capture Type              : Standard
Image Width                     : 500
Image Height                    : 442
Encoding Process                : Baseline DCT, Huffman coding
Bits Per Sample                 : 8
Color Components                : 3
Y Cb Cr Sub Sampling            : YCbCr4:2:0 (2 2)
Image Size                      : 500x442
Megapixels                      : 0.221
======== ./15a.jpg
ExifTool Version Number         : 13.44
File Name                       : 15a.jpg
Directory                       : .
File Size                       : 91 kB
File Modification Date/Time     : 2026:01:07 16:44:14-06:00
File Access Date/Time           : 2026:01:12 10:54:30-06:00
File Inode Change Date/Time     : 2026:01:07 16:44:14-06:00
File Permissions                : -rw-r--r--
File Type                       : JPEG
File Type Extension             : jpg
MIME Type                       : image/jpeg
Exif Byte Order                 : Big-endian (Motorola, MM)
Orientation                     : Horizontal (normal)
X Resolution                    : 72
Y Resolution                    : 72
Resolution Unit                 : inches
Y Cb Cr Positioning             : Centered
Exif Version                    : 0221
Components Configuration        : Y, Cb, Cr, -
Flashpix Version                : 0100
Color Space                     : sRGB
Exif Image Width                : 500
Exif Image Height               : 445
Scene Capture Type              : Standard
Image Width                     : 500
Image Height                    : 442
Encoding Process                : Baseline DCT, Huffman coding
Bits Per Sample                 : 8
Color Components                : 3
Y Cb Cr Sub Sampling            : YCbCr4:2:0 (2 2)
Image Size                      : 500x442
Megapixels                      : 0.221
======== ./15b.jpg
ExifTool Version Number         : 13.44
File Name                       : 15b.jpg
Directory                       : .
File Size                       : 77 kB
File Modification Date/Time     : 2026:01:07 16:44:14-06:00
File Access Date/Time           : 2026:01:12 10:54:30-06:00
File Inode Change Date/Time     : 2026:01:07 16:44:14-06:00
File Permissions                : -rw-r--r--
File Type                       : JPEG
File Type Extension             : jpg
MIME Type                       : image/jpeg
Exif Byte Order                 : Big-endian (Motorola, MM)
Orientation                     : Horizontal (normal)
X Resolution                    : 72
Y Resolution                    : 72
Resolution Unit                 : inches
Y Cb Cr Positioning             : Centered
Exif Version                    : 0221
Components Configuration        : Y, Cb, Cr, -
Flashpix Version                : 0100
Color Space                     : sRGB
Exif Image Width                : 599
Exif Image Height               : 541
Scene Capture Type              : Standard
Image Width                     : 500
Image Height                    : 442
Encoding Process                : Baseline DCT, Huffman coding
Bits Per Sample                 : 8
Color Components                : 3
Y Cb Cr Sub Sampling            : YCbCr4:2:0 (2 2)
Image Size                      : 500x442
Megapixels                      : 0.221
======== ./16a.jpg
ExifTool Version Number         : 13.44
File Name                       : 16a.jpg
Directory                       : .
File Size                       : 85 kB
File Modification Date/Time     : 2026:01:07 16:44:14-06:00
File Access Date/Time           : 2026:01:12 10:54:30-06:00
File Inode Change Date/Time     : 2026:01:07 16:44:14-06:00
File Permissions                : -rw-r--r--
File Type                       : JPEG
File Type Extension             : jpg
MIME Type                       : image/jpeg
Exif Byte Order                 : Big-endian (Motorola, MM)
Orientation                     : Horizontal (normal)
X Resolution                    : 72
Y Resolution                    : 72
Resolution Unit                 : inches
Y Cb Cr Positioning             : Centered
Exif Version                    : 0221
Components Configuration        : Y, Cb, Cr, -
Flashpix Version                : 0100
Color Space                     : sRGB
Exif Image Width                : 500
Exif Image Height               : 443
Scene Capture Type              : Standard
Image Width                     : 500
Image Height                    : 442
Encoding Process                : Baseline DCT, Huffman coding
Bits Per Sample                 : 8
Color Components                : 3
Y Cb Cr Sub Sampling            : YCbCr4:2:0 (2 2)
Image Size                      : 500x442
Megapixels                      : 0.221
======== ./16b.jpg
ExifTool Version Number         : 13.44
File Name                       : 16b.jpg
Directory                       : .
File Size                       : 116 kB
File Modification Date/Time     : 2026:01:07 16:44:14-06:00
File Access Date/Time           : 2026:01:12 10:54:30-06:00
File Inode Change Date/Time     : 2026:01:07 16:44:14-06:00
File Permissions                : -rw-r--r--
File Type                       : JPEG
File Type Extension             : jpg
MIME Type                       : image/jpeg
Exif Byte Order                 : Big-endian (Motorola, MM)
Make                            : HP
Camera Model Name               : Photosmart C4700 series
Orientation                     : Horizontal (normal)
X Resolution                    : 72
Y Resolution                    : 72
Resolution Unit                 : inches
Software                        : Adobe Photoshop 25.3 (Macintosh)
Modify Date                     : 2025:09:24 09:48:05
Host Computer                   : Apple Mac OS X
Y Cb Cr Positioning             : Centered
Exif Version                    : 0221
Create Date                     : 2025:09:24 09:43:24
Components Configuration        : Y, Cb, Cr, -
Flashpix Version                : 0100
Color Space                     : sRGB
Exif Image Width                : 2548
Exif Image Height               : 3504
Scene Capture Type              : Standard
XMP Toolkit                     : XMP Core 6.0.0
Format                          : image/jpeg
Original Document ID            : xmp.did:0b76f037-e160-446e-b333-6901d66ce9bd
Document ID                     : xmp.did:0b76f037-e160-446e-b333-6901d66ce9bd
Instance ID                     : xmp.iid:0b76f037-e160-446e-b333-6901d66ce9bd
Creator Tool                    : Adobe Photoshop 25.3 (Macintosh)
Metadata Date                   : 2025:09:24 09:48:05-05:00
ICC Profile Name                : sRGB IEC61966-2.1
Color Mode                      : RGB
History Software Agent          : Adobe Photoshop 25.3 (Macintosh)
History When                    : 2025:09:24 09:43:24-05:00
History Instance ID             : xmp.iid:0b76f037-e160-446e-b333-6901d66ce9bd
History Action                  : created
Image Width                     : 500
Image Height                    : 442
Encoding Process                : Baseline DCT, Huffman coding
Bits Per Sample                 : 8
Color Components                : 3
Y Cb Cr Sub Sampling            : YCbCr4:2:0 (2 2)
Image Size                      : 500x442
Megapixels                      : 0.221
======== ./17a.jpg
ExifTool Version Number         : 13.44
File Name                       : 17a.jpg
Directory                       : .
File Size                       : 62 kB
File Modification Date/Time     : 2026:01:07 16:44:14-06:00
File Access Date/Time           : 2026:01:12 10:54:30-06:00
File Inode Change Date/Time     : 2026:01:07 16:44:14-06:00
File Permissions                : -rw-r--r--
File Type                       : JPEG
File Type Extension             : jpg
MIME Type                       : image/jpeg
Exif Byte Order                 : Big-endian (Motorola, MM)
Orientation                     : Horizontal (normal)
X Resolution                    : 72
Y Resolution                    : 72
Resolution Unit                 : inches
Y Cb Cr Positioning             : Centered
Exif Version                    : 0221
Components Configuration        : Y, Cb, Cr, -
Flashpix Version                : 0100
Color Space                     : sRGB
Exif Image Width                : 500
Exif Image Height               : 441
Scene Capture Type              : Standard
Image Width                     : 500
Image Height                    : 442
Encoding Process                : Baseline DCT, Huffman coding
Bits Per Sample                 : 8
Color Components                : 3
Y Cb Cr Sub Sampling            : YCbCr4:2:0 (2 2)
Image Size                      : 500x442
Megapixels                      : 0.221
======== ./17b.jpg
ExifTool Version Number         : 13.44
File Name                       : 17b.jpg
Directory                       : .
File Size                       : 90 kB
File Modification Date/Time     : 2026:01:07 16:44:14-06:00
File Access Date/Time           : 2026:01:12 10:54:30-06:00
File Inode Change Date/Time     : 2026:01:07 16:44:14-06:00
File Permissions                : -rw-r--r--
File Type                       : JPEG
File Type Extension             : jpg
MIME Type                       : image/jpeg
Exif Byte Order                 : Big-endian (Motorola, MM)
Make                            : HP
Camera Model Name               : Photosmart C4700 series
Orientation                     : Horizontal (normal)
X Resolution                    : 72
Y Resolution                    : 72
Resolution Unit                 : inches
Software                        : Adobe Photoshop 25.3 (Macintosh)
Modify Date                     : 2025:09:24 09:48:05
Host Computer                   : Apple Mac OS X
Y Cb Cr Positioning             : Centered
Exif Version                    : 0221
Create Date                     : 2025:09:24 09:43:24
Components Configuration        : Y, Cb, Cr, -
Flashpix Version                : 0100
Color Space                     : sRGB
Exif Image Width                : 2548
Exif Image Height               : 3504
Scene Capture Type              : Standard
XMP Toolkit                     : XMP Core 6.0.0
Format                          : image/jpeg
Original Document ID            : xmp.did:0b76f037-e160-446e-b333-6901d66ce9bd
Document ID                     : xmp.did:0b76f037-e160-446e-b333-6901d66ce9bd
Instance ID                     : xmp.iid:0b76f037-e160-446e-b333-6901d66ce9bd
Creator Tool                    : Adobe Photoshop 25.3 (Macintosh)
Metadata Date                   : 2025:09:24 09:48:05-05:00
ICC Profile Name                : sRGB IEC61966-2.1
Color Mode                      : RGB
History Software Agent          : Adobe Photoshop 25.3 (Macintosh)
History When                    : 2025:09:24 09:43:24-05:00
History Instance ID             : xmp.iid:0b76f037-e160-446e-b333-6901d66ce9bd
History Action                  : created
Image Width                     : 500
Image Height                    : 442
Encoding Process                : Baseline DCT, Huffman coding
Bits Per Sample                 : 8
Color Components                : 3
Y Cb Cr Sub Sampling            : YCbCr4:2:0 (2 2)
Image Size                      : 500x442
Megapixels                      : 0.221
======== ./18a.jpg
ExifTool Version Number         : 13.44
File Name                       : 18a.jpg
Directory                       : .
File Size                       : 54 kB
File Modification Date/Time     : 2026:01:07 16:44:14-06:00
File Access Date/Time           : 2026:01:12 10:54:30-06:00
File Inode Change Date/Time     : 2026:01:07 16:44:14-06:00
File Permissions                : -rw-r--r--
File Type                       : JPEG
File Type Extension             : jpg
MIME Type                       : image/jpeg
Exif Byte Order                 : Big-endian (Motorola, MM)
Make                            : HP
Camera Model Name               : Photosmart C4700 series
Orientation                     : Horizontal (normal)
X Resolution                    : 72
Y Resolution                    : 72
Resolution Unit                 : inches
Software                        : Adobe Photoshop 25.3 (Macintosh)
Modify Date                     : 2025:11:30 21:42:49
Host Computer                   : Apple Mac OS X
Y Cb Cr Positioning             : Centered
Exif Version                    : 0221
Create Date                     : 2025:09:29 20:46:42
Components Configuration        : Y, Cb, Cr, -
Flashpix Version                : 0100
Color Space                     : sRGB
Exif Image Width                : 6654
Exif Image Height               : 6654
Scene Capture Type              : Standard
XMP Toolkit                     : XMP Core 6.0.0
Format                          : image/jpeg
Original Document ID            : xmp.did:947fcfbe-b32a-4859-af51-49f5afa3d490
Document ID                     : adobe:docid:photoshop:5641f8b4-489a-3b47-952b-c8a72e10ee44
Instance ID                     : xmp.iid:ffbb170a-e17d-49a4-a519-51b0aed949c1
Creator Tool                    : Adobe Photoshop 25.3 (Macintosh)
Metadata Date                   : 2025:11:30 21:42:49-06:00
ICC Profile Name                : sRGB IEC61966-2.1
Color Mode                      : RGB
History Software Agent          : Adobe Photoshop 25.3 (Macintosh), Adobe Photoshop 25.3 (Macintosh)
History Changed                 : /, /
History When                    : 2025:11:30 21:41:19-06:00, 2025:11:30 21:42:49-06:00
History Instance ID             : xmp.iid:947fcfbe-b32a-4859-af51-49f5afa3d490, xmp.iid:ffbb170a-e17d-49a4-a519-51b0aed949c1
History Action                  : saved, saved
Image Width                     : 500
Image Height                    : 442
Encoding Process                : Baseline DCT, Huffman coding
Bits Per Sample                 : 8
Color Components                : 3
Y Cb Cr Sub Sampling            : YCbCr4:2:0 (2 2)
Image Size                      : 500x442
Megapixels                      : 0.221
======== ./18b.jpg
ExifTool Version Number         : 13.44
File Name                       : 18b.jpg
Directory                       : .
File Size                       : 73 kB
File Modification Date/Time     : 2026:01:07 16:44:14-06:00
File Access Date/Time           : 2026:01:12 10:54:30-06:00
File Inode Change Date/Time     : 2026:01:07 16:44:14-06:00
File Permissions                : -rw-r--r--
File Type                       : JPEG
File Type Extension             : jpg
MIME Type                       : image/jpeg
Exif Byte Order                 : Big-endian (Motorola, MM)
Orientation                     : Horizontal (normal)
X Resolution                    : 72
Y Resolution                    : 72
Resolution Unit                 : inches
Y Cb Cr Positioning             : Centered
Exif Version                    : 0221
Components Configuration        : Y, Cb, Cr, -
Flashpix Version                : 0100
Color Space                     : sRGB
Exif Image Width                : 500
Exif Image Height               : 436
Scene Capture Type              : Standard
Image Width                     : 500
Image Height                    : 442
Encoding Process                : Baseline DCT, Huffman coding
Bits Per Sample                 : 8
Color Components                : 3
Y Cb Cr Sub Sampling            : YCbCr4:2:0 (2 2)
Image Size                      : 500x442
Megapixels                      : 0.221
======== ./19a.jpg
ExifTool Version Number         : 13.44
File Name                       : 19a.jpg
Directory                       : .
File Size                       : 78 kB
File Modification Date/Time     : 2026:01:07 16:44:14-06:00
File Access Date/Time           : 2026:01:12 06:00:57-06:00
File Inode Change Date/Time     : 2026:01:07 16:44:14-06:00
File Permissions                : -rw-r--r--
File Type                       : JPEG
File Type Extension             : jpg
MIME Type                       : image/jpeg
Exif Byte Order                 : Big-endian (Motorola, MM)
Orientation                     : Horizontal (normal)
X Resolution                    : 72
Y Resolution                    : 72
Resolution Unit                 : inches
Y Cb Cr Positioning             : Centered
Exif Version                    : 0221
Components Configuration        : Y, Cb, Cr, -
Flashpix Version                : 0100
Color Space                     : sRGB
Exif Image Width                : 500
Exif Image Height               : 442
Scene Capture Type              : Standard
Image Width                     : 500
Image Height                    : 442
Encoding Process                : Baseline DCT, Huffman coding
Bits Per Sample                 : 8
Color Components                : 3
Y Cb Cr Sub Sampling            : YCbCr4:2:0 (2 2)
Image Size                      : 500x442
Megapixels                      : 0.221
======== ./19b.jpg
ExifTool Version Number         : 13.44
File Name                       : 19b.jpg
Directory                       : .
File Size                       : 77 kB
File Modification Date/Time     : 2026:01:07 16:44:14-06:00
File Access Date/Time           : 2026:01:12 10:54:30-06:00
File Inode Change Date/Time     : 2026:01:07 16:44:14-06:00
File Permissions                : -rw-r--r--
File Type                       : JPEG
File Type Extension             : jpg
MIME Type                       : image/jpeg
Exif Byte Order                 : Big-endian (Motorola, MM)
Orientation                     : Horizontal (normal)
X Resolution                    : 72
Y Resolution                    : 72
Resolution Unit                 : inches
Y Cb Cr Positioning             : Centered
Exif Version                    : 0221
Components Configuration        : Y, Cb, Cr, -
Flashpix Version                : 0100
Color Space                     : sRGB
Exif Image Width                : 500
Exif Image Height               : 442
Scene Capture Type              : Standard
Image Width                     : 500
Image Height                    : 442
Encoding Process                : Baseline DCT, Huffman coding
Bits Per Sample                 : 8
Color Components                : 3
Y Cb Cr Sub Sampling            : YCbCr4:2:0 (2 2)
Image Size                      : 500x442
Megapixels                      : 0.221
======== ./20a.jpg
ExifTool Version Number         : 13.44
File Name                       : 20a.jpg
Directory                       : .
File Size                       : 81 kB
File Modification Date/Time     : 2026:01:07 16:44:14-06:00
File Access Date/Time           : 2026:01:12 10:54:30-06:00
File Inode Change Date/Time     : 2026:01:07 16:44:14-06:00
File Permissions                : -rw-r--r--
File Type                       : JPEG
File Type Extension             : jpg
MIME Type                       : image/jpeg
Exif Byte Order                 : Big-endian (Motorola, MM)
Orientation                     : Horizontal (normal)
X Resolution                    : 72
Y Resolution                    : 72
Resolution Unit                 : inches
Y Cb Cr Positioning             : Centered
Exif Version                    : 0221
Components Configuration        : Y, Cb, Cr, -
Flashpix Version                : 0100
Color Space                     : sRGB
Exif Image Width                : 500
Exif Image Height               : 447
Scene Capture Type              : Standard
Image Width                     : 500
Image Height                    : 442
Encoding Process                : Baseline DCT, Huffman coding
Bits Per Sample                 : 8
Color Components                : 3
Y Cb Cr Sub Sampling            : YCbCr4:2:0 (2 2)
Image Size                      : 500x442
Megapixels                      : 0.221
======== ./20b.jpg
ExifTool Version Number         : 13.44
File Name                       : 20b.jpg
Directory                       : .
File Size                       : 78 kB
File Modification Date/Time     : 2026:01:07 16:44:10-06:00
File Access Date/Time           : 2026:01:12 07:31:20-06:00
File Inode Change Date/Time     : 2026:01:07 16:44:10-06:00
File Permissions                : -rw-r--r--
File Type                       : JPEG
File Type Extension             : jpg
MIME Type                       : image/jpeg
Exif Byte Order                 : Big-endian (Motorola, MM)
Make                            : HP
Camera Model Name               : Deskjet F4400 series
Orientation                     : Horizontal (normal)
X Resolution                    : 72
Y Resolution                    : 72
Resolution Unit                 : inches
Software                        : Apple Image Capture
Host Computer                   : Apple Mac OS X
Y Cb Cr Positioning             : Centered
Exif Version                    : 0221
Components Configuration        : Y, Cb, Cr, -
Flashpix Version                : 0100
Color Space                     : sRGB
Exif Image Width                : 1667
Exif Image Height               : 1488
Scene Capture Type              : Standard
XMP Toolkit                     : XMP Core 6.0.0
Creator Tool                    : Apple Image Capture
Image Width                     : 500
Image Height                    : 442
Encoding Process                : Baseline DCT, Huffman coding
Bits Per Sample                 : 8
Color Components                : 3
Y Cb Cr Sub Sampling            : YCbCr4:2:0 (2 2)
Image Size                      : 500x442
Megapixels                      : 0.221
======== ./21a.jpg
ExifTool Version Number         : 13.44
File Name                       : 21a.jpg
Directory                       : .
File Size                       : 69 kB
File Modification Date/Time     : 2026:01:07 16:44:14-06:00
File Access Date/Time           : 2026:01:12 10:54:30-06:00
File Inode Change Date/Time     : 2026:01:07 16:44:14-06:00
File Permissions                : -rw-r--r--
File Type                       : JPEG
File Type Extension             : jpg
MIME Type                       : image/jpeg
Exif Byte Order                 : Big-endian (Motorola, MM)
Orientation                     : Horizontal (normal)
X Resolution                    : 72
Y Resolution                    : 72
Resolution Unit                 : inches
Y Cb Cr Positioning             : Centered
Exif Version                    : 0221
Components Configuration        : Y, Cb, Cr, -
Flashpix Version                : 0100
Color Space                     : sRGB
Exif Image Width                : 500
Exif Image Height               : 437
Scene Capture Type              : Standard
Image Width                     : 500
Image Height                    : 442
Encoding Process                : Baseline DCT, Huffman coding
Bits Per Sample                 : 8
Color Components                : 3
Y Cb Cr Sub Sampling            : YCbCr4:2:0 (2 2)
Image Size                      : 500x442
Megapixels                      : 0.221
======== ./21b.jpg
ExifTool Version Number         : 13.44
File Name                       : 21b.jpg
Directory                       : .
File Size                       : 72 kB
File Modification Date/Time     : 2026:01:07 16:44:07-06:00
File Access Date/Time           : 2026:01:12 07:31:20-06:00
File Inode Change Date/Time     : 2026:01:07 16:44:07-06:00
File Permissions                : -rw-r--r--
File Type                       : JPEG
File Type Extension             : jpg
MIME Type                       : image/jpeg
Exif Byte Order                 : Big-endian (Motorola, MM)
Orientation                     : Horizontal (normal)
X Resolution                    : 72
Y Resolution                    : 72
Resolution Unit                 : inches
Y Cb Cr Positioning             : Centered
Exif Version                    : 0221
Components Configuration        : Y, Cb, Cr, -
Flashpix Version                : 0100
Color Space                     : sRGB
Exif Image Width                : 500
Exif Image Height               : 445
Scene Capture Type              : Standard
Image Width                     : 500
Image Height                    : 442
Encoding Process                : Baseline DCT, Huffman coding
Bits Per Sample                 : 8
Color Components                : 3
Y Cb Cr Sub Sampling            : YCbCr4:2:0 (2 2)
Image Size                      : 500x442
Megapixels                      : 0.221
   42 image files read
