======== 01back.jpg
ExifTool Version Number         : 13.44
File Name                       : 01back.jpg
Directory                       : .
File Size                       : 28 kB
File Modification Date/Time     : 2026:01:12 04:31:21-06:00
File Access Date/Time           : 2026:01:12 05:01:47-06:00
File Inode Change Date/Time     : 2026:01:12 04:40:35-06:00
File Permissions                : -rw-r--r--
File Type                       : JPEG
File Type Extension             : jpg
MIME Type                       : image/jpeg
Exif Byte Order                 : Big-endian (Motorola, MM)
Orientation                     : Horizontal (normal)
X Resolution                    : 72
Y Resolution                    : 72
Resolution Unit                 : inches
Software                        : Adobe Photoshop 25.3 (Macintosh)
Modify Date                     : 2026:01:11 23:45:42
Y Cb Cr Positioning             : Centered
Exif Version                    : 0221
Create Date                     : 2026:01:11 23:09:10
Components Configuration        : Y, Cb, Cr, -
Flashpix Version                : 0100
Color Space                     : Uncalibrated
Exif Image Width                : 757
Exif Image Height               : 1186
Scene Capture Type              : Standard
XMP Toolkit                     : XMP Core 6.0.0
Format                          : image/jpeg
Original Document ID            : xmp.did:0b3f0664-3711-45aa-8f0b-df5f7fba786b
Document ID                     : adobe:docid:photoshop:20ca2687-df2a-6445-a81c-0b9434e8d3a1
Instance ID                     : xmp.iid:bd04b457-cdab-450d-ab0e-373bef8c8f77
Creator Tool                    : Adobe Photoshop 25.3 (Macintosh)
Metadata Date                   : 2026:01:11 23:45:42-06:00
Color Mode                      : RGB
History Software Agent          : Adobe Photoshop 25.3 (Macintosh), Adobe Photoshop 25.3 (Macintosh), Adobe Photoshop 25.3 (Macintosh), Adobe Photoshop 25.3 (Macintosh)
History When                    : 2026:01:11 23:09:10-06:00, 2026:01:11 23:43:45-06:00, 2026:01:11 23:45:42-06:00, 2026:01:11 23:45:42-06:00
History Instance ID             : xmp.iid:0b3f0664-3711-45aa-8f0b-df5f7fba786b, xmp.iid:feda1757-383b-4d2b-b5ec-46879e705828, xmp.iid:0a41a10d-9937-4f49-b018-5aedc75d24f3, xmp.iid:bd04b457-cdab-450d-ab0e-373bef8c8f77
History Action                  : created, converted, saved, saved, converted, derived, saved
History Parameters              : from image/jpeg to application/vnd.adobe.photoshop, from application/vnd.adobe.photoshop to image/jpeg, converted from application/vnd.adobe.photoshop to image/jpeg
History Changed                 : /, /, /
Derived From Document ID        : adobe:docid:photoshop:cc258c14-68f0-6448-b143-32359473c00e
Derived From Original Document ID: xmp.did:0b3f0664-3711-45aa-8f0b-df5f7fba786b
Derived From Instance ID        : xmp.iid:0a41a10d-9937-4f49-b018-5aedc75d24f3
Text Layer Name                 : 117-10 copy 9, 117-10 copy 3, 117-10 copy 5, 117-10 copy 6, 117-10 copy 4, 117-01
Text Layer Text                 : 117-10, 117-10, 117-10, 117-10, 117-10, 117-01
Image Width                     : 184
Image Height                    : 288
Encoding Process                : Baseline DCT, Huffman coding
Bits Per Sample                 : 8
Color Components                : 3
Y Cb Cr Sub Sampling            : YCbCr4:2:0 (2 2)
Image Size                      : 184x288
Megapixels                      : 0.053
======== 01front.jpg
ExifTool Version Number         : 13.44
File Name                       : 01front.jpg
Directory                       : .
File Size                       : 29 kB
File Modification Date/Time     : 2026:01:12 04:31:20-06:00
File Access Date/Time           : 2026:01:12 05:01:47-06:00
File Inode Change Date/Time     : 2026:01:12 04:40:35-06:00
File Permissions                : -rw-r--r--
File Type                       : JPEG
File Type Extension             : jpg
MIME Type                       : image/jpeg
Exif Byte Order                 : Big-endian (Motorola, MM)
Orientation                     : Horizontal (normal)
X Resolution                    : 72
Y Resolution                    : 72
Resolution Unit                 : inches
Software                        : Adobe Photoshop 25.3 (Macintosh)
Modify Date                     : 2026:01:11 23:30:40
Y Cb Cr Positioning             : Centered
Exif Version                    : 0221
Create Date                     : 2026:01:11 23:09:10
Components Configuration        : Y, Cb, Cr, -
Flashpix Version                : 0100
Color Space                     : Uncalibrated
Exif Image Width                : 757
Exif Image Height               : 1186
Scene Capture Type              : Standard
XMP Toolkit                     : XMP Core 6.0.0
Format                          : image/jpeg
Original Document ID            : xmp.did:014e93bb-471e-4678-be4c-1865d205c9d6
Document ID                     : adobe:docid:photoshop:066017c0-2074-f84f-8700-11823d93d400
Instance ID                     : xmp.iid:fb298814-a73a-400c-a9d1-a31b555604db
Creator Tool                    : Adobe Photoshop 25.3 (Macintosh)
Metadata Date                   : 2026:01:11 23:30:40-06:00
Color Mode                      : RGB
History Software Agent          : Adobe Photoshop 25.3 (Macintosh), Adobe Photoshop 25.3 (Macintosh)
History When                    : 2026:01:11 23:09:10-06:00, 2026:01:11 23:30:40-06:00
History Instance ID             : xmp.iid:014e93bb-471e-4678-be4c-1865d205c9d6, xmp.iid:fb298814-a73a-400c-a9d1-a31b555604db
History Action                  : created, saved
History Changed                 : /
Image Width                     : 184
Image Height                    : 288
Encoding Process                : Baseline DCT, Huffman coding
Bits Per Sample                 : 8
Color Components                : 3
Y Cb Cr Sub Sampling            : YCbCr4:2:0 (2 2)
Image Size                      : 184x288
Megapixels                      : 0.053
======== 01spine.jpg
ExifTool Version Number         : 13.44
File Name                       : 01spine.jpg
Directory                       : .
File Size                       : 11 kB
File Modification Date/Time     : 2026:01:12 04:31:20-06:00
File Access Date/Time           : 2026:01:12 05:01:43-06:00
File Inode Change Date/Time     : 2026:01:12 04:40:35-06:00
File Permissions                : -rw-r--r--
File Type                       : JPEG
File Type Extension             : jpg
MIME Type                       : image/jpeg
Exif Byte Order                 : Big-endian (Motorola, MM)
Orientation                     : Horizontal (normal)
X Resolution                    : 72
Y Resolution                    : 72
Resolution Unit                 : inches
Software                        : Adobe Photoshop 25.3 (Macintosh)
Modify Date                     : 2026:01:11 23:30:06
Y Cb Cr Positioning             : Centered
Exif Version                    : 0221
Create Date                     : 2026:01:11 23:09:10
Components Configuration        : Y, Cb, Cr, -
Flashpix Version                : 0100
Color Space                     : Uncalibrated
Exif Image Width                : 149
Exif Image Height               : 1186
Scene Capture Type              : Standard
XMP Toolkit                     : XMP Core 6.0.0
Format                          : image/jpeg
Original Document ID            : xmp.did:16a32679-8c08-4a49-9f33-9e0626646b64
Document ID                     : adobe:docid:photoshop:3fe77585-4a19-4248-bb18-540c014b2274
Instance ID                     : xmp.iid:55df2090-78a8-411b-94fb-45cb3aeded7a
Creator Tool                    : Adobe Photoshop 25.3 (Macintosh)
Metadata Date                   : 2026:01:11 23:30:06-06:00
Color Mode                      : RGB
History Software Agent          : Adobe Photoshop 25.3 (Macintosh), Adobe Photoshop 25.3 (Macintosh)
History When                    : 2026:01:11 23:09:10-06:00, 2026:01:11 23:30:06-06:00
History Instance ID             : xmp.iid:16a32679-8c08-4a49-9f33-9e0626646b64, xmp.iid:55df2090-78a8-411b-94fb-45cb3aeded7a
History Action                  : created, saved
History Changed                 : /
Image Width                     : 36
Image Height                    : 288
Encoding Process                : Baseline DCT, Huffman coding
Bits Per Sample                 : 8
Color Components                : 3
Y Cb Cr Sub Sampling            : YCbCr4:2:0 (2 2)
Image Size                      : 36x288
Megapixels                      : 0.010
======== 02back.jpg
ExifTool Version Number         : 13.44
File Name                       : 02back.jpg
Directory                       : .
File Size                       : 29 kB
File Modification Date/Time     : 2026:01:12 04:31:21-06:00
File Access Date/Time           : 2026:01:12 05:01:43-06:00
File Inode Change Date/Time     : 2026:01:12 04:40:35-06:00
File Permissions                : -rw-r--r--
File Type                       : JPEG
File Type Extension             : jpg
MIME Type                       : image/jpeg
Exif Byte Order                 : Big-endian (Motorola, MM)
Orientation                     : Horizontal (normal)
X Resolution                    : 72
Y Resolution                    : 72
Resolution Unit                 : inches
Software                        : Adobe Photoshop 25.3 (Macintosh)
Modify Date                     : 2026:01:12 04:28:53
Y Cb Cr Positioning             : Centered
Exif Version                    : 0231
Create Date                     : 2026:01:11 23:46:19
Components Configuration        : Y, Cb, Cr, -
Flashpix Version                : 0100
Color Space                     : Uncalibrated
Exif Image Width                : 757
Exif Image Height               : 1186
Scene Capture Type              : Standard
XMP Toolkit                     : XMP Core 6.0.0
Format                          : image/jpeg
Original Document ID            : xmp.did:eb15f89b-e5b6-49f9-82d9-922ea8a3018e
Instance ID                     : xmp.iid:eb15f89b-e5b6-49f9-82d9-922ea8a3018e
Document ID                     : xmp.did:eb15f89b-e5b6-49f9-82d9-922ea8a3018e
Creator Tool                    : Adobe Photoshop 25.3 (Macintosh)
Metadata Date                   : 2026:01:12 04:28:53-06:00
Color Mode                      : RGB
History Software Agent          : Adobe Photoshop 25.3 (Macintosh)
History Changed                 : /
History When                    : 2026:01:12 04:28:53-06:00
History Instance ID             : xmp.iid:eb15f89b-e5b6-49f9-82d9-922ea8a3018e
History Action                  : saved
Image Width                     : 184
Image Height                    : 288
Encoding Process                : Baseline DCT, Huffman coding
Bits Per Sample                 : 8
Color Components                : 3
Y Cb Cr Sub Sampling            : YCbCr4:2:0 (2 2)
Image Size                      : 184x288
Megapixels                      : 0.053
======== 02front.jpg
ExifTool Version Number         : 13.44
File Name                       : 02front.jpg
Directory                       : .
File Size                       : 37 kB
File Modification Date/Time     : 2026:01:12 04:31:21-06:00
File Access Date/Time           : 2026:01:12 05:01:43-06:00
File Inode Change Date/Time     : 2026:01:12 04:40:35-06:00
File Permissions                : -rw-r--r--
File Type                       : JPEG
File Type Extension             : jpg
MIME Type                       : image/jpeg
Exif Byte Order                 : Big-endian (Motorola, MM)
Orientation                     : Horizontal (normal)
X Resolution                    : 72
Y Resolution                    : 72
Resolution Unit                 : inches
Y Cb Cr Positioning             : Centered
Exif Version                    : 0221
Components Configuration        : Y, Cb, Cr, -
Flashpix Version                : 0100
Color Space                     : sRGB
Exif Image Width                : 184
Exif Image Height               : 288
Scene Capture Type              : Standard
Image Width                     : 184
Image Height                    : 288
Encoding Process                : Baseline DCT, Huffman coding
Bits Per Sample                 : 8
Color Components                : 3
Y Cb Cr Sub Sampling            : YCbCr4:2:0 (2 2)
Image Size                      : 184x288
Megapixels                      : 0.053
======== 02spine.jpg
ExifTool Version Number         : 13.44
File Name                       : 02spine.jpg
Directory                       : .
File Size                       : 7.9 kB
File Modification Date/Time     : 2026:01:12 04:31:21-06:00
File Access Date/Time           : 2026:01:12 05:01:43-06:00
File Inode Change Date/Time     : 2026:01:12 04:40:35-06:00
File Permissions                : -rw-r--r--
File Type                       : JPEG
File Type Extension             : jpg
MIME Type                       : image/jpeg
Exif Byte Order                 : Big-endian (Motorola, MM)
Orientation                     : Horizontal (normal)
X Resolution                    : 72
Y Resolution                    : 72
Resolution Unit                 : inches
Y Cb Cr Positioning             : Centered
Exif Version                    : 0221
Components Configuration        : Y, Cb, Cr, -
Flashpix Version                : 0100
Color Space                     : sRGB
Exif Image Width                : 36
Exif Image Height               : 288
Scene Capture Type              : Standard
Image Width                     : 36
Image Height                    : 288
Encoding Process                : Baseline DCT, Huffman coding
Bits Per Sample                 : 8
Color Components                : 3
Y Cb Cr Sub Sampling            : YCbCr4:2:0 (2 2)
Image Size                      : 36x288
Megapixels                      : 0.010
======== 03back.jpg
ExifTool Version Number         : 13.44
File Name                       : 03back.jpg
Directory                       : .
File Size                       : 31 kB
File Modification Date/Time     : 2026:01:12 04:31:20-06:00
File Access Date/Time           : 2026:01:12 05:01:43-06:00
File Inode Change Date/Time     : 2026:01:12 04:40:35-06:00
File Permissions                : -rw-r--r--
File Type                       : JPEG
File Type Extension             : jpg
MIME Type                       : image/jpeg
Exif Byte Order                 : Big-endian (Motorola, MM)
Orientation                     : Horizontal (normal)
X Resolution                    : 72
Y Resolution                    : 72
Resolution Unit                 : inches
Software                        : Adobe Photoshop 25.3 (Macintosh)
Modify Date                     : 2026:01:12 04:25:38
Y Cb Cr Positioning             : Centered
Exif Version                    : 0210
Create Date                     : 2026:01:11 23:17:29
Components Configuration        : Y, Cb, Cr, -
Flashpix Version                : 0100
Color Space                     : Uncalibrated
Exif Image Width                : 1200
Exif Image Height               : 776
Scene Capture Type              : Standard
XMP Toolkit                     : XMP Core 6.0.0
Format                          : image/jpeg
Original Document ID            : xmp.did:f7ea3b89-0f64-4f7c-912e-2bde7b304fad
Instance ID                     : xmp.iid:5bfdcb8d-933d-421f-ab4e-6c005c8bc3d3
Document ID                     : adobe:docid:photoshop:7bb7b883-31d5-0a43-99c3-577007b630aa
Creator Tool                    : Adobe Photoshop 25.3 (Macintosh)
Metadata Date                   : 2026:01:12 04:25:38-06:00
Color Mode                      : RGB
History Software Agent          : Adobe Photoshop 25.3 (Macintosh), Adobe Photoshop 25.3 (Macintosh)
History When                    : 2026:01:11 23:17:29-06:00, 2026:01:12 04:25:38-06:00
History Instance ID             : xmp.iid:f7ea3b89-0f64-4f7c-912e-2bde7b304fad, xmp.iid:5bfdcb8d-933d-421f-ab4e-6c005c8bc3d3
History Action                  : created, saved
History Changed                 : /
Image Width                     : 186
Image Height                    : 288
Encoding Process                : Baseline DCT, Huffman coding
Bits Per Sample                 : 8
Color Components                : 3
Y Cb Cr Sub Sampling            : YCbCr4:2:0 (2 2)
Image Size                      : 186x288
Megapixels                      : 0.054
======== 03front.jpg
ExifTool Version Number         : 13.44
File Name                       : 03front.jpg
Directory                       : .
File Size                       : 36 kB
File Modification Date/Time     : 2026:01:12 04:34:21-06:00
File Access Date/Time           : 2026:01:12 05:01:43-06:00
File Inode Change Date/Time     : 2026:01:12 04:40:35-06:00
File Permissions                : -rw-r--r--
File Type                       : JPEG
File Type Extension             : jpg
MIME Type                       : image/jpeg
JFIF Version                    : 1.01
Exif Byte Order                 : Big-endian (Motorola, MM)
Orientation                     : Horizontal (normal)
X Resolution                    : 72
Y Resolution                    : 72
Resolution Unit                 : inches
Color Space                     : sRGB
Exif Image Width                : 186
Exif Image Height               : 288
XMP Toolkit                     : XMP Core 6.0.0
Image Width                     : 186
Image Height                    : 288
Encoding Process                : Baseline DCT, Huffman coding
Bits Per Sample                 : 8
Color Components                : 3
Y Cb Cr Sub Sampling            : YCbCr4:4:4 (1 1)
Image Size                      : 186x288
Megapixels                      : 0.054
======== 03spine.jpg
ExifTool Version Number         : 13.44
File Name                       : 03spine.jpg
Directory                       : .
File Size                       : 7.6 kB
File Modification Date/Time     : 2026:01:12 04:34:21-06:00
File Access Date/Time           : 2026:01:12 05:01:43-06:00
File Inode Change Date/Time     : 2026:01:12 04:40:35-06:00
File Permissions                : -rw-r--r--
File Type                       : JPEG
File Type Extension             : jpg
MIME Type                       : image/jpeg
JFIF Version                    : 1.01
Exif Byte Order                 : Big-endian (Motorola, MM)
Orientation                     : Horizontal (normal)
X Resolution                    : 72
Y Resolution                    : 72
Resolution Unit                 : inches
Color Space                     : sRGB
Exif Image Width                : 37
Exif Image Height               : 288
XMP Toolkit                     : XMP Core 6.0.0
Image Width                     : 37
Image Height                    : 288
Encoding Process                : Baseline DCT, Huffman coding
Bits Per Sample                 : 8
Color Components                : 3
Y Cb Cr Sub Sampling            : YCbCr4:4:4 (1 1)
Image Size                      : 37x288
Megapixels                      : 0.011
======== 04back.jpg
ExifTool Version Number         : 13.44
File Name                       : 04back.jpg
Directory                       : .
File Size                       : 31 kB
File Modification Date/Time     : 2026:01:12 04:31:21-06:00
File Access Date/Time           : 2026:01:12 05:01:43-06:00
File Inode Change Date/Time     : 2026:01:12 04:40:35-06:00
File Permissions                : -rw-r--r--
File Type                       : JPEG
File Type Extension             : jpg
MIME Type                       : image/jpeg
Exif Byte Order                 : Big-endian (Motorola, MM)
Orientation                     : Horizontal (normal)
X Resolution                    : 72
Y Resolution                    : 72
Resolution Unit                 : inches
Software                        : Adobe Photoshop 25.3 (Macintosh)
Modify Date                     : 2026:01:11 23:47:20
Y Cb Cr Positioning             : Centered
Exif Version                    : 0221
Create Date                     : 2026:01:11 23:09:10
Components Configuration        : Y, Cb, Cr, -
Flashpix Version                : 0100
Color Space                     : Uncalibrated
Exif Image Width                : 757
Exif Image Height               : 1186
Scene Capture Type              : Standard
XMP Toolkit                     : XMP Core 6.0.0
Format                          : image/jpeg
Original Document ID            : xmp.did:0b3f0664-3711-45aa-8f0b-df5f7fba786b
Document ID                     : adobe:docid:photoshop:73f3f658-6926-a046-869b-f2425e7cb74b
Instance ID                     : xmp.iid:e604cb59-ce92-4ec1-ba71-40b74a4040ee
Creator Tool                    : Adobe Photoshop 25.3 (Macintosh)
Metadata Date                   : 2026:01:11 23:47:20-06:00
Color Mode                      : RGB
History Software Agent          : Adobe Photoshop 25.3 (Macintosh), Adobe Photoshop 25.3 (Macintosh), Adobe Photoshop 25.3 (Macintosh), Adobe Photoshop 25.3 (Macintosh)
History When                    : 2026:01:11 23:09:10-06:00, 2026:01:11 23:43:45-06:00, 2026:01:11 23:47:20-06:00, 2026:01:11 23:47:20-06:00
History Instance ID             : xmp.iid:0b3f0664-3711-45aa-8f0b-df5f7fba786b, xmp.iid:feda1757-383b-4d2b-b5ec-46879e705828, xmp.iid:eed82608-6c44-4cca-a52a-e13726063def, xmp.iid:e604cb59-ce92-4ec1-ba71-40b74a4040ee
History Action                  : created, converted, saved, saved, converted, derived, saved
History Parameters              : from image/jpeg to application/vnd.adobe.photoshop, from application/vnd.adobe.photoshop to image/jpeg, converted from application/vnd.adobe.photoshop to image/jpeg
History Changed                 : /, /, /
Derived From Document ID        : adobe:docid:photoshop:cc258c14-68f0-6448-b143-32359473c00e
Derived From Original Document ID: xmp.did:0b3f0664-3711-45aa-8f0b-df5f7fba786b
Derived From Instance ID        : xmp.iid:eed82608-6c44-4cca-a52a-e13726063def
Text Layer Name                 : 117-10 copy 9, 117-10 copy 3, 117-10 copy 5, 117-04
Text Layer Text                 : 117-10, 117-10, 117-10, 117-04
Image Width                     : 184
Image Height                    : 288
Encoding Process                : Baseline DCT, Huffman coding
Bits Per Sample                 : 8
Color Components                : 3
Y Cb Cr Sub Sampling            : YCbCr4:2:0 (2 2)
Image Size                      : 184x288
Megapixels                      : 0.053
======== 04front.jpg
ExifTool Version Number         : 13.44
File Name                       : 04front.jpg
Directory                       : .
File Size                       : 28 kB
File Modification Date/Time     : 2026:01:12 04:34:21-06:00
File Access Date/Time           : 2026:01:12 05:01:43-06:00
File Inode Change Date/Time     : 2026:01:12 04:40:35-06:00
File Permissions                : -rw-r--r--
File Type                       : JPEG
File Type Extension             : jpg
MIME Type                       : image/jpeg
JFIF Version                    : 1.01
Exif Byte Order                 : Big-endian (Motorola, MM)
Orientation                     : Horizontal (normal)
X Resolution                    : 72
Y Resolution                    : 72
Resolution Unit                 : inches
Color Space                     : sRGB
Exif Image Width                : 187
Exif Image Height               : 288
XMP Toolkit                     : XMP Core 6.0.0
Image Width                     : 187
Image Height                    : 288
Encoding Process                : Baseline DCT, Huffman coding
Bits Per Sample                 : 8
Color Components                : 3
Y Cb Cr Sub Sampling            : YCbCr4:4:4 (1 1)
Image Size                      : 187x288
Megapixels                      : 0.054
======== 04spine.jpg
ExifTool Version Number         : 13.44
File Name                       : 04spine.jpg
Directory                       : .
File Size                       : 8.0 kB
File Modification Date/Time     : 2026:01:12 04:34:21-06:00
File Access Date/Time           : 2026:01:12 05:01:43-06:00
File Inode Change Date/Time     : 2026:01:12 04:40:35-06:00
File Permissions                : -rw-r--r--
File Type                       : JPEG
File Type Extension             : jpg
MIME Type                       : image/jpeg
JFIF Version                    : 1.01
Exif Byte Order                 : Big-endian (Motorola, MM)
Orientation                     : Horizontal (normal)
X Resolution                    : 72
Y Resolution                    : 72
Resolution Unit                 : inches
Color Space                     : sRGB
Exif Image Width                : 37
Exif Image Height               : 288
XMP Toolkit                     : XMP Core 6.0.0
Image Width                     : 37
Image Height                    : 288
Encoding Process                : Baseline DCT, Huffman coding
Bits Per Sample                 : 8
Color Components                : 3
Y Cb Cr Sub Sampling            : YCbCr4:4:4 (1 1)
Image Size                      : 37x288
Megapixels                      : 0.011
======== 05back.jpg
ExifTool Version Number         : 13.44
File Name                       : 05back.jpg
Directory                       : .
File Size                       : 29 kB
File Modification Date/Time     : 2026:01:12 04:31:21-06:00
File Access Date/Time           : 2026:01:12 05:01:43-06:00
File Inode Change Date/Time     : 2026:01:12 04:40:35-06:00
File Permissions                : -rw-r--r--
File Type                       : JPEG
File Type Extension             : jpg
MIME Type                       : image/jpeg
Exif Byte Order                 : Big-endian (Motorola, MM)
Orientation                     : Horizontal (normal)
X Resolution                    : 72
Y Resolution                    : 72
Resolution Unit                 : inches
Software                        : Adobe Photoshop 25.3 (Macintosh)
Modify Date                     : 2026:01:11 23:47:47
Y Cb Cr Positioning             : Centered
Exif Version                    : 0221
Create Date                     : 2026:01:11 23:09:10
Components Configuration        : Y, Cb, Cr, -
Flashpix Version                : 0100
Color Space                     : Uncalibrated
Exif Image Width                : 757
Exif Image Height               : 1186
Scene Capture Type              : Standard
XMP Toolkit                     : XMP Core 6.0.0
Format                          : image/jpeg
Original Document ID            : xmp.did:0b3f0664-3711-45aa-8f0b-df5f7fba786b
Document ID                     : adobe:docid:photoshop:aac764e3-7300-f243-b43a-15bffa51f58c
Instance ID                     : xmp.iid:f39d44f0-e6a0-4a29-8a31-efc68c059986
Creator Tool                    : Adobe Photoshop 25.3 (Macintosh)
Metadata Date                   : 2026:01:11 23:47:47-06:00
Color Mode                      : RGB
History Software Agent          : Adobe Photoshop 25.3 (Macintosh), Adobe Photoshop 25.3 (Macintosh), Adobe Photoshop 25.3 (Macintosh), Adobe Photoshop 25.3 (Macintosh)
History When                    : 2026:01:11 23:09:10-06:00, 2026:01:11 23:43:45-06:00, 2026:01:11 23:47:47-06:00, 2026:01:11 23:47:47-06:00
History Instance ID             : xmp.iid:0b3f0664-3711-45aa-8f0b-df5f7fba786b, xmp.iid:feda1757-383b-4d2b-b5ec-46879e705828, xmp.iid:9d418177-cd7f-4183-a7ce-584c25597571, xmp.iid:f39d44f0-e6a0-4a29-8a31-efc68c059986
History Action                  : created, converted, saved, saved, converted, derived, saved
History Parameters              : from image/jpeg to application/vnd.adobe.photoshop, from application/vnd.adobe.photoshop to image/jpeg, converted from application/vnd.adobe.photoshop to image/jpeg
History Changed                 : /, /, /
Derived From Document ID        : adobe:docid:photoshop:cc258c14-68f0-6448-b143-32359473c00e
Derived From Original Document ID: xmp.did:0b3f0664-3711-45aa-8f0b-df5f7fba786b
Derived From Instance ID        : xmp.iid:9d418177-cd7f-4183-a7ce-584c25597571
Text Layer Name                 : 117-10 copy 9, 117-10 copy 3, 117-05
Text Layer Text                 : 117-10, 117-10, 117-05
Image Width                     : 184
Image Height                    : 288
Encoding Process                : Baseline DCT, Huffman coding
Bits Per Sample                 : 8
Color Components                : 3
Y Cb Cr Sub Sampling            : YCbCr4:2:0 (2 2)
Image Size                      : 184x288
Megapixels                      : 0.053
======== 05front.jpg
ExifTool Version Number         : 13.44
File Name                       : 05front.jpg
Directory                       : .
File Size                       : 36 kB
File Modification Date/Time     : 2026:01:12 04:34:21-06:00
File Access Date/Time           : 2026:01:12 05:01:43-06:00
File Inode Change Date/Time     : 2026:01:12 04:40:35-06:00
File Permissions                : -rw-r--r--
File Type                       : JPEG
File Type Extension             : jpg
MIME Type                       : image/jpeg
JFIF Version                    : 1.01
Exif Byte Order                 : Big-endian (Motorola, MM)
Orientation                     : Horizontal (normal)
X Resolution                    : 72
Y Resolution                    : 72
Resolution Unit                 : inches
Color Space                     : sRGB
Exif Image Width                : 186
Exif Image Height               : 288
XMP Toolkit                     : XMP Core 6.0.0
Image Width                     : 186
Image Height                    : 288
Encoding Process                : Baseline DCT, Huffman coding
Bits Per Sample                 : 8
Color Components                : 3
Y Cb Cr Sub Sampling            : YCbCr4:4:4 (1 1)
Image Size                      : 186x288
Megapixels                      : 0.054
======== 05spine.jpg
ExifTool Version Number         : 13.44
File Name                       : 05spine.jpg
Directory                       : .
File Size                       : 6.5 kB
File Modification Date/Time     : 2026:01:12 04:34:21-06:00
File Access Date/Time           : 2026:01:12 05:01:43-06:00
File Inode Change Date/Time     : 2026:01:12 04:40:35-06:00
File Permissions                : -rw-r--r--
File Type                       : JPEG
File Type Extension             : jpg
MIME Type                       : image/jpeg
JFIF Version                    : 1.01
Exif Byte Order                 : Big-endian (Motorola, MM)
Orientation                     : Horizontal (normal)
X Resolution                    : 72
Y Resolution                    : 72
Resolution Unit                 : inches
Color Space                     : sRGB
Exif Image Width                : 37
Exif Image Height               : 288
XMP Toolkit                     : XMP Core 6.0.0
Image Width                     : 37
Image Height                    : 288
Encoding Process                : Baseline DCT, Huffman coding
Bits Per Sample                 : 8
Color Components                : 3
Y Cb Cr Sub Sampling            : YCbCr4:4:4 (1 1)
Image Size                      : 37x288
Megapixels                      : 0.011
======== 06back.jpg
ExifTool Version Number         : 13.44
File Name                       : 06back.jpg
Directory                       : .
File Size                       : 26 kB
File Modification Date/Time     : 2026:01:12 04:31:21-06:00
File Access Date/Time           : 2026:01:12 05:01:43-06:00
File Inode Change Date/Time     : 2026:01:12 04:40:35-06:00
File Permissions                : -rw-r--r--
File Type                       : JPEG
File Type Extension             : jpg
MIME Type                       : image/jpeg
Exif Byte Order                 : Big-endian (Motorola, MM)
Orientation                     : Horizontal (normal)
X Resolution                    : 72
Y Resolution                    : 72
Resolution Unit                 : inches
Software                        : Adobe Photoshop 25.3 (Macintosh)
Modify Date                     : 2026:01:11 23:48:03
Y Cb Cr Positioning             : Centered
Exif Version                    : 0221
Create Date                     : 2026:01:11 23:09:10
Components Configuration        : Y, Cb, Cr, -
Flashpix Version                : 0100
Color Space                     : Uncalibrated
Exif Image Width                : 757
Exif Image Height               : 1186
Scene Capture Type              : Standard
XMP Toolkit                     : XMP Core 6.0.0
Format                          : image/jpeg
Original Document ID            : xmp.did:0b3f0664-3711-45aa-8f0b-df5f7fba786b
Document ID                     : adobe:docid:photoshop:35ab0585-041e-1641-a610-7d4550a4d9c4
Instance ID                     : xmp.iid:05aecee8-521a-4220-8306-b5c0af838a91
Creator Tool                    : Adobe Photoshop 25.3 (Macintosh)
Metadata Date                   : 2026:01:11 23:48:03-06:00
Color Mode                      : RGB
History Software Agent          : Adobe Photoshop 25.3 (Macintosh), Adobe Photoshop 25.3 (Macintosh), Adobe Photoshop 25.3 (Macintosh), Adobe Photoshop 25.3 (Macintosh)
History When                    : 2026:01:11 23:09:10-06:00, 2026:01:11 23:43:45-06:00, 2026:01:11 23:48:03-06:00, 2026:01:11 23:48:03-06:00
History Instance ID             : xmp.iid:0b3f0664-3711-45aa-8f0b-df5f7fba786b, xmp.iid:feda1757-383b-4d2b-b5ec-46879e705828, xmp.iid:10526bd5-93a2-45ca-ac7c-ed1697da8bf0, xmp.iid:05aecee8-521a-4220-8306-b5c0af838a91
History Action                  : created, converted, saved, saved, converted, derived, saved
History Parameters              : from image/jpeg to application/vnd.adobe.photoshop, from application/vnd.adobe.photoshop to image/jpeg, converted from application/vnd.adobe.photoshop to image/jpeg
History Changed                 : /, /, /
Derived From Document ID        : adobe:docid:photoshop:cc258c14-68f0-6448-b143-32359473c00e
Derived From Original Document ID: xmp.did:0b3f0664-3711-45aa-8f0b-df5f7fba786b
Derived From Instance ID        : xmp.iid:10526bd5-93a2-45ca-ac7c-ed1697da8bf0
Text Layer Name                 : 117-10 copy 9, 117-06
Text Layer Text                 : 117-10, 117-06
Image Width                     : 184
Image Height                    : 288
Encoding Process                : Baseline DCT, Huffman coding
Bits Per Sample                 : 8
Color Components                : 3
Y Cb Cr Sub Sampling            : YCbCr4:2:0 (2 2)
Image Size                      : 184x288
Megapixels                      : 0.053
======== 06front.jpg
ExifTool Version Number         : 13.44
File Name                       : 06front.jpg
Directory                       : .
File Size                       : 27 kB
File Modification Date/Time     : 2026:01:12 04:34:21-06:00
File Access Date/Time           : 2026:01:12 05:01:43-06:00
File Inode Change Date/Time     : 2026:01:12 04:40:35-06:00
File Permissions                : -rw-r--r--
File Type                       : JPEG
File Type Extension             : jpg
MIME Type                       : image/jpeg
JFIF Version                    : 1.01
Exif Byte Order                 : Big-endian (Motorola, MM)
Orientation                     : Horizontal (normal)
X Resolution                    : 72
Y Resolution                    : 72
Resolution Unit                 : inches
Color Space                     : sRGB
Exif Image Width                : 185
Exif Image Height               : 288
XMP Toolkit                     : XMP Core 6.0.0
Image Width                     : 185
Image Height                    : 288
Encoding Process                : Baseline DCT, Huffman coding
Bits Per Sample                 : 8
Color Components                : 3
Y Cb Cr Sub Sampling            : YCbCr4:4:4 (1 1)
Image Size                      : 185x288
Megapixels                      : 0.053
======== 06spine.jpg
ExifTool Version Number         : 13.44
File Name                       : 06spine.jpg
Directory                       : .
File Size                       : 9.9 kB
File Modification Date/Time     : 2026:01:12 04:34:21-06:00
File Access Date/Time           : 2026:01:12 05:01:43-06:00
File Inode Change Date/Time     : 2026:01:12 04:40:35-06:00
File Permissions                : -rw-r--r--
File Type                       : JPEG
File Type Extension             : jpg
MIME Type                       : image/jpeg
JFIF Version                    : 1.01
Exif Byte Order                 : Big-endian (Motorola, MM)
Orientation                     : Horizontal (normal)
X Resolution                    : 72
Y Resolution                    : 72
Resolution Unit                 : inches
Color Space                     : sRGB
Exif Image Width                : 37
Exif Image Height               : 288
XMP Toolkit                     : XMP Core 6.0.0
Image Width                     : 37
Image Height                    : 288
Encoding Process                : Baseline DCT, Huffman coding
Bits Per Sample                 : 8
Color Components                : 3
Y Cb Cr Sub Sampling            : YCbCr4:4:4 (1 1)
Image Size                      : 37x288
Megapixels                      : 0.011
======== 07back.jpg
ExifTool Version Number         : 13.44
File Name                       : 07back.jpg
Directory                       : .
File Size                       : 27 kB
File Modification Date/Time     : 2026:01:12 04:31:21-06:00
File Access Date/Time           : 2026:01:12 05:01:43-06:00
File Inode Change Date/Time     : 2026:01:12 04:40:35-06:00
File Permissions                : -rw-r--r--
File Type                       : JPEG
File Type Extension             : jpg
MIME Type                       : image/jpeg
Exif Byte Order                 : Big-endian (Motorola, MM)
Orientation                     : Horizontal (normal)
X Resolution                    : 72
Y Resolution                    : 72
Resolution Unit                 : inches
Software                        : Adobe Photoshop 25.3 (Macintosh)
Modify Date                     : 2026:01:11 23:48:30
Y Cb Cr Positioning             : Centered
Exif Version                    : 0221
Create Date                     : 2026:01:11 23:09:10
Components Configuration        : Y, Cb, Cr, -
Flashpix Version                : 0100
Color Space                     : Uncalibrated
Exif Image Width                : 757
Exif Image Height               : 1186
Scene Capture Type              : Standard
XMP Toolkit                     : XMP Core 6.0.0
Format                          : image/jpeg
Original Document ID            : xmp.did:0b3f0664-3711-45aa-8f0b-df5f7fba786b
Document ID                     : adobe:docid:photoshop:c68d01b3-81e2-334a-afc3-df43ec5b4511
Instance ID                     : xmp.iid:19a84950-9635-4dff-b1ae-ada34e2589c5
Creator Tool                    : Adobe Photoshop 25.3 (Macintosh)
Metadata Date                   : 2026:01:11 23:48:30-06:00
Color Mode                      : RGB
History Software Agent          : Adobe Photoshop 25.3 (Macintosh), Adobe Photoshop 25.3 (Macintosh), Adobe Photoshop 25.3 (Macintosh), Adobe Photoshop 25.3 (Macintosh)
History When                    : 2026:01:11 23:09:10-06:00, 2026:01:11 23:43:45-06:00, 2026:01:11 23:48:30-06:00, 2026:01:11 23:48:30-06:00
History Instance ID             : xmp.iid:0b3f0664-3711-45aa-8f0b-df5f7fba786b, xmp.iid:feda1757-383b-4d2b-b5ec-46879e705828, xmp.iid:8238383d-fd23-4c42-adb7-3b94fe95013e, xmp.iid:19a84950-9635-4dff-b1ae-ada34e2589c5
History Action                  : created, converted, saved, saved, converted, derived, saved
History Parameters              : from image/jpeg to application/vnd.adobe.photoshop, from application/vnd.adobe.photoshop to image/jpeg, converted from application/vnd.adobe.photoshop to image/jpeg
History Changed                 : /, /, /
Derived From Document ID        : adobe:docid:photoshop:cc258c14-68f0-6448-b143-32359473c00e
Derived From Original Document ID: xmp.did:0b3f0664-3711-45aa-8f0b-df5f7fba786b
Derived From Instance ID        : xmp.iid:8238383d-fd23-4c42-adb7-3b94fe95013e
Text Layer Name                 : 117-07
Text Layer Text                 : 117-07
Image Width                     : 184
Image Height                    : 288
Encoding Process                : Baseline DCT, Huffman coding
Bits Per Sample                 : 8
Color Components                : 3
Y Cb Cr Sub Sampling            : YCbCr4:2:0 (2 2)
Image Size                      : 184x288
Megapixels                      : 0.053
======== 07front.jpg
ExifTool Version Number         : 13.44
File Name                       : 07front.jpg
Directory                       : .
File Size                       : 39 kB
File Modification Date/Time     : 2026:01:12 04:34:21-06:00
File Access Date/Time           : 2026:01:12 05:01:43-06:00
File Inode Change Date/Time     : 2026:01:12 04:40:35-06:00
File Permissions                : -rw-r--r--
File Type                       : JPEG
File Type Extension             : jpg
MIME Type                       : image/jpeg
JFIF Version                    : 1.01
Exif Byte Order                 : Big-endian (Motorola, MM)
Orientation                     : Horizontal (normal)
X Resolution                    : 72
Y Resolution                    : 72
Resolution Unit                 : inches
Color Space                     : sRGB
Exif Image Width                : 185
Exif Image Height               : 288
XMP Toolkit                     : XMP Core 6.0.0
Image Width                     : 185
Image Height                    : 288
Encoding Process                : Baseline DCT, Huffman coding
Bits Per Sample                 : 8
Color Components                : 3
Y Cb Cr Sub Sampling            : YCbCr4:4:4 (1 1)
Image Size                      : 185x288
Megapixels                      : 0.053
======== 07spine.jpg
ExifTool Version Number         : 13.44
File Name                       : 07spine.jpg
Directory                       : .
File Size                       : 9.5 kB
File Modification Date/Time     : 2026:01:12 04:34:21-06:00
File Access Date/Time           : 2026:01:12 05:01:43-06:00
File Inode Change Date/Time     : 2026:01:12 04:40:35-06:00
File Permissions                : -rw-r--r--
File Type                       : JPEG
File Type Extension             : jpg
MIME Type                       : image/jpeg
JFIF Version                    : 1.01
Exif Byte Order                 : Big-endian (Motorola, MM)
Orientation                     : Horizontal (normal)
X Resolution                    : 72
Y Resolution                    : 72
Resolution Unit                 : inches
Color Space                     : sRGB
Exif Image Width                : 37
Exif Image Height               : 288
XMP Toolkit                     : XMP Core 6.0.0
Image Width                     : 37
Image Height                    : 288
Encoding Process                : Baseline DCT, Huffman coding
Bits Per Sample                 : 8
Color Components                : 3
Y Cb Cr Sub Sampling            : YCbCr4:4:4 (1 1)
Image Size                      : 37x288
Megapixels                      : 0.011
======== 08back.jpg
ExifTool Version Number         : 13.44
File Name                       : 08back.jpg
Directory                       : .
File Size                       : 26 kB
File Modification Date/Time     : 2026:01:12 04:31:21-06:00
File Access Date/Time           : 2026:01:12 05:01:43-06:00
File Inode Change Date/Time     : 2026:01:12 04:40:35-06:00
File Permissions                : -rw-r--r--
File Type                       : JPEG
File Type Extension             : jpg
MIME Type                       : image/jpeg
Exif Byte Order                 : Big-endian (Motorola, MM)
Orientation                     : Horizontal (normal)
X Resolution                    : 72
Y Resolution                    : 72
Resolution Unit                 : inches
Software                        : Adobe Photoshop 25.3 (Macintosh)
Modify Date                     : 2026:01:11 23:41:23
Y Cb Cr Positioning             : Centered
Exif Version                    : 0231
Create Date                     : 2026:01:11 23:09:10
Components Configuration        : Y, Cb, Cr, -
Flashpix Version                : 0100
Color Space                     : Uncalibrated
Exif Image Width                : 1186
Exif Image Height               : 757
Scene Capture Type              : Standard
XMP Toolkit                     : XMP Core 6.0.0
Format                          : image/jpeg
Original Document ID            : xmp.did:0422dae7-492c-40ad-99bb-51008d420b61
Document ID                     : adobe:docid:photoshop:0b816c58-6c10-f747-9274-d78687512d3d
Instance ID                     : xmp.iid:e550386e-48c7-444a-bb4f-fb793c55dabf
Creator Tool                    : Adobe Photoshop 25.3 (Macintosh)
Metadata Date                   : 2026:01:11 23:41:23-06:00
Color Mode                      : RGB
History Software Agent          : Adobe Photoshop 25.3 (Macintosh), Adobe Photoshop 25.3 (Macintosh)
History When                    : 2026:01:11 23:09:10-06:00, 2026:01:11 23:41:23-06:00
History Instance ID             : xmp.iid:0422dae7-492c-40ad-99bb-51008d420b61, xmp.iid:e550386e-48c7-444a-bb4f-fb793c55dabf
History Action                  : created, saved
History Changed                 : /
Text Layer Name                 : 117-08
Text Layer Text                 : 117-08
Image Width                     : 184
Image Height                    : 288
Encoding Process                : Baseline DCT, Huffman coding
Bits Per Sample                 : 8
Color Components                : 3
Y Cb Cr Sub Sampling            : YCbCr4:2:0 (2 2)
Image Size                      : 184x288
Megapixels                      : 0.053
======== 08front.jpg
ExifTool Version Number         : 13.44
File Name                       : 08front.jpg
Directory                       : .
File Size                       : 49 kB
File Modification Date/Time     : 2026:01:12 04:31:21-06:00
File Access Date/Time           : 2026:01:12 05:01:43-06:00
File Inode Change Date/Time     : 2026:01:12 04:40:35-06:00
File Permissions                : -rw-r--r--
File Type                       : JPEG
File Type Extension             : jpg
MIME Type                       : image/jpeg
Exif Byte Order                 : Big-endian (Motorola, MM)
Orientation                     : Horizontal (normal)
X Resolution                    : 72
Y Resolution                    : 72
Resolution Unit                 : inches
Y Cb Cr Positioning             : Centered
Exif Version                    : 0221
Components Configuration        : Y, Cb, Cr, -
Flashpix Version                : 0100
Color Space                     : sRGB
Exif Image Width                : 191
Exif Image Height               : 288
Scene Capture Type              : Standard
Image Width                     : 191
Image Height                    : 288
Encoding Process                : Baseline DCT, Huffman coding
Bits Per Sample                 : 8
Color Components                : 3
Y Cb Cr Sub Sampling            : YCbCr4:2:0 (2 2)
Image Size                      : 191x288
Megapixels                      : 0.055
======== 08spine.jpg
ExifTool Version Number         : 13.44
File Name                       : 08spine.jpg
Directory                       : .
File Size                       : 18 kB
File Modification Date/Time     : 2026:01:11 23:38:54-06:00
File Access Date/Time           : 2026:01:12 05:01:43-06:00
File Inode Change Date/Time     : 2026:01:12 04:40:35-06:00
File Permissions                : -rw-r--r--
File Type                       : JPEG
File Type Extension             : jpg
MIME Type                       : image/jpeg
Profile CMM Type                : Linotronic
Profile Version                 : 2.1.0
Profile Class                   : Display Device Profile
Color Space Data                : RGB
Profile Connection Space        : XYZ
Profile Date Time               : 1998:02:09 06:49:00
Profile File Signature          : acsp
Primary Platform                : Microsoft Corporation
CMM Flags                       : Not Embedded, Independent
Device Manufacturer             : Hewlett-Packard
Device Model                    : sRGB
Device Attributes               : Reflective, Glossy, Positive, Color
Rendering Intent                : Perceptual
Connection Space Illuminant     : 0.9642 1 0.82491
Profile Creator                 : Hewlett-Packard
Profile ID                      : 0
Profile Copyright               : Copyright (c) 1998 Hewlett-Packard Company
Profile Description             : sRGB IEC61966-2.1
Media White Point               : 0.95045 1 1.08905
Media Black Point               : 0 0 0
Red Matrix Column               : 0.43607 0.22249 0.01392
Green Matrix Column             : 0.38515 0.71687 0.09708
Blue Matrix Column              : 0.14307 0.06061 0.7141
Device Mfg Desc                 : IEC http://www.iec.ch
Device Model Desc               : IEC 61966-2.1 Default RGB colour space - sRGB
Viewing Cond Desc               : Reference Viewing Condition in IEC61966-2.1
Viewing Cond Illuminant         : 19.6445 20.3718 16.8089
Viewing Cond Surround           : 3.92889 4.07439 3.36179
Viewing Cond Illuminant Type    : D50
Luminance                       : 76.03647 80 87.12462
Measurement Observer            : CIE 1931
Measurement Backing             : 0 0 0
Measurement Geometry            : Unknown
Measurement Flare               : 0.999%
Measurement Illuminant          : D65
Technology                      : Cathode Ray Tube Display
Red Tone Reproduction Curve     : (Binary data 2060 bytes, use -b option to extract)
Green Tone Reproduction Curve   : (Binary data 2060 bytes, use -b option to extract)
Blue Tone Reproduction Curve    : (Binary data 2060 bytes, use -b option to extract)
DCT Encode Version              : 100
APP14 Flags 0                   : Encoded with Blend=1 downsampling
APP14 Flags 1                   : (none)
Color Transform                 : YCbCr
Image Width                     : 66
Image Height                    : 593
Encoding Process                : Progressive DCT, Huffman coding
Bits Per Sample                 : 8
Color Components                : 3
Y Cb Cr Sub Sampling            : YCbCr4:2:0 (2 2)
Image Size                      : 66x593
Megapixels                      : 0.039
======== 09back.jpg
ExifTool Version Number         : 13.44
File Name                       : 09back.jpg
Directory                       : .
File Size                       : 28 kB
File Modification Date/Time     : 2026:01:12 04:31:21-06:00
File Access Date/Time           : 2026:01:12 05:01:43-06:00
File Inode Change Date/Time     : 2026:01:12 04:40:35-06:00
File Permissions                : -rw-r--r--
File Type                       : JPEG
File Type Extension             : jpg
MIME Type                       : image/jpeg
Exif Byte Order                 : Big-endian (Motorola, MM)
Orientation                     : Horizontal (normal)
X Resolution                    : 72
Y Resolution                    : 72
Resolution Unit                 : inches
Software                        : Adobe Photoshop 25.3 (Macintosh)
Modify Date                     : 2026:01:11 23:41:51
Y Cb Cr Positioning             : Centered
Exif Version                    : 0231
Create Date                     : 2026:01:11 23:09:10
Components Configuration        : Y, Cb, Cr, -
Flashpix Version                : 0100
Color Space                     : Uncalibrated
Exif Image Width                : 1186
Exif Image Height               : 757
Scene Capture Type              : Standard
XMP Toolkit                     : XMP Core 6.0.0
Format                          : image/jpeg
Original Document ID            : xmp.did:ffc1c403-20ea-4ad0-b301-853b8123db2a
Document ID                     : adobe:docid:photoshop:007e6401-07d7-be47-a1e4-f9d741c21000
Instance ID                     : xmp.iid:54466530-4b8a-4c88-b930-102d04d631a8
Creator Tool                    : Adobe Photoshop 25.3 (Macintosh)
Metadata Date                   : 2026:01:11 23:41:51-06:00
Color Mode                      : RGB
History Software Agent          : Adobe Photoshop 25.3 (Macintosh), Adobe Photoshop 25.3 (Macintosh)
History When                    : 2026:01:11 23:09:10-06:00, 2026:01:11 23:41:51-06:00
History Instance ID             : xmp.iid:ffc1c403-20ea-4ad0-b301-853b8123db2a, xmp.iid:54466530-4b8a-4c88-b930-102d04d631a8
History Action                  : created, saved
History Changed                 : /
Text Layer Name                 : 117-09
Text Layer Text                 : 117-09
Image Width                     : 184
Image Height                    : 288
Encoding Process                : Baseline DCT, Huffman coding
Bits Per Sample                 : 8
Color Components                : 3
Y Cb Cr Sub Sampling            : YCbCr4:2:0 (2 2)
Image Size                      : 184x288
Megapixels                      : 0.053
======== 09front.jpg
ExifTool Version Number         : 13.44
File Name                       : 09front.jpg
Directory                       : .
File Size                       : 54 kB
File Modification Date/Time     : 2026:01:12 04:34:21-06:00
File Access Date/Time           : 2026:01:12 05:01:43-06:00
File Inode Change Date/Time     : 2026:01:12 04:40:35-06:00
File Permissions                : -rw-r--r--
File Type                       : JPEG
File Type Extension             : jpg
MIME Type                       : image/jpeg
JFIF Version                    : 1.01
Exif Byte Order                 : Big-endian (Motorola, MM)
Orientation                     : Horizontal (normal)
X Resolution                    : 72
Y Resolution                    : 72
Resolution Unit                 : inches
Color Space                     : sRGB
Exif Image Width                : 191
Exif Image Height               : 288
XMP Toolkit                     : XMP Core 6.0.0
Image Width                     : 191
Image Height                    : 288
Encoding Process                : Baseline DCT, Huffman coding
Bits Per Sample                 : 8
Color Components                : 3
Y Cb Cr Sub Sampling            : YCbCr4:4:4 (1 1)
Image Size                      : 191x288
Megapixels                      : 0.055
======== 09spine.jpg
ExifTool Version Number         : 13.44
File Name                       : 09spine.jpg
Directory                       : .
File Size                       : 38 kB
File Modification Date/Time     : 2026:01:12 04:34:21-06:00
File Access Date/Time           : 2026:01:12 04:40:41-06:00
File Inode Change Date/Time     : 2026:01:12 04:40:35-06:00
File Permissions                : -rw-r--r--
File Type                       : JPEG
File Type Extension             : jpg
MIME Type                       : image/jpeg
JFIF Version                    : 1.01
Resolution Unit                 : cm
X Resolution                    : 116
Y Resolution                    : 116
Image Width                     : 66
Image Height                    : 593
Encoding Process                : Baseline DCT, Huffman coding
Bits Per Sample                 : 8
Color Components                : 3
Y Cb Cr Sub Sampling            : YCbCr4:4:4 (1 1)
Image Size                      : 66x593
Megapixels                      : 0.039
======== 10back.jpg
ExifTool Version Number         : 13.44
File Name                       : 10back.jpg
Directory                       : .
File Size                       : 25 kB
File Modification Date/Time     : 2026:01:12 04:31:20-06:00
File Access Date/Time           : 2026:01:12 04:40:36-06:00
File Inode Change Date/Time     : 2026:01:12 04:40:35-06:00
File Permissions                : -rw-r--r--
File Type                       : JPEG
File Type Extension             : jpg
MIME Type                       : image/jpeg
Exif Byte Order                 : Big-endian (Motorola, MM)
Orientation                     : Horizontal (normal)
X Resolution                    : 72
Y Resolution                    : 72
Resolution Unit                 : inches
Software                        : Adobe Photoshop 25.3 (Macintosh)
Modify Date                     : 2026:01:11 23:42:23
Y Cb Cr Positioning             : Centered
Exif Version                    : 0231
Create Date                     : 2026:01:11 23:09:10
Components Configuration        : Y, Cb, Cr, -
Flashpix Version                : 0100
Color Space                     : Uncalibrated
Exif Image Width                : 1186
Exif Image Height               : 757
Scene Capture Type              : Standard
XMP Toolkit                     : XMP Core 6.0.0
Format                          : image/jpeg
Original Document ID            : xmp.did:3c995ca3-bcc7-4a9f-8beb-88d68bbb7496
Document ID                     : adobe:docid:photoshop:e6c5ab5c-fa50-8e4c-9c7e-992492d4f23f
Instance ID                     : xmp.iid:3e8f33b1-c17e-4b33-93a7-465095599008
Creator Tool                    : Adobe Photoshop 25.3 (Macintosh)
Metadata Date                   : 2026:01:11 23:42:23-06:00
Color Mode                      : RGB
History Software Agent          : Adobe Photoshop 25.3 (Macintosh), Adobe Photoshop 25.3 (Macintosh)
History When                    : 2026:01:11 23:09:10-06:00, 2026:01:11 23:42:23-06:00
History Instance ID             : xmp.iid:3c995ca3-bcc7-4a9f-8beb-88d68bbb7496, xmp.iid:3e8f33b1-c17e-4b33-93a7-465095599008
History Action                  : created, saved
History Changed                 : /
Text Layer Name                 : 117-10
Text Layer Text                 : 117-10
Image Width                     : 184
Image Height                    : 288
Encoding Process                : Baseline DCT, Huffman coding
Bits Per Sample                 : 8
Color Components                : 3
Y Cb Cr Sub Sampling            : YCbCr4:2:0 (2 2)
Image Size                      : 184x288
Megapixels                      : 0.053
======== 10front.jpg
ExifTool Version Number         : 13.44
File Name                       : 10front.jpg
Directory                       : .
File Size                       : 48 kB
File Modification Date/Time     : 2026:01:12 04:34:21-06:00
File Access Date/Time           : 2026:01:12 04:40:36-06:00
File Inode Change Date/Time     : 2026:01:12 04:40:35-06:00
File Permissions                : -rw-r--r--
File Type                       : JPEG
File Type Extension             : jpg
MIME Type                       : image/jpeg
JFIF Version                    : 1.01
Exif Byte Order                 : Big-endian (Motorola, MM)
Orientation                     : Horizontal (normal)
X Resolution                    : 72
Y Resolution                    : 72
Resolution Unit                 : inches
Color Space                     : sRGB
Exif Image Width                : 191
Exif Image Height               : 288
XMP Toolkit                     : XMP Core 6.0.0
Image Width                     : 191
Image Height                    : 288
Encoding Process                : Baseline DCT, Huffman coding
Bits Per Sample                 : 8
Color Components                : 3
Y Cb Cr Sub Sampling            : YCbCr4:4:4 (1 1)
Image Size                      : 191x288
Megapixels                      : 0.055
======== 10spine.jpg
ExifTool Version Number         : 13.44
File Name                       : 10spine.jpg
Directory                       : .
File Size                       : 33 kB
File Modification Date/Time     : 2026:01:12 04:34:21-06:00
File Access Date/Time           : 2026:01:12 04:40:37-06:00
File Inode Change Date/Time     : 2026:01:12 04:40:35-06:00
File Permissions                : -rw-r--r--
File Type                       : JPEG
File Type Extension             : jpg
MIME Type                       : image/jpeg
JFIF Version                    : 1.01
Resolution Unit                 : cm
X Resolution                    : 116
Y Resolution                    : 116
Image Width                     : 66
Image Height                    : 593
Encoding Process                : Baseline DCT, Huffman coding
Bits Per Sample                 : 8
Color Components                : 3
Y Cb Cr Sub Sampling            : YCbCr4:4:4 (1 1)
Image Size                      : 66x593
Megapixels                      : 0.039
======== 11back.jpg
ExifTool Version Number         : 13.44
File Name                       : 11back.jpg
Directory                       : .
File Size                       : 26 kB
File Modification Date/Time     : 2026:01:12 04:31:20-06:00
File Access Date/Time           : 2026:01:12 04:40:37-06:00
File Inode Change Date/Time     : 2026:01:12 04:40:35-06:00
File Permissions                : -rw-r--r--
File Type                       : JPEG
File Type Extension             : jpg
MIME Type                       : image/jpeg
Exif Byte Order                 : Big-endian (Motorola, MM)
Orientation                     : Horizontal (normal)
X Resolution                    : 72
Y Resolution                    : 72
Resolution Unit                 : inches
Software                        : Adobe Photoshop 25.3 (Macintosh)
Modify Date                     : 2026:01:12 04:27:25
Y Cb Cr Positioning             : Centered
Exif Version                    : 0231
Create Date                     : 2026:01:11 23:44:11
Components Configuration        : Y, Cb, Cr, -
Flashpix Version                : 0100
Color Space                     : Uncalibrated
Exif Image Width                : 1186
Exif Image Height               : 757
Scene Capture Type              : Standard
XMP Toolkit                     : XMP Core 6.0.0
Format                          : image/jpeg
Original Document ID            : xmp.did:0eb44e8d-af89-4710-8733-82851e9d5849
Instance ID                     : xmp.iid:0eb44e8d-af89-4710-8733-82851e9d5849
Document ID                     : xmp.did:0eb44e8d-af89-4710-8733-82851e9d5849
Creator Tool                    : Adobe Photoshop 25.3 (Macintosh)
Metadata Date                   : 2026:01:12 04:27:25-06:00
Color Mode                      : RGB
History Software Agent          : Adobe Photoshop 25.3 (Macintosh)
History Changed                 : /
History When                    : 2026:01:12 04:27:25-06:00
History Instance ID             : xmp.iid:0eb44e8d-af89-4710-8733-82851e9d5849
History Action                  : saved
Image Width                     : 184
Image Height                    : 288
Encoding Process                : Baseline DCT, Huffman coding
Bits Per Sample                 : 8
Color Components                : 3
Y Cb Cr Sub Sampling            : YCbCr4:2:0 (2 2)
Image Size                      : 184x288
Megapixels                      : 0.053
======== 11front.jpg
ExifTool Version Number         : 13.44
File Name                       : 11front.jpg
Directory                       : .
File Size                       : 39 kB
File Modification Date/Time     : 2026:01:12 04:34:21-06:00
File Access Date/Time           : 2026:01:12 06:48:31-06:00
File Inode Change Date/Time     : 2026:01:12 04:40:35-06:00
File Permissions                : -rw-r--r--
File Type                       : JPEG
File Type Extension             : jpg
MIME Type                       : image/jpeg
JFIF Version                    : 1.01
Exif Byte Order                 : Big-endian (Motorola, MM)
Orientation                     : Horizontal (normal)
X Resolution                    : 72
Y Resolution                    : 72
Resolution Unit                 : inches
Color Space                     : sRGB
Exif Image Width                : 191
Exif Image Height               : 288
XMP Toolkit                     : XMP Core 6.0.0
Image Width                     : 191
Image Height                    : 288
Encoding Process                : Baseline DCT, Huffman coding
Bits Per Sample                 : 8
Color Components                : 3
Y Cb Cr Sub Sampling            : YCbCr4:4:4 (1 1)
Image Size                      : 191x288
Megapixels                      : 0.055
======== 11spine.jpg
ExifTool Version Number         : 13.44
File Name                       : 11spine.jpg
Directory                       : .
File Size                       : 34 kB
File Modification Date/Time     : 2026:01:12 04:34:21-06:00
File Access Date/Time           : 2026:01:12 06:48:31-06:00
File Inode Change Date/Time     : 2026:01:12 04:40:35-06:00
File Permissions                : -rw-r--r--
File Type                       : JPEG
File Type Extension             : jpg
MIME Type                       : image/jpeg
JFIF Version                    : 1.01
Resolution Unit                 : cm
X Resolution                    : 116
Y Resolution                    : 116
Image Width                     : 66
Image Height                    : 593
Encoding Process                : Baseline DCT, Huffman coding
Bits Per Sample                 : 8
Color Components                : 3
Y Cb Cr Sub Sampling            : YCbCr4:4:4 (1 1)
Image Size                      : 66x593
Megapixels                      : 0.039
======== 12back.jpg
ExifTool Version Number         : 13.44
File Name                       : 12back.jpg
Directory                       : .
File Size                       : 26 kB
File Modification Date/Time     : 2026:01:12 04:31:21-06:00
File Access Date/Time           : 2026:01:12 06:48:31-06:00
File Inode Change Date/Time     : 2026:01:12 04:40:35-06:00
File Permissions                : -rw-r--r--
File Type                       : JPEG
File Type Extension             : jpg
MIME Type                       : image/jpeg
Exif Byte Order                 : Big-endian (Motorola, MM)
Orientation                     : Horizontal (normal)
X Resolution                    : 72
Y Resolution                    : 72
Resolution Unit                 : inches
Software                        : Adobe Photoshop 25.3 (Macintosh)
Modify Date                     : 2026:01:11 23:43:37
Y Cb Cr Positioning             : Centered
Exif Version                    : 0231
Create Date                     : 2026:01:11 23:09:10
Components Configuration        : Y, Cb, Cr, -
Flashpix Version                : 0100
Color Space                     : Uncalibrated
Exif Image Width                : 1186
Exif Image Height               : 757
Scene Capture Type              : Standard
XMP Toolkit                     : XMP Core 6.0.0
Format                          : image/jpeg
Original Document ID            : xmp.did:0f960ea0-02da-45f8-a84e-76d4a839389f
Document ID                     : adobe:docid:photoshop:9b2eb430-e6dd-7246-af38-b6c66f7399c0
Instance ID                     : xmp.iid:24b6bbad-03a1-4d6f-90f4-4d1acabc7551
Creator Tool                    : Adobe Photoshop 25.3 (Macintosh)
Metadata Date                   : 2026:01:11 23:43:37-06:00
Color Mode                      : RGB
History Software Agent          : Adobe Photoshop 25.3 (Macintosh), Adobe Photoshop 25.3 (Macintosh)
History When                    : 2026:01:11 23:09:10-06:00, 2026:01:11 23:43:37-06:00
History Instance ID             : xmp.iid:0f960ea0-02da-45f8-a84e-76d4a839389f, xmp.iid:24b6bbad-03a1-4d6f-90f4-4d1acabc7551
History Action                  : created, saved
History Changed                 : /
Text Layer Name                 : 117-10 copy 3, 117-12
Text Layer Text                 : 117-10, 117-12
Image Width                     : 184
Image Height                    : 288
Encoding Process                : Baseline DCT, Huffman coding
Bits Per Sample                 : 8
Color Components                : 3
Y Cb Cr Sub Sampling            : YCbCr4:2:0 (2 2)
Image Size                      : 184x288
Megapixels                      : 0.053
======== 12front.jpg
ExifTool Version Number         : 13.44
File Name                       : 12front.jpg
Directory                       : .
File Size                       : 35 kB
File Modification Date/Time     : 2026:01:12 04:34:21-06:00
File Access Date/Time           : 2026:01:12 06:48:31-06:00
File Inode Change Date/Time     : 2026:01:12 04:40:35-06:00
File Permissions                : -rw-r--r--
File Type                       : JPEG
File Type Extension             : jpg
MIME Type                       : image/jpeg
JFIF Version                    : 1.01
Exif Byte Order                 : Big-endian (Motorola, MM)
Orientation                     : Horizontal (normal)
X Resolution                    : 72
Y Resolution                    : 72
Resolution Unit                 : inches
Color Space                     : sRGB
Exif Image Width                : 191
Exif Image Height               : 288
XMP Toolkit                     : XMP Core 6.0.0
Image Width                     : 191
Image Height                    : 288
Encoding Process                : Baseline DCT, Huffman coding
Bits Per Sample                 : 8
Color Components                : 3
Y Cb Cr Sub Sampling            : YCbCr4:4:4 (1 1)
Image Size                      : 191x288
Megapixels                      : 0.055
======== 12spine.jpg
ExifTool Version Number         : 13.44
File Name                       : 12spine.jpg
Directory                       : .
File Size                       : 26 kB
File Modification Date/Time     : 2026:01:12 04:34:21-06:00
File Access Date/Time           : 2026:01:12 04:40:37-06:00
File Inode Change Date/Time     : 2026:01:12 04:40:35-06:00
File Permissions                : -rw-r--r--
File Type                       : JPEG
File Type Extension             : jpg
MIME Type                       : image/jpeg
JFIF Version                    : 1.01
Resolution Unit                 : cm
X Resolution                    : 116
Y Resolution                    : 116
Image Width                     : 66
Image Height                    : 593
Encoding Process                : Baseline DCT, Huffman coding
Bits Per Sample                 : 8
Color Components                : 3
Y Cb Cr Sub Sampling            : YCbCr4:4:4 (1 1)
Image Size                      : 66x593
Megapixels                      : 0.039
======== 13front.jpg
ExifTool Version Number         : 13.44
File Name                       : 13front.jpg
Directory                       : .
File Size                       : 19 kB
File Modification Date/Time     : 2026:01:12 04:38:36-06:00
File Access Date/Time           : 2026:01:12 04:40:37-06:00
File Inode Change Date/Time     : 2026:01:12 04:40:35-06:00
File Permissions                : -rw-r--r--
File Type                       : JPEG
File Type Extension             : jpg
MIME Type                       : image/jpeg
Profile CMM Type                : Linotronic
Profile Version                 : 2.1.0
Profile Class                   : Display Device Profile
Color Space Data                : RGB
Profile Connection Space        : XYZ
Profile Date Time               : 1998:02:09 06:49:00
Profile File Signature          : acsp
Primary Platform                : Microsoft Corporation
CMM Flags                       : Not Embedded, Independent
Device Manufacturer             : Hewlett-Packard
Device Model                    : sRGB
Device Attributes               : Reflective, Glossy, Positive, Color
Rendering Intent                : Perceptual
Connection Space Illuminant     : 0.9642 1 0.82491
Profile Creator                 : Hewlett-Packard
Profile ID                      : 0
Profile Copyright               : Copyright (c) 1998 Hewlett-Packard Company
Profile Description             : sRGB IEC61966-2.1
Media White Point               : 0.95045 1 1.08905
Media Black Point               : 0 0 0
Red Matrix Column               : 0.43607 0.22249 0.01392
Green Matrix Column             : 0.38515 0.71687 0.09708
Blue Matrix Column              : 0.14307 0.06061 0.7141
Device Mfg Desc                 : IEC http://www.iec.ch
Device Model Desc               : IEC 61966-2.1 Default RGB colour space - sRGB
Viewing Cond Desc               : Reference Viewing Condition in IEC61966-2.1
Viewing Cond Illuminant         : 19.6445 20.3718 16.8089
Viewing Cond Surround           : 3.92889 4.07439 3.36179
Viewing Cond Illuminant Type    : D50
Luminance                       : 76.03647 80 87.12462
Measurement Observer            : CIE 1931
Measurement Backing             : 0 0 0
Measurement Geometry            : Unknown
Measurement Flare               : 0.999%
Measurement Illuminant          : D65
Technology                      : Cathode Ray Tube Display
Red Tone Reproduction Curve     : (Binary data 2060 bytes, use -b option to extract)
Green Tone Reproduction Curve   : (Binary data 2060 bytes, use -b option to extract)
Blue Tone Reproduction Curve    : (Binary data 2060 bytes, use -b option to extract)
DCT Encode Version              : 100
APP14 Flags 0                   : [14]
APP14 Flags 1                   : (none)
Color Transform                 : YCbCr
Image Width                     : 184
Image Height                    : 288
Encoding Process                : Progressive DCT, Huffman coding
Bits Per Sample                 : 8
Color Components                : 3
Y Cb Cr Sub Sampling            : YCbCr4:4:4 (1 1)
Image Size                      : 184x288
Megapixels                      : 0.053
======== 13spine.jpg
ExifTool Version Number         : 13.44
File Name                       : 13spine.jpg
Directory                       : .
File Size                       : 28 kB
File Modification Date/Time     : 2026:01:12 04:34:21-06:00
File Access Date/Time           : 2026:01:12 04:40:37-06:00
File Inode Change Date/Time     : 2026:01:12 04:40:35-06:00
File Permissions                : -rw-r--r--
File Type                       : JPEG
File Type Extension             : jpg
MIME Type                       : image/jpeg
JFIF Version                    : 1.01
Resolution Unit                 : cm
X Resolution                    : 116
Y Resolution                    : 116
Image Width                     : 66
Image Height                    : 593
Encoding Process                : Baseline DCT, Huffman coding
Bits Per Sample                 : 8
Color Components                : 3
Y Cb Cr Sub Sampling            : YCbCr4:4:4 (1 1)
Image Size                      : 66x593
Megapixels                      : 0.039
   38 image files read
