aud/prev:                      directory
font/GGX88Bk-Italic.woff:      Web Open Font Format, TrueType, length 52136, version 2.0
font/GGX88Bk-Italic.woff2:     Web Open Font Format (Version 2), TrueType, length 35924, version 1.0
font/GGX88Bk-Regular.woff:     Web Open Font Format, TrueType, length 50156, version 2.0
font/GGX88Bk-Regular.woff2:    Web Open Font Format (Version 2), TrueType, length 34728, version 1.0
font/GGX88El-Italic.woff:      Web Open Font Format, TrueType, length 51172, version 2.0
font/GGX88El-Italic.woff2:     Web Open Font Format (Version 2), TrueType, length 35152, version 1.0
font/GGX88El-Regular.woff:     Web Open Font Format, TrueType, length 49456, version 2.0
font/GGX88El-Regular.woff2:    Web Open Font Format (Version 2), TrueType, length 34244, version 1.0
font/GGX88Hv-Italic.woff:      Web Open Font Format, TrueType, length 53396, version 2.0
font/GGX88Hv-Italic.woff2:     Web Open Font Format (Version 2), TrueType, length 36344, version 1.0
font/GGX88Hv-Regular.woff:     Web Open Font Format, TrueType, length 51180, version 2.0
font/GGX88Hv-Regular.woff2:    Web Open Font Format (Version 2), TrueType, length 35100, version 1.0
font/GGX88Lt-Italic.woff:      Web Open Font Format, TrueType, length 50780, version 2.0
font/GGX88Lt-Italic.woff2:     Web Open Font Format (Version 2), TrueType, length 34828, version 1.0
font/GGX88Lt-Regular.woff:     Web Open Font Format, TrueType, length 49416, version 2.0
font/GGX88Lt-Regular.woff2:    Web Open Font Format (Version 2), TrueType, length 34276, version 1.0
font/GGX88Rg-Bold.woff:        Web Open Font Format, TrueType, length 50900, version 2.0
font/GGX88Rg-Bold.woff2:       Web Open Font Format (Version 2), TrueType, length 35188, version 1.0
font/GGX88Rg-BoldItalic.woff:  Web Open Font Format, TrueType, length 53008, version 2.0
font/GGX88Rg-BoldItalic.woff2: Web Open Font Format (Version 2), TrueType, length 36368, version 1.0
font/GGX88Rg-Italic.woff:      Web Open Font Format, TrueType, length 52636, version 2.0
font/GGX88Rg-Italic.woff2:     Web Open Font Format (Version 2), TrueType, length 36020, version 1.0
font/GGX88Rg-Regular.woff:     Web Open Font Format, TrueType, length 50456, version 2.0
font/GGX88Rg-Regular.woff2:    Web Open Font Format (Version 2), TrueType, length 34752, version 1.0
font/GGX88Ul-Italic.woff:      Web Open Font Format, TrueType, length 52072, version 2.0
font/GGX88Ul-Italic.woff2:     Web Open Font Format (Version 2), TrueType, length 35948, version 1.0
font/GGX88Ul-Regular.woff:     Web Open Font Format, TrueType, length 49296, version 2.0
font/GGX88Ul-Regular.woff2:    Web Open Font Format (Version 2), TrueType, length 34084, version 1.0
img/117banner.png:             PNG image data, 1593 x 788, 16-bit/color RGBA, non-interlaced
img/117bg.jpg:                 JPEG image data, JFIF standard 1.01, resolution (DPI), density 72x72, segment length 16, baseline, precision 8, 791x1024, components 3
img/cds:                       directory
img/cs:                        directory
img/escbanner.png:             PNG image data, 5227 x 474, 8-bit/color RGBA, non-interlaced
mov/01.mp4:                    ISO Media, MP4 Base Media v1 [ISO 14496-12:2003]
mov/02.mp4:                    ISO Media, MP4 Base Media v1 [ISO 14496-12:2003]
mov/03.mp4:                    ISO Media, MP4 Base Media v1 [ISO 14496-12:2003]
mov/04.mp4:                    ISO Media, MP4 Base Media v1 [ISO 14496-12:2003]
mov/05.mp4:                    ISO Media, MP4 Base Media v1 [ISO 14496-12:2003]
mov/06.mp4:                    ISO Media, MP4 Base Media v1 [ISO 14496-12:2003]
mov/07.mp4:                    ISO Media, MP4 Base Media v1 [ISO 14496-12:2003]
mov/08.mp4:                    ISO Media, MP4 Base Media v1 [ISO 14496-12:2003]
mov/09.mp4:                    ISO Media, MP4 Base Media v1 [ISO 14496-12:2003]
mov/10.mp4:                    ISO Media, MP4 Base Media v1 [ISO 14496-12:2003]
mov/11.mp4:                    ISO Media, MP4 Base Media v1 [ISO 14496-12:2003]
mov/12.mp4:                    ISO Media, MP4 Base Media v1 [ISO 14496-12:2003]
mov/13.mp4:                    ISO Media, MP4 Base Media v1 [ISO 14496-12:2003]
mov/14.mp4:                    ISO Media, MP4 Base Media v1 [ISO 14496-12:2003]
mov/15.mp4:                    ISO Media, MP4 Base Media v1 [ISO 14496-12:2003]
mov/16.mp4:                    ISO Media, MP4 Base Media v1 [ISO 14496-12:2003]
mov/17.mp4:                    ISO Media, MP4 Base Media v1 [ISO 14496-12:2003]
mov/18.mp4:                    ISO Media, MP4 Base Media v1 [ISO 14496-12:2003]
mov/19.mp4:                    ISO Media, MP4 Base Media v1 [ISO 14496-12:2003]
mov/20.mp4:                    ISO Media, MP4 Base Media v1 [ISO 14496-12:2003]
mov/21.mp4:                    ISO Media, MP4 Base Media v1 [ISO 14496-12:2003]
mov/cdbg_bg.mp4:               ISO Media, MP4 Base Media v1 [ISO 14496-12:2003]
